Loading plugins phase: Elapsed time ==> 0s.250ms
Initializing data phase: Elapsed time ==> 0s.000ms
<CYPRESSTAG name="CyDsfit arguments...">
cydsfit arguments: -.fdsnotice -.fdswarpdepfile=warp_dependencies.txt -.fdselabdepfile=elab_dependencies.txt -.fdsbldfile=generated_files.txt -p C:\WORKS\WS\WS_PSoC\s-5\CY8CKIT-049-42XX_UART_Example\CY8CKIT-049-42XX_UART_Example.cydsn\CY8CKIT-049-42XX_UART_Example.cyprj -d CY8C4245AXI-483 -s C:\WORKS\WS\WS_PSoC\s-5\CY8CKIT-049-42XX_UART_Example\CY8CKIT-049-42XX_UART_Example.cydsn\Generated_Source\PSoC4 -- -yv2 -q10 -ygs -o2 -v3 -.fftcfgtype=LE</CYPRESSTAG>
<CYPRESSTAG name="Design elaboration results...">
ADD: sdb.M0060: warning: Warning in component: cy_boot. CY_BOOT: Versions of the cy_boot component prior to v4.20 may exhibit a defect where PSoC 4100/PSoC 4200 devices cannot wake from the Deep-Sleep state. It is recommended that you upgrade your cy_boot component version to v4.20.

ADD: pft.M0111: information: One or more rows of flash have been configured to be protected; however, debugging has been enabled in the System DWR Editor. This means that while write restrictions are honored flash rows can still be read via SWD or JTAG. To prevent any ability to read the flash rows, disable debugging in the System DWR Editor.
 * C:\WORKS\WS\WS_PSoC\s-5\CY8CKIT-049-42XX_UART_Example\CY8CKIT-049-42XX_UART_Example.cydsn\CY8CKIT-049-42XX_UART_Example.cydwr (Chip Protection)

</CYPRESSTAG>
Elaboration phase: Elapsed time ==> 2s.596ms
<CYPRESSTAG name="HDL generation results...">
</CYPRESSTAG>
HDL generation phase: Elapsed time ==> 0s.062ms
<CYPRESSTAG name="Synthesis results...">

     | | | | | | |
   _________________
  -|               |-
  -|               |-
  -|               |-
  -|    CYPRESS    |-
  -|               |-
  -|               |-   Warp Verilog Synthesis Compiler: Version 6.3 IR 41
  -|               |-   Copyright (C) 1991-2001 Cypress Semiconductor
   |_______________|
     | | | | | | |

======================================================================
Compiling:  CY8CKIT-049-42XX_UART_Example.v
Program  :   C:\WORKS\Programs\PSoC_Creator\PSoC Creator\3.2\PSoC_Creator\warp\bin/warp.exe
Options  :    -yv2 -q10 -ygs -o2 -v3 -.fftcfgtype=LE -ya -.fftprj=C:\WORKS\WS\WS_PSoC\s-5\CY8CKIT-049-42XX_UART_Example\CY8CKIT-049-42XX_UART_Example.cydsn\CY8CKIT-049-42XX_UART_Example.cyprj -dcpsoc3 CY8CKIT-049-42XX_UART_Example.v -verilog
======================================================================

======================================================================
Compiling:  CY8CKIT-049-42XX_UART_Example.v
Program  :   C:\WORKS\Programs\PSoC_Creator\PSoC Creator\3.2\PSoC_Creator\warp\bin/warp.exe
Options  :    -yv2 -q10 -ygs -o2 -v3 -.fftcfgtype=LE -ya -.fftprj=C:\WORKS\WS\WS_PSoC\s-5\CY8CKIT-049-42XX_UART_Example\CY8CKIT-049-42XX_UART_Example.cydsn\CY8CKIT-049-42XX_UART_Example.cyprj -dcpsoc3 CY8CKIT-049-42XX_UART_Example.v -verilog
======================================================================

======================================================================
Compiling:  CY8CKIT-049-42XX_UART_Example.v
Program  :   vlogfe
Options  :    -yv2 -q10 -ygs -o2 -v3 -.fftcfgtype=LE -ya -.fftprj=C:\WORKS\WS\WS_PSoC\s-5\CY8CKIT-049-42XX_UART_Example\CY8CKIT-049-42XX_UART_Example.cydsn\CY8CKIT-049-42XX_UART_Example.cyprj -dcpsoc3 -verilog CY8CKIT-049-42XX_UART_Example.v
======================================================================

vlogfe V6.3 IR 41:  Verilog parser
Sun Jul 12 06:29:40 2015


======================================================================
Compiling:  CY8CKIT-049-42XX_UART_Example.v
Program  :   vpp
Options  :    -yv2 -q10 CY8CKIT-049-42XX_UART_Example.v
======================================================================

vpp V6.3 IR 41:  Verilog Pre-Processor
Sun Jul 12 06:29:40 2015

Flattening file 'C:\WORKS\Programs\PSoC_Creator\PSoC Creator\3.2\PSoC_Creator\warp\..\psoc\content\cyprimitives\CyPrimitives.cylib\ZeroTerminal\ZeroTerminal.v'
Flattening file 'C:\WORKS\Programs\PSoC_Creator\PSoC Creator\3.2\PSoC_Creator\warp\..\psoc\content\cyprimitives\CyPrimitives.cylib\cy_virtualmux_v1_0\cy_virtualmux_v1_0.v'
Flattening file 'C:\WORKS\Programs\PSoC_Creator\PSoC Creator\3.2\PSoC_Creator\warp\..\psoc\content\cyprimitives\CyPrimitives.cylib\or_v1_0\or_v1_0.v'

vpp:  No errors.

Library 'work' => directory 'lcpsoc3'
General_symbol_table
General_symbol_table
Linking 'C:\WORKS\Programs\PSoC_Creator\PSoC Creator\3.2\PSoC_Creator\warp\lib\common\std.vhd'.
Linking 'C:\WORKS\Programs\PSoC_Creator\PSoC Creator\3.2\PSoC_Creator\warp\lib\common\cypress.vhd'.
Linking 'C:\WORKS\Programs\PSoC_Creator\PSoC Creator\3.2\PSoC_Creator\warp\lib\common\work\cypress.vif'.
Linking 'C:\WORKS\Programs\PSoC_Creator\PSoC Creator\3.2\PSoC_Creator\warp\lib\ieee\work\stdlogic.vif'.
Linking 'C:\WORKS\Programs\PSoC_Creator\PSoC Creator\3.2\PSoC_Creator\warp\lib\common\stdlogic\lpmpkg.vif'.
Linking 'C:\WORKS\Programs\PSoC_Creator\PSoC Creator\3.2\PSoC_Creator\warp\lib\common\stdlogic\rtlpkg.vif'.
Linking 'C:\WORKS\Programs\PSoC_Creator\PSoC Creator\3.2\PSoC_Creator\warp\lib\common\stdlogic\mod_cnst.vif'.
Linking 'C:\WORKS\Programs\PSoC_Creator\PSoC Creator\3.2\PSoC_Creator\warp\lib\common\stdlogic\mod_mthv.vif'.
Linking 'C:\WORKS\Programs\PSoC_Creator\PSoC Creator\3.2\PSoC_Creator\warp\lib\common\stdlogic\mod_genv.vif'.
Using control file 'CY8CKIT-049-42XX_UART_Example.ctl'.

vlogfe:  No errors.


======================================================================
Compiling:  CY8CKIT-049-42XX_UART_Example.v
Program  :   tovif
Options  :    -yv2 -q10 -ygs -o2 -v3 -.fftcfgtype=LE -ya -.fftprj=C:\WORKS\WS\WS_PSoC\s-5\CY8CKIT-049-42XX_UART_Example\CY8CKIT-049-42XX_UART_Example.cydsn\CY8CKIT-049-42XX_UART_Example.cyprj -dcpsoc3 -verilog CY8CKIT-049-42XX_UART_Example.v
======================================================================

tovif V6.3 IR 41:  High-level synthesis
Sun Jul 12 06:29:40 2015

Linking 'C:\WORKS\Programs\PSoC_Creator\PSoC Creator\3.2\PSoC_Creator\warp\lib\common\std.vhd'.
Linking 'C:\WORKS\Programs\PSoC_Creator\PSoC Creator\3.2\PSoC_Creator\warp\lib\common\cypress.vhd'.
Linking 'C:\WORKS\Programs\PSoC_Creator\PSoC Creator\3.2\PSoC_Creator\warp\lib\common\work\cypress.vif'.
Linking 'C:\WORKS\Programs\PSoC_Creator\PSoC Creator\3.2\PSoC_Creator\warp\lib\ieee\work\stdlogic.vif'.
Linking 'C:\WORKS\Programs\PSoC_Creator\PSoC Creator\3.2\PSoC_Creator\warp\lib\common\stdlogic\lpmpkg.vif'.
Linking 'C:\WORKS\Programs\PSoC_Creator\PSoC Creator\3.2\PSoC_Creator\warp\lib\common\stdlogic\rtlpkg.vif'.
Linking 'C:\WORKS\Programs\PSoC_Creator\PSoC Creator\3.2\PSoC_Creator\warp\lib\common\stdlogic\mod_cnst.vif'.
Linking 'C:\WORKS\Programs\PSoC_Creator\PSoC Creator\3.2\PSoC_Creator\warp\lib\common\stdlogic\mod_mthv.vif'.
Linking 'C:\WORKS\Programs\PSoC_Creator\PSoC Creator\3.2\PSoC_Creator\warp\lib\common\stdlogic\mod_genv.vif'.
Linking 'C:\WORKS\WS\WS_PSoC\s-5\CY8CKIT-049-42XX_UART_Example\CY8CKIT-049-42XX_UART_Example.cydsn\codegentemp\CY8CKIT-049-42XX_UART_Example.ctl'.
Linking 'C:\WORKS\Programs\PSoC_Creator\PSoC Creator\3.2\PSoC_Creator\psoc\content\cyprimitives\CyPrimitives.cylib\ZeroTerminal\ZeroTerminal.v'.
Linking 'C:\WORKS\WS\WS_PSoC\s-5\CY8CKIT-049-42XX_UART_Example\CY8CKIT-049-42XX_UART_Example.cydsn\codegentemp\CY8CKIT-049-42XX_UART_Example.v'.
Linking 'C:\WORKS\Programs\PSoC_Creator\PSoC Creator\3.2\PSoC_Creator\psoc\content\cyprimitives\CyPrimitives.cylib\cy_virtualmux_v1_0\cy_virtualmux_v1_0.v'.
Linking 'C:\WORKS\Programs\PSoC_Creator\PSoC Creator\3.2\PSoC_Creator\psoc\content\cyprimitives\CyPrimitives.cylib\or_v1_0\or_v1_0.v'.

tovif:  No errors.


======================================================================
Compiling:  CY8CKIT-049-42XX_UART_Example.v
Program  :   topld
Options  :    -yv2 -q10 -ygs -o2 -v3 -.fftcfgtype=LE -ya -.fftprj=C:\WORKS\WS\WS_PSoC\s-5\CY8CKIT-049-42XX_UART_Example\CY8CKIT-049-42XX_UART_Example.cydsn\CY8CKIT-049-42XX_UART_Example.cyprj -dcpsoc3 -verilog CY8CKIT-049-42XX_UART_Example.v
======================================================================

topld V6.3 IR 41:  Synthesis and optimization
Sun Jul 12 06:29:41 2015

Linking 'C:\WORKS\Programs\PSoC_Creator\PSoC Creator\3.2\PSoC_Creator\warp\lib\common\std.vhd'.
Linking 'C:\WORKS\Programs\PSoC_Creator\PSoC Creator\3.2\PSoC_Creator\warp\lib\common\cypress.vhd'.
Linking 'C:\WORKS\Programs\PSoC_Creator\PSoC Creator\3.2\PSoC_Creator\warp\lib\common\work\cypress.vif'.
Linking 'C:\WORKS\Programs\PSoC_Creator\PSoC Creator\3.2\PSoC_Creator\warp\lib\ieee\work\stdlogic.vif'.
Linking 'C:\WORKS\Programs\PSoC_Creator\PSoC Creator\3.2\PSoC_Creator\warp\lib\common\stdlogic\lpmpkg.vif'.
Linking 'C:\WORKS\Programs\PSoC_Creator\PSoC Creator\3.2\PSoC_Creator\warp\lib\common\stdlogic\rtlpkg.vif'.
Linking 'C:\WORKS\Programs\PSoC_Creator\PSoC Creator\3.2\PSoC_Creator\warp\lib\common\stdlogic\mod_cnst.vif'.
Linking 'C:\WORKS\Programs\PSoC_Creator\PSoC Creator\3.2\PSoC_Creator\warp\lib\common\stdlogic\mod_mthv.vif'.
Linking 'C:\WORKS\Programs\PSoC_Creator\PSoC Creator\3.2\PSoC_Creator\warp\lib\common\stdlogic\mod_genv.vif'.
Linking 'C:\WORKS\WS\WS_PSoC\s-5\CY8CKIT-049-42XX_UART_Example\CY8CKIT-049-42XX_UART_Example.cydsn\codegentemp\CY8CKIT-049-42XX_UART_Example.ctl'.
Linking 'C:\WORKS\Programs\PSoC_Creator\PSoC Creator\3.2\PSoC_Creator\psoc\content\cyprimitives\CyPrimitives.cylib\ZeroTerminal\ZeroTerminal.v'.
Linking 'C:\WORKS\WS\WS_PSoC\s-5\CY8CKIT-049-42XX_UART_Example\CY8CKIT-049-42XX_UART_Example.cydsn\codegentemp\CY8CKIT-049-42XX_UART_Example.v'.
Linking 'C:\WORKS\Programs\PSoC_Creator\PSoC Creator\3.2\PSoC_Creator\psoc\content\cyprimitives\CyPrimitives.cylib\cy_virtualmux_v1_0\cy_virtualmux_v1_0.v'.
Linking 'C:\WORKS\Programs\PSoC_Creator\PSoC Creator\3.2\PSoC_Creator\psoc\content\cyprimitives\CyPrimitives.cylib\or_v1_0\or_v1_0.v'.
Linking 'C:\WORKS\Programs\PSoC_Creator\PSoC Creator\3.2\PSoC_Creator\warp\lib\lcpsoc3\stdlogic\cpsoc3.vif'.

----------------------------------------------------------
Detecting unused logic.
----------------------------------------------------------
    User names
	\UART:Net_452\
	\UART:Net_682\
	\UART:Net_427\
	Net_4


Deleted 4 User equations/components.
Deleted 0 Synthesized equations/components.

------------------------------------------------------
Alias Detection
------------------------------------------------------
Aliasing \UART:Net_676\ to \UART:Net_459\
Aliasing \UART:Net_245\ to \UART:Net_459\
Aliasing \UART:Net_416\ to \UART:Net_459\
Aliasing zero to \UART:Net_459\
Aliasing one to \UART:tmpOE__tx_net_0\
Aliasing \UART:tmpOE__rx_net_0\ to \UART:tmpOE__tx_net_0\
Aliasing tmpOE__SW1_net_0 to \UART:tmpOE__tx_net_0\
Removing Lhs of wire \UART:Net_652\[3] = \UART:Net_459\[2]
Removing Lhs of wire \UART:Net_676\[5] = \UART:Net_459\[2]
Removing Lhs of wire \UART:Net_245\[6] = \UART:Net_459\[2]
Removing Lhs of wire \UART:Net_416\[7] = \UART:Net_459\[2]
Removing Rhs of wire \UART:Net_654\[8] = \UART:Net_379\[9]
Removing Lhs of wire \UART:Net_655\[12] = \UART:Net_284\[1]
Removing Lhs of wire \UART:Net_653\[13] = \UART:Net_459\[2]
Removing Lhs of wire \UART:Net_651\[14] = \UART:Net_459\[2]
Removing Lhs of wire \UART:Net_663\[15] = \UART:Net_459\[2]
Removing Rhs of wire zero[22] = \UART:Net_459\[2]
Removing Rhs of wire one[23] = \UART:tmpOE__tx_net_0\[17]
Removing Lhs of wire \UART:tmpOE__rx_net_0\[28] = one[23]
Removing Lhs of wire tmpOE__SW1_net_0[44] = one[23]

------------------------------------------------------
Aliased 0 equations, 13 wires.
------------------------------------------------------

----------------------------------------------------------
Circuit simplification
----------------------------------------------------------

Substituting virtuals - pass 1:


----------------------------------------------------------
Circuit simplification results:

	Expanded 0 signals.
	Turned 0 signals into soft nodes.
	Maximum default expansion cost was set at 3.
----------------------------------------------------------

topld:  No errors.

CYPRESS_DIR    : C:\WORKS\Programs\PSoC_Creator\PSoC Creator\3.2\PSoC_Creator\warp
Warp Program   : C:\WORKS\Programs\PSoC_Creator\PSoC Creator\3.2\PSoC_Creator\warp\bin/warp.exe
Warp Arguments : -yv2 -q10 -ygs -o2 -v3 -.fftcfgtype=LE -ya -.fftprj=C:\WORKS\WS\WS_PSoC\s-5\CY8CKIT-049-42XX_UART_Example\CY8CKIT-049-42XX_UART_Example.cydsn\CY8CKIT-049-42XX_UART_Example.cyprj -dcpsoc3 CY8CKIT-049-42XX_UART_Example.v -verilog
</CYPRESSTAG>
Warp synthesis phase: Elapsed time ==> 0s.444ms
<CYPRESSTAG name="Fitter results...">
<CYPRESSTAG name="Fitter startup details...">
cyp3fit: V3.2.0.724, Family: PSoC3, Started at: Sunday, 12 July 2015 06:29:41
Options: -yv2 -q10 -ygs -o2 -v3 -.fftcfgtype=LE -ya -.fftprj=C:\WORKS\WS\WS_PSoC\s-5\CY8CKIT-049-42XX_UART_Example\CY8CKIT-049-42XX_UART_Example.cydsn\CY8CKIT-049-42XX_UART_Example.cyprj -d CY8C4245AXI-483 CY8CKIT-049-42XX_UART_Example.v -verilog
</CYPRESSTAG>
<CYPRESSTAG name="Design parsing">
Design parsing phase: Elapsed time ==> 0s.031ms
</CYPRESSTAG>
<CYPRESSTAG name="Tech mapping">
<CYPRESSTAG name="Initial Mapping" icon="FILE_RPT_TECHM">
<CYPRESSTAG name="Global Clock Selection" icon="FILE_RPT_TECHM">
    Fixed Function Clock 2: Automatic-assigning  clock 'UART_SCBCLK'. Signal=\UART:Net_284_ff2\
<CYPRESSTAG name="UDB Clock/Enable Remapping Results">
</CYPRESSTAG>
</CYPRESSTAG>
ADD: pft.M0040: information: The following 2 pin(s) will be assigned a location by the fitter: \UART:rx(0)\, \UART:tx(0)\


Removing unused cells resulting from optimization
Done removing unused cells.
<CYPRESSTAG name="Duplicate Macrocell detection">
</CYPRESSTAG>
</CYPRESSTAG>
<CYPRESSTAG name="Duplicate Macrocell detection">
</CYPRESSTAG>
<CYPRESSTAG name="Design Equations" icon="FILE_RPT_EQUATION">

------------------------------------------------------------
Design Equations
------------------------------------------------------------
    <CYPRESSTAG name="Pin listing">

    ------------------------------------------------------------
    Pin listing
    ------------------------------------------------------------

    Pin : Name = SW1(0)
        Attributes:
            In Group/Port: True
            In Sync Option: SYNC
            Out Sync Option: AUTO
            Interrupt generated: False
            Interrupt mode: NONE
            Drive mode: RES_PULL_UP
            VTrip: CMOS
            Slew: FAST
            Input Sync needed: True
            Output Sync needed: False
            SC shield enabled: False
            POR State: ANY
            LCD Mode: COMMON
            Register Mode: RegComb
            CaSense Mode: NEITHER
            Treat as pin: True
            Is OE Registered: False
            Uses Analog: False
            Can contain Digital: True
            Is SIO: False
            SIO Output Buf: NONREGULATED
            SIO Input Buf: SINGLE_ENDED
            SIO HiFreq: LOW
            SIO Hyst: DISABLED
            SIO Vtrip: MULTIPLIER_0_5
            SIO RefSel: VCC_IO
            Required Capabilitites: DIGITAL, ROUTABLE
            Initial Value: 1
            IO Voltage: 0
        PORT MAP (
            pa_out => SW1(0)__PA ,
            pad => SW1(0)_PAD );
        Properties:
        {
        }

    Pin : Name = \UART:rx(0)\
        Attributes:
            In Group/Port: True
            In Sync Option: NOSYNC
            Out Sync Option: AUTO
            Interrupt generated: False
            Interrupt mode: NONE
            Drive mode: HI_Z_DIGITAL
            VTrip: CMOS
            Slew: FAST
            Input Sync needed: False
            Output Sync needed: False
            SC shield enabled: False
            POR State: ANY
            LCD Mode: COMMON
            Register Mode: RegComb
            CaSense Mode: NEITHER
            Treat as pin: True
            Is OE Registered: False
            Uses Analog: False
            Can contain Digital: True
            Is SIO: False
            SIO Output Buf: NONREGULATED
            SIO Input Buf: SINGLE_ENDED
            SIO HiFreq: LOW
            SIO Hyst: DISABLED
            SIO Vtrip: MULTIPLIER_0_5
            SIO RefSel: VCC_IO
            Required Capabilitites: DIGITAL
            Initial Value: 0
            IO Voltage: 0
        PORT MAP (
            pa_out => \UART:rx(0)\__PA ,
            fb => \UART:Net_654\ ,
            pad => \UART:rx(0)_PAD\ );

    Pin : Name = \UART:tx(0)\
        Attributes:
            In Group/Port: True
            In Sync Option: NOSYNC
            Out Sync Option: NOSYNC
            Interrupt generated: False
            Interrupt mode: NONE
            Drive mode: CMOS_OUT
            VTrip: CMOS
            Slew: FAST
            Input Sync needed: False
            Output Sync needed: False
            SC shield enabled: False
            POR State: ANY
            LCD Mode: COMMON
            Register Mode: RegComb
            CaSense Mode: NEITHER
            Treat as pin: True
            Is OE Registered: False
            Uses Analog: False
            Can contain Digital: True
            Is SIO: False
            SIO Output Buf: NONREGULATED
            SIO Input Buf: SINGLE_ENDED
            SIO HiFreq: LOW
            SIO Hyst: DISABLED
            SIO Vtrip: MULTIPLIER_0_5
            SIO RefSel: VCC_IO
            Required Capabilitites: DIGITAL
            Initial Value: 1
            IO Voltage: 0
        PORT MAP (
            pa_out => \UART:tx(0)\__PA ,
            input => \UART:Net_656\ ,
            pad => \UART:tx(0)_PAD\ );
    </CYPRESSTAG>
    <CYPRESSTAG name="Macrocell listing" icon="FILE_RPT_EQUATION">
    </CYPRESSTAG>
    <CYPRESSTAG name="Datapath listing">
    </CYPRESSTAG>
    <CYPRESSTAG name="Status register listing">
    </CYPRESSTAG>
    <CYPRESSTAG name="StatusI register listing">
    </CYPRESSTAG>
    <CYPRESSTAG name="Sync listing">
    </CYPRESSTAG>
    <CYPRESSTAG name="Control register listing">
    </CYPRESSTAG>
    <CYPRESSTAG name="Count7 listing">
    </CYPRESSTAG>
    <CYPRESSTAG name="DRQ listing">
    </CYPRESSTAG>
    <CYPRESSTAG name="Interrupt listing">
    </CYPRESSTAG>
</CYPRESSTAG>
<CYPRESSTAG name="Technology mapping summary" expanded>

------------------------------------------------------------
Technology mapping summary
------------------------------------------------------------

Resource Type                 : Used : Free :  Max :  % Used
============================================================
Digital clock dividers        :    0 :    4 :    4 :   0.00%
Pins                          :    5 :   31 :   36 :  13.89%
UDB Macrocells                :    0 :   32 :   32 :   0.00%
UDB Unique Pterms             :    0 :   64 :   64 :   0.00%
UDB Datapath Cells            :    0 :    4 :    4 :   0.00%
UDB Status Cells              :    0 :    4 :    4 :   0.00%
UDB Control Cells             :    0 :    4 :    4 :   0.00%
Interrupts                    :    0 :   32 :   32 :   0.00%
Comparator/Opamp Fixed Blocks :    0 :    2 :    2 :   0.00%
SAR Fixed Blocks              :    0 :    1 :    1 :   0.00%
CSD Fixed Blocks              :    0 :    1 :    1 :   0.00%
CapSense Blocks               :    0 :    1 :    1 :   0.00%
8-bit CapSense IDACs          :    0 :    1 :    1 :   0.00%
7-bit CapSense IDACs          :    0 :    1 :    1 :   0.00%
Temperature Sensors           :    0 :    1 :    1 :   0.00%
Low Power Comparators         :    0 :    2 :    2 :   0.00%
TCPWM Blocks                  :    0 :    4 :    4 :   0.00%
Serial Communication Blocks   :    1 :    1 :    2 :  50.00%
Segment LCD Blocks            :    0 :    1 :    1 :   0.00%
</CYPRESSTAG>
Technology Mapping: Elapsed time ==> 0s.497ms
Tech mapping phase: Elapsed time ==> 0s.545ms
</CYPRESSTAG>
<CYPRESSTAG name="Analog Placement">
<CYPRESSTAG name="Analog Placement">
Elapsed time ==> 0.0189845s
</CYPRESSTAG>
Analog Placement phase: Elapsed time ==> 0s.046ms
</CYPRESSTAG>
<CYPRESSTAG name="Analog Routing">
<CYPRESSTAG name="Analog Routing">
Route success=True, Iterations=1 Elapsed=0.0020129 secs
</CYPRESSTAG>
Analog Routing phase: Elapsed time ==> 0s.000ms
</CYPRESSTAG>
<CYPRESSTAG name="Analog Code Generation">
============ Analog Final Answer Routes ============
Dump of CyAnalogRoutingResultsDB
Map of net to items {
}
Map of item to net {
}
Mux Info {
}
Analog Code Generation phase: Elapsed time ==> 0s.140ms
</CYPRESSTAG>
<CYPRESSTAG name="Digital Placement">
<CYPRESSTAG name="Detailed placement messages">
I2659: No Constrained paths were found. The placer will run in non-timing driven mode.
I2076: Total run-time: 0.2 sec.

</CYPRESSTAG>
<CYPRESSTAG name="PLD Packing">
<CYPRESSTAG name="PLD Packing Summary">
No PLDs were packed.
</CYPRESSTAG>
PLD Packing: Elapsed time ==> 0s.000ms
</CYPRESSTAG>
<CYPRESSTAG name="Partitioning">
<CYPRESSTAG name="Initial Partitioning Summary">
Initial Partitioning Summary not displayed at this verbose level.</CYPRESSTAG>
<CYPRESSTAG name="Final Partitioning Summary">
Final Partitioning Summary not displayed at this verbose level.</CYPRESSTAG>
Partitioning: Elapsed time ==> 0s.017ms
</CYPRESSTAG>
<CYPRESSTAG name="Simulated Annealing">
Annealing: Elapsed time ==> 0s.000ms
<CYPRESSTAG name="Simulated Annealing Results">
The seed used for moves was 114161200.
Inital cost was 1, final cost is 1 (0.00% improvement).</CYPRESSTAG>
</CYPRESSTAG>
<CYPRESSTAG name="Final Placement Summary">

------------------------------------------------------------
Final Placement Summary
------------------------------------------------------------

       Resource Type :      Count : Avg Inputs : Avg Outputs
    ========================================================
                 UDB :          0 :       0.00 :       0.00
<CYPRESSTAG name="Final Placement Details">
<CYPRESSTAG name="Component Details">

------------------------------------------------------------
Component Placement Details
------------------------------------------------------------
UDB [UDB=(0,0)] is empty.
UDB [UDB=(0,1)] is empty.
UDB [UDB=(1,0)] is empty.
UDB [UDB=(1,1)] is empty.
Intr hod @ [IntrHod=(0)]: empty
Port 0 contains the following IO cells:
[IoId=7]: 
Pin : Name = SW1(0)
    Attributes:
        In Group/Port: True
        In Sync Option: SYNC
        Out Sync Option: AUTO
        Interrupt generated: False
        Interrupt mode: NONE
        Drive mode: RES_PULL_UP
        VTrip: CMOS
        Slew: FAST
        Input Sync needed: True
        Output Sync needed: False
        SC shield enabled: False
        POR State: ANY
        LCD Mode: COMMON
        Register Mode: RegComb
        CaSense Mode: NEITHER
        Treat as pin: True
        Is OE Registered: False
        Uses Analog: False
        Can contain Digital: True
        Is SIO: False
        SIO Output Buf: NONREGULATED
        SIO Input Buf: SINGLE_ENDED
        SIO HiFreq: LOW
        SIO Hyst: DISABLED
        SIO Vtrip: MULTIPLIER_0_5
        SIO RefSel: VCC_IO
        Required Capabilitites: DIGITAL, ROUTABLE
        Initial Value: 1
        IO Voltage: 0
    PORT MAP (
        pa_out => SW1(0)__PA ,
        pad => SW1(0)_PAD );
    Properties:
    {
    }

Port 1 is empty
Port 2 is empty
Port 3 is empty
Port 4 contains the following IO cells:
[IoId=0]: 
Pin : Name = \UART:rx(0)\
    Attributes:
        In Group/Port: True
        In Sync Option: NOSYNC
        Out Sync Option: AUTO
        Interrupt generated: False
        Interrupt mode: NONE
        Drive mode: HI_Z_DIGITAL
        VTrip: CMOS
        Slew: FAST
        Input Sync needed: False
        Output Sync needed: False
        SC shield enabled: False
        POR State: ANY
        LCD Mode: COMMON
        Register Mode: RegComb
        CaSense Mode: NEITHER
        Treat as pin: True
        Is OE Registered: False
        Uses Analog: False
        Can contain Digital: True
        Is SIO: False
        SIO Output Buf: NONREGULATED
        SIO Input Buf: SINGLE_ENDED
        SIO HiFreq: LOW
        SIO Hyst: DISABLED
        SIO Vtrip: MULTIPLIER_0_5
        SIO RefSel: VCC_IO
        Required Capabilitites: DIGITAL
        Initial Value: 0
        IO Voltage: 0
    PORT MAP (
        pa_out => \UART:rx(0)\__PA ,
        fb => \UART:Net_654\ ,
        pad => \UART:rx(0)_PAD\ );
    Properties:
    {
    }

[IoId=1]: 
Pin : Name = \UART:tx(0)\
    Attributes:
        In Group/Port: True
        In Sync Option: NOSYNC
        Out Sync Option: NOSYNC
        Interrupt generated: False
        Interrupt mode: NONE
        Drive mode: CMOS_OUT
        VTrip: CMOS
        Slew: FAST
        Input Sync needed: False
        Output Sync needed: False
        SC shield enabled: False
        POR State: ANY
        LCD Mode: COMMON
        Register Mode: RegComb
        CaSense Mode: NEITHER
        Treat as pin: True
        Is OE Registered: False
        Uses Analog: False
        Can contain Digital: True
        Is SIO: False
        SIO Output Buf: NONREGULATED
        SIO Input Buf: SINGLE_ENDED
        SIO HiFreq: LOW
        SIO Hyst: DISABLED
        SIO Vtrip: MULTIPLIER_0_5
        SIO RefSel: VCC_IO
        Required Capabilitites: DIGITAL
        Initial Value: 1
        IO Voltage: 0
    PORT MAP (
        pa_out => \UART:tx(0)\__PA ,
        input => \UART:Net_656\ ,
        pad => \UART:tx(0)_PAD\ );
    Properties:
    {
    }

Clock group 0: 
    M0S8 Clock Block @ [FFB(Clock,0)]: 
    m0s8clockblockcell: Name =ClockBlock
        PORT MAP (
            hfclk => ClockBlock_HFCLK ,
            imo => ClockBlock_IMO ,
            ext => ClockBlock_EXTCLK ,
            sysclk => ClockBlock_SYSCLK ,
            ilo => ClockBlock_ILO ,
            lfclk => ClockBlock_LFCLK ,
            dsi_in_0 => ClockBlock_Routed1 ,
            ff_div_2 => \UART:Net_284_ff2\ );
        Properties:
        {
        }
PM group 0: empty
SPC group 0: empty
WDT group 0: empty
FSS group 0: empty
Low Power Comparator group 0: empty
Serial Communication Block group 0: 
    SCB Block @ [FFB(SCB,0)]: 
    m0s8scbcell: Name =\UART:SCB\
        PORT MAP (
            clock => \UART:Net_284_ff2\ ,
            interrupt => Net_5 ,
            rx => \UART:Net_654\ ,
            tx => \UART:Net_656\ ,
            mosi_m => \UART:Net_660\ ,
            select_m_3 => \UART:ss_3\ ,
            select_m_2 => \UART:ss_2\ ,
            select_m_1 => \UART:ss_1\ ,
            select_m_0 => \UART:ss_0\ ,
            sclk_m => \UART:Net_687\ ,
            miso_s => \UART:Net_703\ );
        Properties:
        {
            cy_registers = ""
            scb_mode = 2
        }
CSD Fixed Block group 0: empty
8-bit CapSense IDAC group 0: empty
7-bit CapSense IDAC group 0: empty
TCPWM Block group 0: empty
Comparator/Opamp Fixed Block group 0: empty
Temperature Sensor group 0: empty
SAR Fixed Block group 0: empty
Segment LCD Block group 0: empty
CLK_GEN group 0: 
    M0S8 Clock Gen Block @ [FFB(CLK_GEN,0)]: 
    m0s8clockgenblockcell: Name =ClockGenBlock
        PORT MAP (
             );
        Properties:
        {
        }
LPCOMPBLOCK group 0: empty
CTBMBLOCK group 0: empty
ANAPUMP group 0: empty
</CYPRESSTAG>
<CYPRESSTAG name="Port Configuration Details">

------------------------------------------------------------
Port Configuration report
------------------------------------------------------------
     |     |       | Interrupt |                  |              | 
Port | Pin | Fixed |      Type |       Drive Mode |         Name | Connections
-----+-----+-------+-----------+------------------+--------------+-------------------
   0 |   7 |     * |      NONE |      RES_PULL_UP |       SW1(0) | 
-----+-----+-------+-----------+------------------+--------------+-------------------
   4 |   0 |       |      NONE |     HI_Z_DIGITAL | \UART:rx(0)\ | FB(\UART:Net_654\)
     |   1 |       |      NONE |         CMOS_OUT | \UART:tx(0)\ | In(\UART:Net_656\)
-------------------------------------------------------------------------------------
</CYPRESSTAG>
</CYPRESSTAG>
</CYPRESSTAG>
Digital component placer commit/Report: Elapsed time ==> 0s.000ms
Digital Placement phase: Elapsed time ==> 0s.552ms
</CYPRESSTAG>
<CYPRESSTAG name="Digital Routing">
Routing successful.
Digital Routing phase: Elapsed time ==> 0s.558ms
</CYPRESSTAG>
<CYPRESSTAG name="Bitstream and API generation">
Bitstream and API generation phase: Elapsed time ==> 0s.331ms
</CYPRESSTAG>
<CYPRESSTAG name="Bitstream verification">
Bitstream verification phase: Elapsed time ==> 0s.049ms
</CYPRESSTAG>
<CYPRESSTAG name="Static timing analysis">
Timing report is in CY8CKIT-049-42XX_UART_Example_timing.html.
Static timing analysis phase: Elapsed time ==> 0s.159ms
</CYPRESSTAG>
<CYPRESSTAG name="Data reporting">
Data reporting phase: Elapsed time ==> 0s.000ms
</CYPRESSTAG>
<CYPRESSTAG name="Database update...">
Design database save phase: Elapsed time ==> 0s.159ms
</CYPRESSTAG>
cydsfit: Elapsed time ==> 2s.588ms
</CYPRESSTAG>
Fitter phase: Elapsed time ==> 2s.651ms
API generation phase: Elapsed time ==> 0s.957ms
Dependency generation phase: Elapsed time ==> 0s.015ms
Cleanup phase: Elapsed time ==> 0s.000ms
