ARM GAS  C:\Users\kbuchi\AppData\Local\Temp\ccw9t5gO.s 			page 1


   1              		.cpu cortex-m0
   2              		.fpu softvfp
   3              		.eabi_attribute 20, 1
   4              		.eabi_attribute 21, 1
   5              		.eabi_attribute 23, 3
   6              		.eabi_attribute 24, 1
   7              		.eabi_attribute 25, 1
   8              		.eabi_attribute 26, 1
   9              		.eabi_attribute 30, 4
  10              		.eabi_attribute 34, 0
  11              		.eabi_attribute 18, 4
  12              		.code	16
  13              		.file	"cymetadata.c"
  14              		.text
  15              	.Ltext0:
  16              		.cfi_sections	.debug_frame
  17              		.global	cy_meta_chipprotect
  18              		.global	cy_metadata
  19              		.global	cy_meta_flashprotect
  20              		.global	cy_meta_loader
  21              		.section	.cyloadermeta,"a",%progbits
  22              		.type	cy_meta_loader, %object
  23              		.size	cy_meta_loader, 64
  24              	cy_meta_loader:
  25 0000 00       		.byte	0
  26 0001 00       		.byte	0
  27 0002 00       		.byte	0
  28 0003 00       		.byte	0
  29 0004 00       		.byte	0
  30 0005 00       		.byte	0
  31 0006 00       		.byte	0
  32 0007 00       		.byte	0
  33 0008 00       		.byte	0
  34 0009 00       		.byte	0
  35 000a 00       		.byte	0
  36 000b 00       		.byte	0
  37 000c 00       		.byte	0
  38 000d 00       		.byte	0
  39 000e 00       		.byte	0
  40 000f 00       		.byte	0
  41 0010 00       		.byte	0
  42 0011 00       		.byte	0
  43 0012 01       		.byte	1
  44 0013 00       		.byte	0
  45 0014 01       		.byte	1
  46 0015 00       		.byte	0
  47 0016 00       		.byte	0
  48 0017 00       		.byte	0
  49 0018 00       		.byte	0
  50 0019 00       		.byte	0
  51 001a 00       		.byte	0
  52 001b 00       		.byte	0
  53 001c 00       		.byte	0
  54 001d 00       		.byte	0
  55 001e 00       		.byte	0
  56 001f 00       		.byte	0
  57 0020 00       		.byte	0
ARM GAS  C:\Users\kbuchi\AppData\Local\Temp\ccw9t5gO.s 			page 2


  58 0021 00       		.byte	0
  59 0022 00       		.byte	0
  60 0023 00       		.byte	0
  61 0024 00       		.byte	0
  62 0025 00       		.byte	0
  63 0026 00       		.byte	0
  64 0027 00       		.byte	0
  65 0028 00       		.byte	0
  66 0029 00       		.byte	0
  67 002a 00       		.byte	0
  68 002b 00       		.byte	0
  69 002c 00       		.byte	0
  70 002d 00       		.byte	0
  71 002e 00       		.byte	0
  72 002f 00       		.byte	0
  73 0030 00       		.byte	0
  74 0031 00       		.byte	0
  75 0032 00       		.byte	0
  76 0033 00       		.byte	0
  77 0034 00       		.byte	0
  78 0035 00       		.byte	0
  79 0036 00       		.byte	0
  80 0037 00       		.byte	0
  81 0038 00       		.byte	0
  82 0039 00       		.byte	0
  83 003a 00       		.byte	0
  84 003b 00       		.byte	0
  85 003c 00       		.byte	0
  86 003d 00       		.byte	0
  87 003e 00       		.byte	0
  88 003f 00       		.byte	0
  89              		.section	.cychipprotect,"a",%progbits
  90              		.type	cy_meta_chipprotect, %object
  91              		.size	cy_meta_chipprotect, 1
  92              	cy_meta_chipprotect:
  93 0000 01       		.byte	1
  94              		.section	.cymeta,"a",%progbits
  95              		.type	cy_metadata, %object
  96              		.size	cy_metadata, 12
  97              	cy_metadata:
  98 0000 00       		.byte	0
  99 0001 02       		.byte	2
 100 0002 04       		.byte	4
 101 0003 C8       		.byte	-56
 102 0004 11       		.byte	17
 103 0005 93       		.byte	-109
 104 0006 11       		.byte	17
 105 0007 00       		.byte	0
 106 0008 00       		.byte	0
 107 0009 00       		.byte	0
 108 000a 00       		.byte	0
 109 000b 00       		.byte	0
 110              		.section	.cyflashprotect,"a",%progbits
 111              		.type	cy_meta_flashprotect, %object
 112              		.size	cy_meta_flashprotect, 32
 113              	cy_meta_flashprotect:
 114 0000 FF       		.byte	-1
ARM GAS  C:\Users\kbuchi\AppData\Local\Temp\ccw9t5gO.s 			page 3


 115 0001 FF       		.byte	-1
 116 0002 FF       		.byte	-1
 117 0003 FF       		.byte	-1
 118 0004 00       		.byte	0
 119 0005 00       		.byte	0
 120 0006 00       		.byte	0
 121 0007 00       		.byte	0
 122 0008 00       		.byte	0
 123 0009 00       		.byte	0
 124 000a 00       		.byte	0
 125 000b 00       		.byte	0
 126 000c 00       		.byte	0
 127 000d 00       		.byte	0
 128 000e 00       		.byte	0
 129 000f 00       		.byte	0
 130 0010 00       		.byte	0
 131 0011 00       		.byte	0
 132 0012 00       		.byte	0
 133 0013 00       		.byte	0
 134 0014 00       		.byte	0
 135 0015 00       		.byte	0
 136 0016 00       		.byte	0
 137 0017 00       		.byte	0
 138 0018 00       		.byte	0
 139 0019 00       		.byte	0
 140 001a 00       		.byte	0
 141 001b 00       		.byte	0
 142 001c 00       		.byte	0
 143 001d 00       		.byte	0
 144 001e 00       		.byte	0
 145 001f 00       		.byte	0
 146              		.text
 147              	.Letext0:
 148              		.file 1 ".\\Generated_Source\\PSoC4\\cymetadata.c"
 149              		.file 2 ".\\Generated_Source\\PSoC4\\cytypes.h"
 150              		.section	.debug_info,"",%progbits
 151              	.Ldebug_info0:
 152 0000 1F010000 		.4byte	0x11f
 153 0004 0400     		.2byte	0x4
 154 0006 00000000 		.4byte	.Ldebug_abbrev0
 155 000a 04       		.byte	0x4
 156 000b 01       		.uleb128 0x1
 157 000c 2F000000 		.4byte	.LASF17
 158 0010 01       		.byte	0x1
 159 0011 EB000000 		.4byte	.LASF18
 160 0015 66010000 		.4byte	.LASF19
 161 0019 00000000 		.4byte	.Ldebug_line0
 162 001d 02       		.uleb128 0x2
 163 001e 01       		.byte	0x1
 164 001f 06       		.byte	0x6
 165 0020 B8010000 		.4byte	.LASF0
 166 0024 02       		.uleb128 0x2
 167 0025 01       		.byte	0x1
 168 0026 08       		.byte	0x8
 169 0027 B1000000 		.4byte	.LASF1
 170 002b 02       		.uleb128 0x2
 171 002c 02       		.byte	0x2
ARM GAS  C:\Users\kbuchi\AppData\Local\Temp\ccw9t5gO.s 			page 4


 172 002d 05       		.byte	0x5
 173 002e 9F010000 		.4byte	.LASF2
 174 0032 02       		.uleb128 0x2
 175 0033 02       		.byte	0x2
 176 0034 07       		.byte	0x7
 177 0035 D1000000 		.4byte	.LASF3
 178 0039 02       		.uleb128 0x2
 179 003a 04       		.byte	0x4
 180 003b 05       		.byte	0x5
 181 003c AF010000 		.4byte	.LASF4
 182 0040 02       		.uleb128 0x2
 183 0041 04       		.byte	0x4
 184 0042 07       		.byte	0x7
 185 0043 BF000000 		.4byte	.LASF5
 186 0047 02       		.uleb128 0x2
 187 0048 08       		.byte	0x8
 188 0049 05       		.byte	0x5
 189 004a 53010000 		.4byte	.LASF6
 190 004e 02       		.uleb128 0x2
 191 004f 08       		.byte	0x8
 192 0050 07       		.byte	0x7
 193 0051 1E010000 		.4byte	.LASF7
 194 0055 03       		.uleb128 0x3
 195 0056 04       		.byte	0x4
 196 0057 05       		.byte	0x5
 197 0058 696E7400 		.ascii	"int\000"
 198 005c 02       		.uleb128 0x2
 199 005d 04       		.byte	0x4
 200 005e 07       		.byte	0x7
 201 005f 11010000 		.4byte	.LASF8
 202 0063 04       		.uleb128 0x4
 203 0064 A9010000 		.4byte	.LASF20
 204 0068 02       		.byte	0x2
 205 0069 A1       		.byte	0xa1
 206 006a 24000000 		.4byte	0x24
 207 006e 02       		.uleb128 0x2
 208 006f 04       		.byte	0x4
 209 0070 04       		.byte	0x4
 210 0071 AB000000 		.4byte	.LASF9
 211 0075 02       		.uleb128 0x2
 212 0076 08       		.byte	0x8
 213 0077 04       		.byte	0x4
 214 0078 E4000000 		.4byte	.LASF10
 215 007c 02       		.uleb128 0x2
 216 007d 01       		.byte	0x1
 217 007e 08       		.byte	0x8
 218 007f 61010000 		.4byte	.LASF11
 219 0083 05       		.uleb128 0x5
 220 0084 63000000 		.4byte	0x63
 221 0088 93000000 		.4byte	0x93
 222 008c 06       		.uleb128 0x6
 223 008d 93000000 		.4byte	0x93
 224 0091 3F       		.byte	0x3f
 225 0092 00       		.byte	0
 226 0093 02       		.uleb128 0x2
 227 0094 04       		.byte	0x4
 228 0095 07       		.byte	0x7
ARM GAS  C:\Users\kbuchi\AppData\Local\Temp\ccw9t5gO.s 			page 5


 229 0096 4A010000 		.4byte	.LASF12
 230 009a 07       		.uleb128 0x7
 231 009b 14000000 		.4byte	.LASF13
 232 009f 01       		.byte	0x1
 233 00a0 1C       		.byte	0x1c
 234 00a1 AB000000 		.4byte	0xab
 235 00a5 05       		.uleb128 0x5
 236 00a6 03       		.byte	0x3
 237 00a7 00000000 		.4byte	cy_meta_loader
 238 00ab 08       		.uleb128 0x8
 239 00ac 83000000 		.4byte	0x83
 240 00b0 05       		.uleb128 0x5
 241 00b1 63000000 		.4byte	0x63
 242 00b5 C0000000 		.4byte	0xc0
 243 00b9 06       		.uleb128 0x6
 244 00ba 93000000 		.4byte	0x93
 245 00be 1F       		.byte	0x1f
 246 00bf 00       		.byte	0
 247 00c0 07       		.uleb128 0x7
 248 00c1 35010000 		.4byte	.LASF14
 249 00c5 01       		.byte	0x1
 250 00c6 2E       		.byte	0x2e
 251 00c7 D1000000 		.4byte	0xd1
 252 00cb 05       		.uleb128 0x5
 253 00cc 03       		.byte	0x3
 254 00cd 00000000 		.4byte	cy_meta_flashprotect
 255 00d1 08       		.uleb128 0x8
 256 00d2 B0000000 		.4byte	0xb0
 257 00d6 05       		.uleb128 0x5
 258 00d7 63000000 		.4byte	0x63
 259 00db E6000000 		.4byte	0xe6
 260 00df 06       		.uleb128 0x6
 261 00e0 93000000 		.4byte	0x93
 262 00e4 0B       		.byte	0xb
 263 00e5 00       		.byte	0
 264 00e6 07       		.uleb128 0x7
 265 00e7 23000000 		.4byte	.LASF15
 266 00eb 01       		.byte	0x1
 267 00ec 3C       		.byte	0x3c
 268 00ed F7000000 		.4byte	0xf7
 269 00f1 05       		.uleb128 0x5
 270 00f2 03       		.byte	0x3
 271 00f3 00000000 		.4byte	cy_metadata
 272 00f7 08       		.uleb128 0x8
 273 00f8 D6000000 		.4byte	0xd6
 274 00fc 05       		.uleb128 0x5
 275 00fd 63000000 		.4byte	0x63
 276 0101 0C010000 		.4byte	0x10c
 277 0105 06       		.uleb128 0x6
 278 0106 93000000 		.4byte	0x93
 279 010a 00       		.byte	0
 280 010b 00       		.byte	0
 281 010c 07       		.uleb128 0x7
 282 010d 00000000 		.4byte	.LASF16
 283 0111 01       		.byte	0x1
 284 0112 48       		.byte	0x48
 285 0113 1D010000 		.4byte	0x11d
ARM GAS  C:\Users\kbuchi\AppData\Local\Temp\ccw9t5gO.s 			page 6


 286 0117 05       		.uleb128 0x5
 287 0118 03       		.byte	0x3
 288 0119 00000000 		.4byte	cy_meta_chipprotect
 289 011d 08       		.uleb128 0x8
 290 011e FC000000 		.4byte	0xfc
 291 0122 00       		.byte	0
 292              		.section	.debug_abbrev,"",%progbits
 293              	.Ldebug_abbrev0:
 294 0000 01       		.uleb128 0x1
 295 0001 11       		.uleb128 0x11
 296 0002 01       		.byte	0x1
 297 0003 25       		.uleb128 0x25
 298 0004 0E       		.uleb128 0xe
 299 0005 13       		.uleb128 0x13
 300 0006 0B       		.uleb128 0xb
 301 0007 03       		.uleb128 0x3
 302 0008 0E       		.uleb128 0xe
 303 0009 1B       		.uleb128 0x1b
 304 000a 0E       		.uleb128 0xe
 305 000b 10       		.uleb128 0x10
 306 000c 17       		.uleb128 0x17
 307 000d 00       		.byte	0
 308 000e 00       		.byte	0
 309 000f 02       		.uleb128 0x2
 310 0010 24       		.uleb128 0x24
 311 0011 00       		.byte	0
 312 0012 0B       		.uleb128 0xb
 313 0013 0B       		.uleb128 0xb
 314 0014 3E       		.uleb128 0x3e
 315 0015 0B       		.uleb128 0xb
 316 0016 03       		.uleb128 0x3
 317 0017 0E       		.uleb128 0xe
 318 0018 00       		.byte	0
 319 0019 00       		.byte	0
 320 001a 03       		.uleb128 0x3
 321 001b 24       		.uleb128 0x24
 322 001c 00       		.byte	0
 323 001d 0B       		.uleb128 0xb
 324 001e 0B       		.uleb128 0xb
 325 001f 3E       		.uleb128 0x3e
 326 0020 0B       		.uleb128 0xb
 327 0021 03       		.uleb128 0x3
 328 0022 08       		.uleb128 0x8
 329 0023 00       		.byte	0
 330 0024 00       		.byte	0
 331 0025 04       		.uleb128 0x4
 332 0026 16       		.uleb128 0x16
 333 0027 00       		.byte	0
 334 0028 03       		.uleb128 0x3
 335 0029 0E       		.uleb128 0xe
 336 002a 3A       		.uleb128 0x3a
 337 002b 0B       		.uleb128 0xb
 338 002c 3B       		.uleb128 0x3b
 339 002d 0B       		.uleb128 0xb
 340 002e 49       		.uleb128 0x49
 341 002f 13       		.uleb128 0x13
 342 0030 00       		.byte	0
ARM GAS  C:\Users\kbuchi\AppData\Local\Temp\ccw9t5gO.s 			page 7


 343 0031 00       		.byte	0
 344 0032 05       		.uleb128 0x5
 345 0033 01       		.uleb128 0x1
 346 0034 01       		.byte	0x1
 347 0035 49       		.uleb128 0x49
 348 0036 13       		.uleb128 0x13
 349 0037 01       		.uleb128 0x1
 350 0038 13       		.uleb128 0x13
 351 0039 00       		.byte	0
 352 003a 00       		.byte	0
 353 003b 06       		.uleb128 0x6
 354 003c 21       		.uleb128 0x21
 355 003d 00       		.byte	0
 356 003e 49       		.uleb128 0x49
 357 003f 13       		.uleb128 0x13
 358 0040 2F       		.uleb128 0x2f
 359 0041 0B       		.uleb128 0xb
 360 0042 00       		.byte	0
 361 0043 00       		.byte	0
 362 0044 07       		.uleb128 0x7
 363 0045 34       		.uleb128 0x34
 364 0046 00       		.byte	0
 365 0047 03       		.uleb128 0x3
 366 0048 0E       		.uleb128 0xe
 367 0049 3A       		.uleb128 0x3a
 368 004a 0B       		.uleb128 0xb
 369 004b 3B       		.uleb128 0x3b
 370 004c 0B       		.uleb128 0xb
 371 004d 49       		.uleb128 0x49
 372 004e 13       		.uleb128 0x13
 373 004f 3F       		.uleb128 0x3f
 374 0050 19       		.uleb128 0x19
 375 0051 02       		.uleb128 0x2
 376 0052 18       		.uleb128 0x18
 377 0053 00       		.byte	0
 378 0054 00       		.byte	0
 379 0055 08       		.uleb128 0x8
 380 0056 26       		.uleb128 0x26
 381 0057 00       		.byte	0
 382 0058 49       		.uleb128 0x49
 383 0059 13       		.uleb128 0x13
 384 005a 00       		.byte	0
 385 005b 00       		.byte	0
 386 005c 00       		.byte	0
 387              		.section	.debug_aranges,"",%progbits
 388 0000 14000000 		.4byte	0x14
 389 0004 0200     		.2byte	0x2
 390 0006 00000000 		.4byte	.Ldebug_info0
 391 000a 04       		.byte	0x4
 392 000b 00       		.byte	0
 393 000c 0000     		.2byte	0
 394 000e 0000     		.2byte	0
 395 0010 00000000 		.4byte	0
 396 0014 00000000 		.4byte	0
 397              		.section	.debug_line,"",%progbits
 398              	.Ldebug_line0:
 399 0000 4F000000 		.section	.debug_str,"MS",%progbits,1
ARM GAS  C:\Users\kbuchi\AppData\Local\Temp\ccw9t5gO.s 			page 8


 399      02004900 
 399      00000201 
 399      FB0E0D00 
 399      01010101 
 400              	.LASF16:
 401 0000 63795F6D 		.ascii	"cy_meta_chipprotect\000"
 401      6574615F 
 401      63686970 
 401      70726F74 
 401      65637400 
 402              	.LASF13:
 403 0014 63795F6D 		.ascii	"cy_meta_loader\000"
 403      6574615F 
 403      6C6F6164 
 403      657200
 404              	.LASF15:
 405 0023 63795F6D 		.ascii	"cy_metadata\000"
 405      65746164 
 405      61746100 
 406              	.LASF17:
 407 002f 474E5520 		.ascii	"GNU C 4.8.4 20140526 (release) [ARM/embedded-4_8-br"
 407      4320342E 
 407      382E3420 
 407      32303134 
 407      30353236 
 408 0062 616E6368 		.ascii	"anch revision 211358] -mcpu=cortex-m0 -mthumb -g -O"
 408      20726576 
 408      6973696F 
 408      6E203231 
 408      31333538 
 409 0095 73202D66 		.ascii	"s -ffunction-sections\000"
 409      66756E63 
 409      74696F6E 
 409      2D736563 
 409      74696F6E 
 410              	.LASF9:
 411 00ab 666C6F61 		.ascii	"float\000"
 411      7400
 412              	.LASF1:
 413 00b1 756E7369 		.ascii	"unsigned char\000"
 413      676E6564 
 413      20636861 
 413      7200
 414              	.LASF5:
 415 00bf 6C6F6E67 		.ascii	"long unsigned int\000"
 415      20756E73 
 415      69676E65 
 415      6420696E 
 415      7400
 416              	.LASF3:
 417 00d1 73686F72 		.ascii	"short unsigned int\000"
 417      7420756E 
 417      7369676E 
 417      65642069 
 417      6E7400
 418              	.LASF10:
 419 00e4 646F7562 		.ascii	"double\000"
ARM GAS  C:\Users\kbuchi\AppData\Local\Temp\ccw9t5gO.s 			page 9


 419      6C6500
 420              	.LASF18:
 421 00eb 2E5C4765 		.ascii	".\\Generated_Source\\PSoC4\\cymetadata.c\000"
 421      6E657261 
 421      7465645F 
 421      536F7572 
 421      63655C50 
 422              	.LASF8:
 423 0111 756E7369 		.ascii	"unsigned int\000"
 423      676E6564 
 423      20696E74 
 423      00
 424              	.LASF7:
 425 011e 6C6F6E67 		.ascii	"long long unsigned int\000"
 425      206C6F6E 
 425      6720756E 
 425      7369676E 
 425      65642069 
 426              	.LASF14:
 427 0135 63795F6D 		.ascii	"cy_meta_flashprotect\000"
 427      6574615F 
 427      666C6173 
 427      6870726F 
 427      74656374 
 428              	.LASF12:
 429 014a 73697A65 		.ascii	"sizetype\000"
 429      74797065 
 429      00
 430              	.LASF6:
 431 0153 6C6F6E67 		.ascii	"long long int\000"
 431      206C6F6E 
 431      6720696E 
 431      7400
 432              	.LASF11:
 433 0161 63686172 		.ascii	"char\000"
 433      00
 434              	.LASF19:
 435 0166 433A5C57 		.ascii	"C:\\WORKS\\WS\\WS_PSoC\\SCB_Bootloader\\UART_Bootlo"
 435      4F524B53 
 435      5C57535C 
 435      57535F50 
 435      536F435C 
 436 0194 61646572 		.ascii	"ader.cydsn\000"
 436      2E637964 
 436      736E00
 437              	.LASF2:
 438 019f 73686F72 		.ascii	"short int\000"
 438      7420696E 
 438      7400
 439              	.LASF20:
 440 01a9 75696E74 		.ascii	"uint8\000"
 440      3800
 441              	.LASF4:
 442 01af 6C6F6E67 		.ascii	"long int\000"
 442      20696E74 
 442      00
 443              	.LASF0:
ARM GAS  C:\Users\kbuchi\AppData\Local\Temp\ccw9t5gO.s 			page 10


 444 01b8 7369676E 		.ascii	"signed char\000"
 444      65642063 
 444      68617200 
 445              		.ident	"GCC: (GNU Tools for ARM Embedded Processors) 4.8.4 20140526 (release) [ARM/embedded-4_8-br
