#***************************************************************************

#sjplacer

#Version:            1.1

#Build Date:         May  8 2015 09:27:37

#File Generated:     Jul 10 2015 05:54:13

#Purpose:            

#Copyright (C) 2010-2011 by Softjin Technologies Pvt Ltd. All rights reserved.

#***************************************************************************

Executing : C:\WORKS\Programs\PSoC_Creator\PSoC Creator\3.2\PSoC_Creator\bin/sjplacer.exe --proj-name UART_Bootloader --netlist-vh2 UART_Bootloader_p.vh2 --arch-file C:\WORKS\Programs\PSoC_Creator\PSoC Creator\3.2\PSoC_Creator\dev/arch/p4_udb2x2a.ark --rrg-file C:\WORKS\Programs\PSoC_Creator\PSoC Creator\3.2\PSoC_Creator\dev/psoc4/psoc4a/route_arch-rrg.cydata --irq-file C:\WORKS\Programs\PSoC_Creator\PSoC Creator\3.2\PSoC_Creator\dev/psoc4/psoc4a/irqconn.cydata --dsi-conn-file C:\WORKS\Programs\PSoC_Creator\PSoC Creator\3.2\PSoC_Creator\dev/psoc4/psoc4a/dsiconn.cydata --pins-file pins_44-TQFP.xml --lib-file UART_Bootloader_p.lib --sdc-file UART_Bootloader.sdc --io-pcf UART_Bootloader.pci --outdir .

		Softjin Techologies Placer, Version 1.1

Build Date : May  8 2015	08:51:53

D2004: Option and Settings Summary
=============================================================
Netlist vh2 file          - UART_Bootloader_p.vh2
Architecture file         - C:\WORKS\Programs\PSoC_Creator\PSoC Creator\3.2\PSoC_Creator\dev/arch/p4_udb2x2a.ark
Package                   - 
Defparam file             - 
SDC file                  - UART_Bootloader.sdc
Output directory          - .
Timing library            - UART_Bootloader_p.lib
IO Placement file         - UART_Bootloader.pci

D2050: Starting reading inputs for placer
=============================================================
D2065: Reading netlist file : "UART_Bootloader_p.vh2"
D2065: Reading arch file : "C:\WORKS\Programs\PSoC_Creator\PSoC Creator\3.2\PSoC_Creator\dev/arch/p4_udb2x2a.ark"
D2051: Reading of inputs for placer completed successfully

D2053: Starting placement of the design
=============================================================

Phase 2
Phase 3
I2659: No Constrained paths were found. The placer will run in non-timing driven mode.

Design Statistics after Packing
    Number of Combinational MCs 	:	0
    Number of Sequential MCs    	:	0
    Number of DPs               	:	0
    Number of Controls          	:	0
    Number of Status            	:	0
    Number of SyncCells         	:	0
    Number of count7cells       	:	0

Device Utilization Summary after Packing
    Macrocells                  :	0/32
    UDBS                        :	0/4
    IOs                         :	4/36


D2088: Phase 3, elapsed time : 0.0 (sec)

Phase 4
D2088: Phase 4, elapsed time : 0.0 (sec)

Phase 8
D2088: Phase 8, elapsed time : 0.0 (sec)

D2054: Placement of the design completed successfully

I2076: Total run-time: 0.7 sec.

