Loading plugins phase: Elapsed time ==> 3s.913ms
Initializing data phase: Elapsed time ==> 0s.000ms
<CYPRESSTAG name="CyDsfit arguments...">
cydsfit arguments: -.fdsnotice -.fdswarpdepfile=warp_dependencies.txt -.fdselabdepfile=elab_dependencies.txt -.fdsbldfile=generated_files.txt -p C:\WORKS\WS\WS_PSoC\s-11.cydsn\s-11.cyprj -d CY8C4245AXI-483 -s C:\WORKS\WS\WS_PSoC\s-11.cydsn\Generated_Source\PSoC4 -- -yv2 -q10 -ygs -o2 -v3 -.fftcfgtype=LE</CYPRESSTAG>
<CYPRESSTAG name="Design elaboration results...">
ADD: pft.M0111: information: One or more rows of flash have been configured to be protected; however, debugging has been enabled in the System DWR Editor. This means that while write restrictions are honored flash rows can still be read via SWD or JTAG. To prevent any ability to read the flash rows, disable debugging in the System DWR Editor.
 * C:\WORKS\WS\WS_PSoC\s-11.cydsn\s-11.cydwr (Chip Protection)

</CYPRESSTAG>
Elaboration phase: Elapsed time ==> 1s.534ms
<CYPRESSTAG name="HDL generation results...">
</CYPRESSTAG>
HDL generation phase: Elapsed time ==> 0s.242ms
<CYPRESSTAG name="Synthesis results...">

     | | | | | | |
   _________________
  -|               |-
  -|               |-
  -|               |-
  -|    CYPRESS    |-
  -|               |-
  -|               |-   Warp Verilog Synthesis Compiler: Version 6.3 IR 41
  -|               |-   Copyright (C) 1991-2001 Cypress Semiconductor
   |_______________|
     | | | | | | |

======================================================================
Compiling:  s-11.v
Program  :   C:\WORKS\Programs\PSoC_Creator\PSoC Creator\3.2\PSoC_Creator\warp\bin/warp.exe
Options  :    -yv2 -q10 -ygs -o2 -v3 -.fftcfgtype=LE -ya -.fftprj=C:\WORKS\WS\WS_PSoC\s-11.cydsn\s-11.cyprj -dcpsoc3 s-11.v -verilog
======================================================================

======================================================================
Compiling:  s-11.v
Program  :   C:\WORKS\Programs\PSoC_Creator\PSoC Creator\3.2\PSoC_Creator\warp\bin/warp.exe
Options  :    -yv2 -q10 -ygs -o2 -v3 -.fftcfgtype=LE -ya -.fftprj=C:\WORKS\WS\WS_PSoC\s-11.cydsn\s-11.cyprj -dcpsoc3 s-11.v -verilog
======================================================================

======================================================================
Compiling:  s-11.v
Program  :   vlogfe
Options  :    -yv2 -q10 -ygs -o2 -v3 -.fftcfgtype=LE -ya -.fftprj=C:\WORKS\WS\WS_PSoC\s-11.cydsn\s-11.cyprj -dcpsoc3 -verilog s-11.v
======================================================================

vlogfe V6.3 IR 41:  Verilog parser
Thu Jul 16 07:59:07 2015


======================================================================
Compiling:  s-11.v
Program  :   vpp
Options  :    -yv2 -q10 s-11.v
======================================================================

vpp V6.3 IR 41:  Verilog Pre-Processor
Thu Jul 16 07:59:07 2015


vpp:  No errors.

Library 'work' => directory 'lcpsoc3'
General_symbol_table
General_symbol_table
Linking 'C:\WORKS\Programs\PSoC_Creator\PSoC Creator\3.2\PSoC_Creator\warp\lib\common\std.vhd'.
Linking 'C:\WORKS\Programs\PSoC_Creator\PSoC Creator\3.2\PSoC_Creator\warp\lib\common\cypress.vhd'.
Linking 'C:\WORKS\Programs\PSoC_Creator\PSoC Creator\3.2\PSoC_Creator\warp\lib\common\work\cypress.vif'.
Linking 'C:\WORKS\Programs\PSoC_Creator\PSoC Creator\3.2\PSoC_Creator\warp\lib\ieee\work\stdlogic.vif'.
Linking 'C:\WORKS\Programs\PSoC_Creator\PSoC Creator\3.2\PSoC_Creator\warp\lib\common\stdlogic\lpmpkg.vif'.
Linking 'C:\WORKS\Programs\PSoC_Creator\PSoC Creator\3.2\PSoC_Creator\warp\lib\common\stdlogic\rtlpkg.vif'.
Linking 'C:\WORKS\Programs\PSoC_Creator\PSoC Creator\3.2\PSoC_Creator\warp\lib\common\stdlogic\mod_cnst.vif'.
Linking 'C:\WORKS\Programs\PSoC_Creator\PSoC Creator\3.2\PSoC_Creator\warp\lib\common\stdlogic\mod_mthv.vif'.
Linking 'C:\WORKS\Programs\PSoC_Creator\PSoC Creator\3.2\PSoC_Creator\warp\lib\common\stdlogic\mod_genv.vif'.
Using control file 's-11.ctl'.

vlogfe:  No errors.


======================================================================
Compiling:  s-11.v
Program  :   tovif
Options  :    -yv2 -q10 -ygs -o2 -v3 -.fftcfgtype=LE -ya -.fftprj=C:\WORKS\WS\WS_PSoC\s-11.cydsn\s-11.cyprj -dcpsoc3 -verilog s-11.v
======================================================================

tovif V6.3 IR 41:  High-level synthesis
Thu Jul 16 07:59:07 2015

Linking 'C:\WORKS\Programs\PSoC_Creator\PSoC Creator\3.2\PSoC_Creator\warp\lib\common\std.vhd'.
Linking 'C:\WORKS\Programs\PSoC_Creator\PSoC Creator\3.2\PSoC_Creator\warp\lib\common\cypress.vhd'.
Linking 'C:\WORKS\Programs\PSoC_Creator\PSoC Creator\3.2\PSoC_Creator\warp\lib\common\work\cypress.vif'.
Linking 'C:\WORKS\Programs\PSoC_Creator\PSoC Creator\3.2\PSoC_Creator\warp\lib\ieee\work\stdlogic.vif'.
Linking 'C:\WORKS\Programs\PSoC_Creator\PSoC Creator\3.2\PSoC_Creator\warp\lib\common\stdlogic\lpmpkg.vif'.
Linking 'C:\WORKS\Programs\PSoC_Creator\PSoC Creator\3.2\PSoC_Creator\warp\lib\common\stdlogic\rtlpkg.vif'.
Linking 'C:\WORKS\Programs\PSoC_Creator\PSoC Creator\3.2\PSoC_Creator\warp\lib\common\stdlogic\mod_cnst.vif'.
Linking 'C:\WORKS\Programs\PSoC_Creator\PSoC Creator\3.2\PSoC_Creator\warp\lib\common\stdlogic\mod_mthv.vif'.
Linking 'C:\WORKS\Programs\PSoC_Creator\PSoC Creator\3.2\PSoC_Creator\warp\lib\common\stdlogic\mod_genv.vif'.
Linking 'C:\WORKS\WS\WS_PSoC\s-11.cydsn\codegentemp\s-11.ctl'.
Linking 'C:\WORKS\WS\WS_PSoC\s-11.cydsn\codegentemp\s-11.v'.

tovif:  No errors.


======================================================================
Compiling:  s-11.v
Program  :   topld
Options  :    -yv2 -q10 -ygs -o2 -v3 -.fftcfgtype=LE -ya -.fftprj=C:\WORKS\WS\WS_PSoC\s-11.cydsn\s-11.cyprj -dcpsoc3 -verilog s-11.v
======================================================================

topld V6.3 IR 41:  Synthesis and optimization
Thu Jul 16 07:59:07 2015

Linking 'C:\WORKS\Programs\PSoC_Creator\PSoC Creator\3.2\PSoC_Creator\warp\lib\common\std.vhd'.
Linking 'C:\WORKS\Programs\PSoC_Creator\PSoC Creator\3.2\PSoC_Creator\warp\lib\common\cypress.vhd'.
Linking 'C:\WORKS\Programs\PSoC_Creator\PSoC Creator\3.2\PSoC_Creator\warp\lib\common\work\cypress.vif'.
Linking 'C:\WORKS\Programs\PSoC_Creator\PSoC Creator\3.2\PSoC_Creator\warp\lib\ieee\work\stdlogic.vif'.
Linking 'C:\WORKS\Programs\PSoC_Creator\PSoC Creator\3.2\PSoC_Creator\warp\lib\common\stdlogic\lpmpkg.vif'.
Linking 'C:\WORKS\Programs\PSoC_Creator\PSoC Creator\3.2\PSoC_Creator\warp\lib\common\stdlogic\rtlpkg.vif'.
Linking 'C:\WORKS\Programs\PSoC_Creator\PSoC Creator\3.2\PSoC_Creator\warp\lib\common\stdlogic\mod_cnst.vif'.
Linking 'C:\WORKS\Programs\PSoC_Creator\PSoC Creator\3.2\PSoC_Creator\warp\lib\common\stdlogic\mod_mthv.vif'.
Linking 'C:\WORKS\Programs\PSoC_Creator\PSoC Creator\3.2\PSoC_Creator\warp\lib\common\stdlogic\mod_genv.vif'.
Linking 'C:\WORKS\WS\WS_PSoC\s-11.cydsn\codegentemp\s-11.ctl'.
Linking 'C:\WORKS\WS\WS_PSoC\s-11.cydsn\codegentemp\s-11.v'.
Linking 'C:\WORKS\Programs\PSoC_Creator\PSoC Creator\3.2\PSoC_Creator\warp\lib\lcpsoc3\stdlogic\cpsoc3.vif'.

----------------------------------------------------------
Detecting unused logic.
----------------------------------------------------------



------------------------------------------------------
Alias Detection
------------------------------------------------------
Aliasing one to tmpOE__LED_net_0
Aliasing tmpOE__SW1_net_0 to tmpOE__LED_net_0
Aliasing tmpOE__LED_2_net_0 to tmpOE__LED_net_0
Aliasing tmpOE__LED_3_net_0 to tmpOE__LED_net_0
Removing Lhs of wire one[6] = tmpOE__LED_net_0[1]
Removing Lhs of wire tmpOE__SW1_net_0[9] = tmpOE__LED_net_0[1]
Removing Lhs of wire tmpOE__LED_2_net_0[15] = tmpOE__LED_net_0[1]
Removing Lhs of wire tmpOE__LED_3_net_0[21] = tmpOE__LED_net_0[1]

------------------------------------------------------
Aliased 0 equations, 4 wires.
------------------------------------------------------

----------------------------------------------------------
Circuit simplification
----------------------------------------------------------

Substituting virtuals - pass 1:


----------------------------------------------------------
Circuit simplification results:

	Expanded 0 signals.
	Turned 0 signals into soft nodes.
	Maximum default expansion cost was set at 3.
----------------------------------------------------------

topld:  No errors.

CYPRESS_DIR    : C:\WORKS\Programs\PSoC_Creator\PSoC Creator\3.2\PSoC_Creator\warp
Warp Program   : C:\WORKS\Programs\PSoC_Creator\PSoC Creator\3.2\PSoC_Creator\warp\bin/warp.exe
Warp Arguments : -yv2 -q10 -ygs -o2 -v3 -.fftcfgtype=LE -ya -.fftprj=C:\WORKS\WS\WS_PSoC\s-11.cydsn\s-11.cyprj -dcpsoc3 s-11.v -verilog
</CYPRESSTAG>
Warp synthesis phase: Elapsed time ==> 0s.810ms
<CYPRESSTAG name="Fitter results...">
<CYPRESSTAG name="Fitter startup details...">
cyp3fit: V3.2.0.724, Family: PSoC3, Started at: Thursday, 16 July 2015 07:59:08
Options: -yv2 -q10 -ygs -o2 -v3 -.fftcfgtype=LE -ya -.fftprj=C:\WORKS\WS\WS_PSoC\s-11.cydsn\s-11.cyprj -d CY8C4245AXI-483 s-11.v -verilog
</CYPRESSTAG>
<CYPRESSTAG name="Design parsing">
Design parsing phase: Elapsed time ==> 0s.177ms
</CYPRESSTAG>
<CYPRESSTAG name="Tech mapping">
<CYPRESSTAG name="Initial Mapping" icon="FILE_RPT_TECHM">
<CYPRESSTAG name="Global Clock Selection" icon="FILE_RPT_TECHM">
<CYPRESSTAG name="UDB Clock/Enable Remapping Results">
</CYPRESSTAG>
</CYPRESSTAG>
ADD: pft.M0040: information: The following 2 pin(s) will be assigned a location by the fitter: LED_2(0), LED_3(0)

<CYPRESSTAG name="Duplicate Macrocell detection">
</CYPRESSTAG>
</CYPRESSTAG>
<CYPRESSTAG name="Duplicate Macrocell detection">
</CYPRESSTAG>
<CYPRESSTAG name="Design Equations" icon="FILE_RPT_EQUATION">

------------------------------------------------------------
Design Equations
------------------------------------------------------------
    <CYPRESSTAG name="Pin listing">

    ------------------------------------------------------------
    Pin listing
    ------------------------------------------------------------

    Pin : Name = LED(0)
        Attributes:
            In Group/Port: True
            In Sync Option: AUTO
            Out Sync Option: NOSYNC
            Interrupt generated: False
            Interrupt mode: NONE
            Drive mode: CMOS_OUT
            VTrip: EITHER
            Slew: FAST
            Input Sync needed: False
            Output Sync needed: False
            SC shield enabled: False
            POR State: ANY
            LCD Mode: COMMON
            Register Mode: RegComb
            CaSense Mode: NEITHER
            Treat as pin: True
            Is OE Registered: False
            Uses Analog: False
            Can contain Digital: True
            Is SIO: False
            SIO Output Buf: NONREGULATED
            SIO Input Buf: SINGLE_ENDED
            SIO HiFreq: LOW
            SIO Hyst: DISABLED
            SIO Vtrip: MULTIPLIER_0_5
            SIO RefSel: VCC_IO
            Required Capabilitites: DIGITAL
            Initial Value: 0
            IO Voltage: 0
        PORT MAP (
            pa_out => LED(0)__PA ,
            pad => LED(0)_PAD );
        Properties:
        {
        }

    Pin : Name = LED_2(0)
        Attributes:
            In Group/Port: True
            In Sync Option: AUTO
            Out Sync Option: NOSYNC
            Interrupt generated: False
            Interrupt mode: NONE
            Drive mode: CMOS_OUT
            VTrip: EITHER
            Slew: FAST
            Input Sync needed: False
            Output Sync needed: False
            SC shield enabled: False
            POR State: ANY
            LCD Mode: COMMON
            Register Mode: RegComb
            CaSense Mode: NEITHER
            Treat as pin: True
            Is OE Registered: False
            Uses Analog: False
            Can contain Digital: True
            Is SIO: False
            SIO Output Buf: NONREGULATED
            SIO Input Buf: SINGLE_ENDED
            SIO HiFreq: LOW
            SIO Hyst: DISABLED
            SIO Vtrip: MULTIPLIER_0_5
            SIO RefSel: VCC_IO
            Required Capabilitites: DIGITAL
            Initial Value: 0
            IO Voltage: 0
        PORT MAP (
            pa_out => LED_2(0)__PA ,
            pad => LED_2(0)_PAD );

    Pin : Name = LED_3(0)
        Attributes:
            In Group/Port: True
            In Sync Option: AUTO
            Out Sync Option: NOSYNC
            Interrupt generated: False
            Interrupt mode: NONE
            Drive mode: CMOS_OUT
            VTrip: EITHER
            Slew: FAST
            Input Sync needed: False
            Output Sync needed: False
            SC shield enabled: False
            POR State: ANY
            LCD Mode: COMMON
            Register Mode: RegComb
            CaSense Mode: NEITHER
            Treat as pin: True
            Is OE Registered: False
            Uses Analog: False
            Can contain Digital: True
            Is SIO: False
            SIO Output Buf: NONREGULATED
            SIO Input Buf: SINGLE_ENDED
            SIO HiFreq: LOW
            SIO Hyst: DISABLED
            SIO Vtrip: MULTIPLIER_0_5
            SIO RefSel: VCC_IO
            Required Capabilitites: DIGITAL
            Initial Value: 0
            IO Voltage: 0
        PORT MAP (
            pa_out => LED_3(0)__PA ,
            pad => LED_3(0)_PAD );

    Pin : Name = SW1(0)
        Attributes:
            In Group/Port: True
            In Sync Option: SYNC
            Out Sync Option: AUTO
            Interrupt generated: False
            Interrupt mode: NONE
            Drive mode: RES_PULL_UP
            VTrip: CMOS
            Slew: FAST
            Input Sync needed: True
            Output Sync needed: False
            SC shield enabled: False
            POR State: ANY
            LCD Mode: COMMON
            Register Mode: RegComb
            CaSense Mode: NEITHER
            Treat as pin: True
            Is OE Registered: False
            Uses Analog: False
            Can contain Digital: True
            Is SIO: False
            SIO Output Buf: NONREGULATED
            SIO Input Buf: SINGLE_ENDED
            SIO HiFreq: LOW
            SIO Hyst: DISABLED
            SIO Vtrip: MULTIPLIER_0_5
            SIO RefSel: VCC_IO
            Required Capabilitites: DIGITAL, ROUTABLE
            Initial Value: 1
            IO Voltage: 0
        PORT MAP (
            pa_out => SW1(0)__PA ,
            pad => SW1(0)_PAD );
        Properties:
        {
        }
    </CYPRESSTAG>
    <CYPRESSTAG name="Macrocell listing" icon="FILE_RPT_EQUATION">
    </CYPRESSTAG>
    <CYPRESSTAG name="Datapath listing">
    </CYPRESSTAG>
    <CYPRESSTAG name="Status register listing">
    </CYPRESSTAG>
    <CYPRESSTAG name="StatusI register listing">
    </CYPRESSTAG>
    <CYPRESSTAG name="Sync listing">
    </CYPRESSTAG>
    <CYPRESSTAG name="Control register listing">
    </CYPRESSTAG>
    <CYPRESSTAG name="Count7 listing">
    </CYPRESSTAG>
    <CYPRESSTAG name="DRQ listing">
    </CYPRESSTAG>
    <CYPRESSTAG name="Interrupt listing">
    </CYPRESSTAG>
</CYPRESSTAG>
<CYPRESSTAG name="Technology mapping summary" expanded>

------------------------------------------------------------
Technology mapping summary
------------------------------------------------------------

Resource Type                 : Used : Free :  Max :  % Used
============================================================
Digital clock dividers        :    0 :    4 :    4 :   0.00%
Pins                          :    6 :   30 :   36 :  16.67%
UDB Macrocells                :    0 :   32 :   32 :   0.00%
UDB Unique Pterms             :    0 :   64 :   64 :   0.00%
UDB Datapath Cells            :    0 :    4 :    4 :   0.00%
UDB Status Cells              :    0 :    4 :    4 :   0.00%
UDB Control Cells             :    0 :    4 :    4 :   0.00%
Interrupts                    :    0 :   32 :   32 :   0.00%
Comparator/Opamp Fixed Blocks :    0 :    2 :    2 :   0.00%
SAR Fixed Blocks              :    0 :    1 :    1 :   0.00%
CSD Fixed Blocks              :    0 :    1 :    1 :   0.00%
CapSense Blocks               :    0 :    1 :    1 :   0.00%
8-bit CapSense IDACs          :    0 :    1 :    1 :   0.00%
7-bit CapSense IDACs          :    0 :    1 :    1 :   0.00%
Temperature Sensors           :    0 :    1 :    1 :   0.00%
Low Power Comparators         :    0 :    2 :    2 :   0.00%
TCPWM Blocks                  :    0 :    4 :    4 :   0.00%
Serial Communication Blocks   :    0 :    2 :    2 :   0.00%
Segment LCD Blocks            :    0 :    1 :    1 :   0.00%
</CYPRESSTAG>
Technology Mapping: Elapsed time ==> 0s.933ms
Tech mapping phase: Elapsed time ==> 1s.256ms
</CYPRESSTAG>
<CYPRESSTAG name="Analog Placement">
<CYPRESSTAG name="Analog Placement">
Elapsed time ==> 0.0589841s
</CYPRESSTAG>
Analog Placement phase: Elapsed time ==> 0s.205ms
</CYPRESSTAG>
<CYPRESSTAG name="Analog Routing">
<CYPRESSTAG name="Analog Routing">
Route success=True, Iterations=1 Elapsed=0.0028683 secs
</CYPRESSTAG>
Analog Routing phase: Elapsed time ==> 0s.005ms
</CYPRESSTAG>
<CYPRESSTAG name="Analog Code Generation">
============ Analog Final Answer Routes ============
Dump of CyAnalogRoutingResultsDB
Map of net to items {
}
Map of item to net {
}
Mux Info {
}
Analog Code Generation phase: Elapsed time ==> 0s.376ms
</CYPRESSTAG>
<CYPRESSTAG name="Digital Placement">
<CYPRESSTAG name="Detailed placement messages">
I2659: No Constrained paths were found. The placer will run in non-timing driven mode.
I2076: Total run-time: 0.7 sec.

</CYPRESSTAG>
<CYPRESSTAG name="PLD Packing">
<CYPRESSTAG name="PLD Packing Summary">
No PLDs were packed.
</CYPRESSTAG>
PLD Packing: Elapsed time ==> 0s.006ms
</CYPRESSTAG>
<CYPRESSTAG name="Partitioning">
<CYPRESSTAG name="Initial Partitioning Summary">
Initial Partitioning Summary not displayed at this verbose level.</CYPRESSTAG>
<CYPRESSTAG name="Final Partitioning Summary">
Final Partitioning Summary not displayed at this verbose level.</CYPRESSTAG>
Partitioning: Elapsed time ==> 0s.091ms
</CYPRESSTAG>
<CYPRESSTAG name="Simulated Annealing">
Annealing: Elapsed time ==> 0s.022ms
<CYPRESSTAG name="Simulated Annealing Results">
The seed used for moves was 114161200.
Inital cost was 0, final cost is 0 (NaN improvement).</CYPRESSTAG>
</CYPRESSTAG>
<CYPRESSTAG name="Final Placement Summary">

------------------------------------------------------------
Final Placement Summary
------------------------------------------------------------

       Resource Type :      Count : Avg Inputs : Avg Outputs
    ========================================================
                 UDB :          0 :       0.00 :       0.00
<CYPRESSTAG name="Final Placement Details">
<CYPRESSTAG name="Component Details">

------------------------------------------------------------
Component Placement Details
------------------------------------------------------------
UDB [UDB=(0,0)] is empty.
UDB [UDB=(0,1)] is empty.
UDB [UDB=(1,0)] is empty.
UDB [UDB=(1,1)] is empty.
Intr hod @ [IntrHod=(0)]: empty
Port 0 contains the following IO cells:
[IoId=0]: 
Pin : Name = LED_2(0)
    Attributes:
        In Group/Port: True
        In Sync Option: AUTO
        Out Sync Option: NOSYNC
        Interrupt generated: False
        Interrupt mode: NONE
        Drive mode: CMOS_OUT
        VTrip: EITHER
        Slew: FAST
        Input Sync needed: False
        Output Sync needed: False
        SC shield enabled: False
        POR State: ANY
        LCD Mode: COMMON
        Register Mode: RegComb
        CaSense Mode: NEITHER
        Treat as pin: True
        Is OE Registered: False
        Uses Analog: False
        Can contain Digital: True
        Is SIO: False
        SIO Output Buf: NONREGULATED
        SIO Input Buf: SINGLE_ENDED
        SIO HiFreq: LOW
        SIO Hyst: DISABLED
        SIO Vtrip: MULTIPLIER_0_5
        SIO RefSel: VCC_IO
        Required Capabilitites: DIGITAL
        Initial Value: 0
        IO Voltage: 0
    PORT MAP (
        pa_out => LED_2(0)__PA ,
        pad => LED_2(0)_PAD );
    Properties:
    {
    }

[IoId=1]: 
Pin : Name = LED_3(0)
    Attributes:
        In Group/Port: True
        In Sync Option: AUTO
        Out Sync Option: NOSYNC
        Interrupt generated: False
        Interrupt mode: NONE
        Drive mode: CMOS_OUT
        VTrip: EITHER
        Slew: FAST
        Input Sync needed: False
        Output Sync needed: False
        SC shield enabled: False
        POR State: ANY
        LCD Mode: COMMON
        Register Mode: RegComb
        CaSense Mode: NEITHER
        Treat as pin: True
        Is OE Registered: False
        Uses Analog: False
        Can contain Digital: True
        Is SIO: False
        SIO Output Buf: NONREGULATED
        SIO Input Buf: SINGLE_ENDED
        SIO HiFreq: LOW
        SIO Hyst: DISABLED
        SIO Vtrip: MULTIPLIER_0_5
        SIO RefSel: VCC_IO
        Required Capabilitites: DIGITAL
        Initial Value: 0
        IO Voltage: 0
    PORT MAP (
        pa_out => LED_3(0)__PA ,
        pad => LED_3(0)_PAD );
    Properties:
    {
    }

[IoId=7]: 
Pin : Name = SW1(0)
    Attributes:
        In Group/Port: True
        In Sync Option: SYNC
        Out Sync Option: AUTO
        Interrupt generated: False
        Interrupt mode: NONE
        Drive mode: RES_PULL_UP
        VTrip: CMOS
        Slew: FAST
        Input Sync needed: True
        Output Sync needed: False
        SC shield enabled: False
        POR State: ANY
        LCD Mode: COMMON
        Register Mode: RegComb
        CaSense Mode: NEITHER
        Treat as pin: True
        Is OE Registered: False
        Uses Analog: False
        Can contain Digital: True
        Is SIO: False
        SIO Output Buf: NONREGULATED
        SIO Input Buf: SINGLE_ENDED
        SIO HiFreq: LOW
        SIO Hyst: DISABLED
        SIO Vtrip: MULTIPLIER_0_5
        SIO RefSel: VCC_IO
        Required Capabilitites: DIGITAL, ROUTABLE
        Initial Value: 1
        IO Voltage: 0
    PORT MAP (
        pa_out => SW1(0)__PA ,
        pad => SW1(0)_PAD );
    Properties:
    {
    }

Port 1 contains the following IO cells:
[IoId=6]: 
Pin : Name = LED(0)
    Attributes:
        In Group/Port: True
        In Sync Option: AUTO
        Out Sync Option: NOSYNC
        Interrupt generated: False
        Interrupt mode: NONE
        Drive mode: CMOS_OUT
        VTrip: EITHER
        Slew: FAST
        Input Sync needed: False
        Output Sync needed: False
        SC shield enabled: False
        POR State: ANY
        LCD Mode: COMMON
        Register Mode: RegComb
        CaSense Mode: NEITHER
        Treat as pin: True
        Is OE Registered: False
        Uses Analog: False
        Can contain Digital: True
        Is SIO: False
        SIO Output Buf: NONREGULATED
        SIO Input Buf: SINGLE_ENDED
        SIO HiFreq: LOW
        SIO Hyst: DISABLED
        SIO Vtrip: MULTIPLIER_0_5
        SIO RefSel: VCC_IO
        Required Capabilitites: DIGITAL
        Initial Value: 0
        IO Voltage: 0
    PORT MAP (
        pa_out => LED(0)__PA ,
        pad => LED(0)_PAD );
    Properties:
    {
    }

Port 2 is empty
Port 3 is empty
Port 4 is empty
Clock group 0: 
    M0S8 Clock Block @ [FFB(Clock,0)]: 
    m0s8clockblockcell: Name =ClockBlock
        PORT MAP (
            hfclk => ClockBlock_HFCLK ,
            imo => ClockBlock_IMO ,
            ext => ClockBlock_EXTCLK ,
            sysclk => ClockBlock_SYSCLK ,
            ilo => ClockBlock_ILO ,
            lfclk => ClockBlock_LFCLK ,
            dsi_in_0 => ClockBlock_Routed1 );
        Properties:
        {
        }
PM group 0: empty
SPC group 0: empty
WDT group 0: empty
FSS group 0: empty
Low Power Comparator group 0: empty
Serial Communication Block group 0: empty
CSD Fixed Block group 0: empty
8-bit CapSense IDAC group 0: empty
7-bit CapSense IDAC group 0: empty
TCPWM Block group 0: empty
Comparator/Opamp Fixed Block group 0: empty
Temperature Sensor group 0: empty
SAR Fixed Block group 0: empty
Segment LCD Block group 0: empty
CLK_GEN group 0: 
    M0S8 Clock Gen Block @ [FFB(CLK_GEN,0)]: 
    m0s8clockgenblockcell: Name =ClockGenBlock
        PORT MAP (
             );
        Properties:
        {
        }
LPCOMPBLOCK group 0: empty
CTBMBLOCK group 0: empty
ANAPUMP group 0: empty
</CYPRESSTAG>
<CYPRESSTAG name="Port Configuration Details">

------------------------------------------------------------
Port Configuration report
------------------------------------------------------------
     |     |       | Interrupt |                  |          | 
Port | Pin | Fixed |      Type |       Drive Mode |     Name | Connections
-----+-----+-------+-----------+------------------+----------+------------
   0 |   0 |       |      NONE |         CMOS_OUT | LED_2(0) | 
     |   1 |       |      NONE |         CMOS_OUT | LED_3(0) | 
     |   7 |     * |      NONE |      RES_PULL_UP |   SW1(0) | 
-----+-----+-------+-----------+------------------+----------+------------
   1 |   6 |     * |      NONE |         CMOS_OUT |   LED(0) | 
--------------------------------------------------------------------------
</CYPRESSTAG>
</CYPRESSTAG>
</CYPRESSTAG>
Digital component placer commit/Report: Elapsed time ==> 0s.002ms
Digital Placement phase: Elapsed time ==> 1s.732ms
</CYPRESSTAG>
<CYPRESSTAG name="Digital Routing">
Routing successful.
Digital Routing phase: Elapsed time ==> 0s.874ms
</CYPRESSTAG>
<CYPRESSTAG name="Bitstream and API generation">
Bitstream and API generation phase: Elapsed time ==> 0s.549ms
</CYPRESSTAG>
<CYPRESSTAG name="Bitstream verification">
Bitstream verification phase: Elapsed time ==> 0s.099ms
</CYPRESSTAG>
<CYPRESSTAG name="Static timing analysis">
Timing report is in s-11_timing.html.
Static timing analysis phase: Elapsed time ==> 0s.257ms
</CYPRESSTAG>
<CYPRESSTAG name="Data reporting">
Data reporting phase: Elapsed time ==> 0s.000ms
</CYPRESSTAG>
<CYPRESSTAG name="Database update...">
Design database save phase: Elapsed time ==> 0s.224ms
</CYPRESSTAG>
cydsfit: Elapsed time ==> 5s.840ms
</CYPRESSTAG>
Fitter phase: Elapsed time ==> 6s.065ms
API generation phase: Elapsed time ==> 14s.676ms
Dependency generation phase: Elapsed time ==> 0s.045ms
Cleanup phase: Elapsed time ==> 0s.006ms
