Loading plugins phase: Elapsed time ==> 0s.278ms
Initializing data phase: Elapsed time ==> 0s.000ms
<CYPRESSTAG name="CyDsfit arguments...">
cydsfit arguments: -.fdsnotice -.fdswarpdepfile=warp_dependencies.txt -.fdselabdepfile=elab_dependencies.txt -.fdsbldfile=generated_files.txt -p C:\WORKS\WS\WS_PSoC\SCB_Bootloader\Bootloadable Blinking LED.cydsn\Bootloadable Blinking LED.cyprj -d CY8C4245AXI-483 -s C:\WORKS\WS\WS_PSoC\SCB_Bootloader\Bootloadable Blinking LED.cydsn\Generated_Source\PSoC4 -- -yv2 -q10 -ygs -o2 -v3 -.fftcfgtype=LE</CYPRESSTAG>
<CYPRESSTAG name="Design elaboration results...">
</CYPRESSTAG>
Elaboration phase: Elapsed time ==> 2s.010ms
<CYPRESSTAG name="HDL generation results...">
</CYPRESSTAG>
HDL generation phase: Elapsed time ==> 0s.055ms
<CYPRESSTAG name="Synthesis results...">

     | | | | | | |
   _________________
  -|               |-
  -|               |-
  -|               |-
  -|    CYPRESS    |-
  -|               |-
  -|               |-   Warp Verilog Synthesis Compiler: Version 6.3 IR 41
  -|               |-   Copyright (C) 1991-2001 Cypress Semiconductor
   |_______________|
     | | | | | | |

======================================================================
Compiling:  Bootloadable Blinking LED.v
Program  :   C:\WORKS\Programs\PSoC_Creator\PSoC Creator\3.2\PSoC_Creator\warp\bin/warp.exe
Options  :    -yv2 -q10 -ygs -o2 -v3 -.fftcfgtype=LE -ya -.fftprj=C:\WORKS\WS\WS_PSoC\SCB_Bootloader\Bootloadable Blinking LED.cydsn\Bootloadable Blinking LED.cyprj -dcpsoc3 Bootloadable Blinking LED.v -verilog
======================================================================

======================================================================
Compiling:  Bootloadable Blinking LED.v
Program  :   C:\WORKS\Programs\PSoC_Creator\PSoC Creator\3.2\PSoC_Creator\warp\bin/warp.exe
Options  :    -yv2 -q10 -ygs -o2 -v3 -.fftcfgtype=LE -ya -.fftprj=C:\WORKS\WS\WS_PSoC\SCB_Bootloader\Bootloadable Blinking LED.cydsn\Bootloadable Blinking LED.cyprj -dcpsoc3 Bootloadable Blinking LED.v -verilog
======================================================================

======================================================================
Compiling:  Bootloadable Blinking LED.v
Program  :   vlogfe
Options  :    -yv2 -q10 -ygs -o2 -v3 -.fftcfgtype=LE -ya -.fftprj=C:\WORKS\WS\WS_PSoC\SCB_Bootloader\Bootloadable Blinking LED.cydsn\Bootloadable Blinking LED.cyprj -dcpsoc3 -verilog Bootloadable Blinking LED.v
======================================================================

vlogfe V6.3 IR 41:  Verilog parser
Fri Jul 10 05:54:34 2015


======================================================================
Compiling:  Bootloadable Blinking LED.v
Program  :   vpp
Options  :    -yv2 -q10 Bootloadable Blinking LED.v
======================================================================

vpp V6.3 IR 41:  Verilog Pre-Processor
Fri Jul 10 05:54:34 2015

Flattening file 'C:\WORKS\Programs\PSoC_Creator\PSoC Creator\3.2\PSoC_Creator\warp\..\psoc\content\cyprimitives\CyPrimitives.cylib\cy_virtualmux_v1_0\cy_virtualmux_v1_0.v'
Flattening file 'C:\WORKS\Programs\PSoC_Creator\PSoC Creator\3.2\PSoC_Creator\warp\..\psoc\content\cyprimitives\CyPrimitives.cylib\OneTerminal\OneTerminal.v'

vpp:  No errors.

Library 'work' => directory 'lcpsoc3'
General_symbol_table
General_symbol_table
Linking 'C:\WORKS\Programs\PSoC_Creator\PSoC Creator\3.2\PSoC_Creator\warp\lib\common\std.vhd'.
Linking 'C:\WORKS\Programs\PSoC_Creator\PSoC Creator\3.2\PSoC_Creator\warp\lib\common\cypress.vhd'.
Linking 'C:\WORKS\Programs\PSoC_Creator\PSoC Creator\3.2\PSoC_Creator\warp\lib\common\work\cypress.vif'.
Linking 'C:\WORKS\Programs\PSoC_Creator\PSoC Creator\3.2\PSoC_Creator\warp\lib\ieee\work\stdlogic.vif'.
Linking 'C:\WORKS\Programs\PSoC_Creator\PSoC Creator\3.2\PSoC_Creator\warp\lib\common\stdlogic\lpmpkg.vif'.
Linking 'C:\WORKS\Programs\PSoC_Creator\PSoC Creator\3.2\PSoC_Creator\warp\lib\common\stdlogic\rtlpkg.vif'.
Linking 'C:\WORKS\Programs\PSoC_Creator\PSoC Creator\3.2\PSoC_Creator\warp\lib\common\stdlogic\mod_cnst.vif'.
Linking 'C:\WORKS\Programs\PSoC_Creator\PSoC Creator\3.2\PSoC_Creator\warp\lib\common\stdlogic\mod_mthv.vif'.
Linking 'C:\WORKS\Programs\PSoC_Creator\PSoC Creator\3.2\PSoC_Creator\warp\lib\common\stdlogic\mod_genv.vif'.
Using control file 'Bootloadable Blinking LED.ctl'.

vlogfe:  No errors.


======================================================================
Compiling:  Bootloadable Blinking LED.v
Program  :   tovif
Options  :    -yv2 -q10 -ygs -o2 -v3 -.fftcfgtype=LE -ya -.fftprj=C:\WORKS\WS\WS_PSoC\SCB_Bootloader\Bootloadable Blinking LED.cydsn\Bootloadable Blinking LED.cyprj -dcpsoc3 -verilog Bootloadable Blinking LED.v
======================================================================

tovif V6.3 IR 41:  High-level synthesis
Fri Jul 10 05:54:34 2015

Linking 'C:\WORKS\Programs\PSoC_Creator\PSoC Creator\3.2\PSoC_Creator\warp\lib\common\std.vhd'.
Linking 'C:\WORKS\Programs\PSoC_Creator\PSoC Creator\3.2\PSoC_Creator\warp\lib\common\cypress.vhd'.
Linking 'C:\WORKS\Programs\PSoC_Creator\PSoC Creator\3.2\PSoC_Creator\warp\lib\common\work\cypress.vif'.
Linking 'C:\WORKS\Programs\PSoC_Creator\PSoC Creator\3.2\PSoC_Creator\warp\lib\ieee\work\stdlogic.vif'.
Linking 'C:\WORKS\Programs\PSoC_Creator\PSoC Creator\3.2\PSoC_Creator\warp\lib\common\stdlogic\lpmpkg.vif'.
Linking 'C:\WORKS\Programs\PSoC_Creator\PSoC Creator\3.2\PSoC_Creator\warp\lib\common\stdlogic\rtlpkg.vif'.
Linking 'C:\WORKS\Programs\PSoC_Creator\PSoC Creator\3.2\PSoC_Creator\warp\lib\common\stdlogic\mod_cnst.vif'.
Linking 'C:\WORKS\Programs\PSoC_Creator\PSoC Creator\3.2\PSoC_Creator\warp\lib\common\stdlogic\mod_mthv.vif'.
Linking 'C:\WORKS\Programs\PSoC_Creator\PSoC Creator\3.2\PSoC_Creator\warp\lib\common\stdlogic\mod_genv.vif'.
Linking 'C:\WORKS\WS\WS_PSoC\SCB_Bootloader\Bootloadable Blinking LED.cydsn\codegentemp\Bootloadable Blinking LED.ctl'.
Linking 'C:\WORKS\Programs\PSoC_Creator\PSoC Creator\3.2\PSoC_Creator\psoc\content\cyprimitives\CyPrimitives.cylib\cy_virtualmux_v1_0\cy_virtualmux_v1_0.v'.
Linking 'C:\WORKS\WS\WS_PSoC\SCB_Bootloader\Bootloadable Blinking LED.cydsn\codegentemp\Bootloadable Blinking LED.v'.
Linking 'C:\WORKS\Programs\PSoC_Creator\PSoC Creator\3.2\PSoC_Creator\psoc\content\cyprimitives\CyPrimitives.cylib\OneTerminal\OneTerminal.v'.

tovif:  No errors.


======================================================================
Compiling:  Bootloadable Blinking LED.v
Program  :   topld
Options  :    -yv2 -q10 -ygs -o2 -v3 -.fftcfgtype=LE -ya -.fftprj=C:\WORKS\WS\WS_PSoC\SCB_Bootloader\Bootloadable Blinking LED.cydsn\Bootloadable Blinking LED.cyprj -dcpsoc3 -verilog Bootloadable Blinking LED.v
======================================================================

topld V6.3 IR 41:  Synthesis and optimization
Fri Jul 10 05:54:34 2015

Linking 'C:\WORKS\Programs\PSoC_Creator\PSoC Creator\3.2\PSoC_Creator\warp\lib\common\std.vhd'.
Linking 'C:\WORKS\Programs\PSoC_Creator\PSoC Creator\3.2\PSoC_Creator\warp\lib\common\cypress.vhd'.
Linking 'C:\WORKS\Programs\PSoC_Creator\PSoC Creator\3.2\PSoC_Creator\warp\lib\common\work\cypress.vif'.
Linking 'C:\WORKS\Programs\PSoC_Creator\PSoC Creator\3.2\PSoC_Creator\warp\lib\ieee\work\stdlogic.vif'.
Linking 'C:\WORKS\Programs\PSoC_Creator\PSoC Creator\3.2\PSoC_Creator\warp\lib\common\stdlogic\lpmpkg.vif'.
Linking 'C:\WORKS\Programs\PSoC_Creator\PSoC Creator\3.2\PSoC_Creator\warp\lib\common\stdlogic\rtlpkg.vif'.
Linking 'C:\WORKS\Programs\PSoC_Creator\PSoC Creator\3.2\PSoC_Creator\warp\lib\common\stdlogic\mod_cnst.vif'.
Linking 'C:\WORKS\Programs\PSoC_Creator\PSoC Creator\3.2\PSoC_Creator\warp\lib\common\stdlogic\mod_mthv.vif'.
Linking 'C:\WORKS\Programs\PSoC_Creator\PSoC Creator\3.2\PSoC_Creator\warp\lib\common\stdlogic\mod_genv.vif'.
Linking 'C:\WORKS\WS\WS_PSoC\SCB_Bootloader\Bootloadable Blinking LED.cydsn\codegentemp\Bootloadable Blinking LED.ctl'.
Linking 'C:\WORKS\Programs\PSoC_Creator\PSoC Creator\3.2\PSoC_Creator\psoc\content\cyprimitives\CyPrimitives.cylib\cy_virtualmux_v1_0\cy_virtualmux_v1_0.v'.
Linking 'C:\WORKS\WS\WS_PSoC\SCB_Bootloader\Bootloadable Blinking LED.cydsn\codegentemp\Bootloadable Blinking LED.v'.
Linking 'C:\WORKS\Programs\PSoC_Creator\PSoC Creator\3.2\PSoC_Creator\psoc\content\cyprimitives\CyPrimitives.cylib\OneTerminal\OneTerminal.v'.
Linking 'C:\WORKS\Programs\PSoC_Creator\PSoC Creator\3.2\PSoC_Creator\warp\lib\lcpsoc3\stdlogic\cpsoc3.vif'.

----------------------------------------------------------
Detecting unused logic.
----------------------------------------------------------



------------------------------------------------------
Alias Detection
------------------------------------------------------
Aliasing \PWM:Net_66\ to \PWM:Net_75\
Aliasing \PWM:Net_82\ to \PWM:Net_75\
Aliasing Net_43 to Net_44
Aliasing tmpOE__P1_6_net_0 to Net_44
Aliasing zero to \PWM:Net_75\
Aliasing one to Net_44
Removing Lhs of wire \PWM:Net_81\[1] = Net_24[15]
Removing Lhs of wire \PWM:Net_69\[3] = Net_44[13]
Removing Lhs of wire \PWM:Net_66\[4] = \PWM:Net_75\[2]
Removing Lhs of wire \PWM:Net_82\[5] = \PWM:Net_75\[2]
Removing Lhs of wire \PWM:Net_72\[6] = Net_44[13]
Removing Lhs of wire Net_43[14] = Net_44[13]
Removing Lhs of wire tmpOE__P1_6_net_0[18] = Net_44[13]
Removing Rhs of wire zero[23] = \PWM:Net_75\[2]
Removing Lhs of wire one[24] = Net_44[13]

------------------------------------------------------
Aliased 0 equations, 9 wires.
------------------------------------------------------

----------------------------------------------------------
Circuit simplification
----------------------------------------------------------

Substituting virtuals - pass 1:


----------------------------------------------------------
Circuit simplification results:

	Expanded 0 signals.
	Turned 0 signals into soft nodes.
	Maximum default expansion cost was set at 3.
----------------------------------------------------------

topld:  No errors.

CYPRESS_DIR    : C:\WORKS\Programs\PSoC_Creator\PSoC Creator\3.2\PSoC_Creator\warp
Warp Program   : C:\WORKS\Programs\PSoC_Creator\PSoC Creator\3.2\PSoC_Creator\warp\bin/warp.exe
Warp Arguments : -yv2 -q10 -ygs -o2 -v3 -.fftcfgtype=LE -ya "-.fftprj=C:\WORKS\WS\WS_PSoC\SCB_Bootloader\Bootloadable Blinking LED.cydsn\Bootloadable Blinking LED.cyprj" -dcpsoc3 "Bootloadable Blinking LED.v" -verilog
</CYPRESSTAG>
Warp synthesis phase: Elapsed time ==> 0s.389ms
<CYPRESSTAG name="Fitter results...">
<CYPRESSTAG name="Fitter startup details...">
cyp3fit: V3.2.0.724, Family: PSoC3, Started at: Friday, 10 July 2015 05:54:34
Options: -yv2 -q10 -ygs -o2 -v3 -.fftcfgtype=LE -ya -.fftprj=C:\WORKS\WS\WS_PSoC\SCB_Bootloader\Bootloadable Blinking LED.cydsn\Bootloadable Blinking LED.cyprj -d CY8C4245AXI-483 Bootloadable Blinking LED.v -verilog
</CYPRESSTAG>
<CYPRESSTAG name="Design parsing">
Design parsing phase: Elapsed time ==> 0s.014ms
</CYPRESSTAG>
<CYPRESSTAG name="Tech mapping">
<CYPRESSTAG name="Initial Mapping" icon="FILE_RPT_TECHM">
<CYPRESSTAG name="Global Clock Selection" icon="FILE_RPT_TECHM">
    Fixed Function Clock 8: Automatic-assigning  clock 'Clock'. Signal=Net_24_ff8
<CYPRESSTAG name="UDB Clock/Enable Remapping Results">
</CYPRESSTAG>
</CYPRESSTAG>
<CYPRESSTAG name="Duplicate Macrocell detection">
</CYPRESSTAG>
</CYPRESSTAG>
<CYPRESSTAG name="Duplicate Macrocell detection">
</CYPRESSTAG>
<CYPRESSTAG name="Design Equations" icon="FILE_RPT_EQUATION">

------------------------------------------------------------
Design Equations
------------------------------------------------------------
    <CYPRESSTAG name="Pin listing">

    ------------------------------------------------------------
    Pin listing
    ------------------------------------------------------------

    Pin : Name = P1_6(0)
        Attributes:
            Alias: LED1
            In Group/Port: True
            In Sync Option: AUTO
            Out Sync Option: NOSYNC
            Interrupt generated: False
            Interrupt mode: NONE
            Drive mode: CMOS_OUT
            VTrip: EITHER
            Slew: FAST
            Input Sync needed: False
            Output Sync needed: False
            SC shield enabled: False
            POR State: ANY
            LCD Mode: COMMON
            Register Mode: RegComb
            CaSense Mode: NEITHER
            Treat as pin: True
            Is OE Registered: False
            Uses Analog: False
            Can contain Digital: True
            Is SIO: False
            SIO Output Buf: NONREGULATED
            SIO Input Buf: SINGLE_ENDED
            SIO HiFreq: LOW
            SIO Hyst: DISABLED
            SIO Vtrip: MULTIPLIER_0_5
            SIO RefSel: VCC_IO
            Required Capabilitites: DIGITAL
            Initial Value: 1
            IO Voltage: 0
        PORT MAP (
            pa_out => P1_6(0)__PA ,
            input => Net_29 ,
            annotation => Net_81 ,
            pad => P1_6(0)_PAD );
        Properties:
        {
        }
    </CYPRESSTAG>
    <CYPRESSTAG name="Macrocell listing" icon="FILE_RPT_EQUATION">
    </CYPRESSTAG>
    <CYPRESSTAG name="Datapath listing">
    </CYPRESSTAG>
    <CYPRESSTAG name="Status register listing">
    </CYPRESSTAG>
    <CYPRESSTAG name="StatusI register listing">
    </CYPRESSTAG>
    <CYPRESSTAG name="Sync listing">
    </CYPRESSTAG>
    <CYPRESSTAG name="Control register listing">
    </CYPRESSTAG>
    <CYPRESSTAG name="Count7 listing">
    </CYPRESSTAG>
    <CYPRESSTAG name="DRQ listing">
    </CYPRESSTAG>
    <CYPRESSTAG name="Interrupt listing">
    </CYPRESSTAG>
</CYPRESSTAG>
<CYPRESSTAG name="Technology mapping summary" expanded>

------------------------------------------------------------
Technology mapping summary
------------------------------------------------------------

Resource Type                 : Used : Free :  Max :  % Used
============================================================
Digital clock dividers        :    0 :    4 :    4 :   0.00%
Pins                          :    1 :   35 :   36 :   2.78%
UDB Macrocells                :    0 :   32 :   32 :   0.00%
UDB Unique Pterms             :    0 :   64 :   64 :   0.00%
UDB Datapath Cells            :    0 :    4 :    4 :   0.00%
UDB Status Cells              :    0 :    4 :    4 :   0.00%
UDB Control Cells             :    0 :    4 :    4 :   0.00%
Interrupts                    :    0 :   32 :   32 :   0.00%
Comparator/Opamp Fixed Blocks :    0 :    2 :    2 :   0.00%
SAR Fixed Blocks              :    0 :    1 :    1 :   0.00%
CSD Fixed Blocks              :    0 :    1 :    1 :   0.00%
CapSense Blocks               :    0 :    1 :    1 :   0.00%
8-bit CapSense IDACs          :    0 :    1 :    1 :   0.00%
7-bit CapSense IDACs          :    0 :    1 :    1 :   0.00%
Temperature Sensors           :    0 :    1 :    1 :   0.00%
Low Power Comparators         :    0 :    2 :    2 :   0.00%
TCPWM Blocks                  :    1 :    3 :    4 :  25.00%
Serial Communication Blocks   :    0 :    2 :    2 :   0.00%
Segment LCD Blocks            :    0 :    1 :    1 :   0.00%
</CYPRESSTAG>
Technology Mapping: Elapsed time ==> 0s.468ms
Tech mapping phase: Elapsed time ==> 0s.518ms
</CYPRESSTAG>
<CYPRESSTAG name="Analog Placement">
<CYPRESSTAG name="Analog Placement">
Elapsed time ==> 0.0120440s
</CYPRESSTAG>
Analog Placement phase: Elapsed time ==> 0s.089ms
</CYPRESSTAG>
<CYPRESSTAG name="Analog Routing">
<CYPRESSTAG name="Analog Routing">
Route success=True, Iterations=1 Elapsed=0.0020778 secs
</CYPRESSTAG>
Analog Routing phase: Elapsed time ==> 0s.003ms
</CYPRESSTAG>
<CYPRESSTAG name="Analog Code Generation">
============ Analog Final Answer Routes ============
Dump of CyAnalogRoutingResultsDB
Map of net to items {
}
Map of item to net {
}
Mux Info {
}
Analog Code Generation phase: Elapsed time ==> 0s.142ms
</CYPRESSTAG>
<CYPRESSTAG name="Digital Placement">
<CYPRESSTAG name="Detailed placement messages">
I2659: No Constrained paths were found. The placer will run in non-timing driven mode.
I2076: Total run-time: 0.3 sec.

</CYPRESSTAG>
<CYPRESSTAG name="PLD Packing">
<CYPRESSTAG name="PLD Packing Summary">
No PLDs were packed.
</CYPRESSTAG>
PLD Packing: Elapsed time ==> 0s.001ms
</CYPRESSTAG>
<CYPRESSTAG name="Partitioning">
<CYPRESSTAG name="Initial Partitioning Summary">
Initial Partitioning Summary not displayed at this verbose level.</CYPRESSTAG>
<CYPRESSTAG name="Final Partitioning Summary">
Final Partitioning Summary not displayed at this verbose level.</CYPRESSTAG>
Partitioning: Elapsed time ==> 0s.014ms
</CYPRESSTAG>
<CYPRESSTAG name="Simulated Annealing">
Annealing: Elapsed time ==> 0s.002ms
<CYPRESSTAG name="Simulated Annealing Results">
The seed used for moves was 114161200.
Inital cost was 8, final cost is 8 (0.00% improvement).</CYPRESSTAG>
</CYPRESSTAG>
<CYPRESSTAG name="Final Placement Summary">

------------------------------------------------------------
Final Placement Summary
------------------------------------------------------------

       Resource Type :      Count : Avg Inputs : Avg Outputs
    ========================================================
                 UDB :          0 :       0.00 :       0.00
<CYPRESSTAG name="Final Placement Details">
<CYPRESSTAG name="Component Details">

------------------------------------------------------------
Component Placement Details
------------------------------------------------------------
UDB [UDB=(0,0)] is empty.
UDB [UDB=(0,1)] is empty.
UDB [UDB=(1,0)] is empty.
UDB [UDB=(1,1)] is empty.
Intr hod @ [IntrHod=(0)]: empty
Port 0 is empty
Port 1 contains the following IO cells:
[IoId=6]: 
Pin : Name = P1_6(0)
    Attributes:
        Alias: LED1
        In Group/Port: True
        In Sync Option: AUTO
        Out Sync Option: NOSYNC
        Interrupt generated: False
        Interrupt mode: NONE
        Drive mode: CMOS_OUT
        VTrip: EITHER
        Slew: FAST
        Input Sync needed: False
        Output Sync needed: False
        SC shield enabled: False
        POR State: ANY
        LCD Mode: COMMON
        Register Mode: RegComb
        CaSense Mode: NEITHER
        Treat as pin: True
        Is OE Registered: False
        Uses Analog: False
        Can contain Digital: True
        Is SIO: False
        SIO Output Buf: NONREGULATED
        SIO Input Buf: SINGLE_ENDED
        SIO HiFreq: LOW
        SIO Hyst: DISABLED
        SIO Vtrip: MULTIPLIER_0_5
        SIO RefSel: VCC_IO
        Required Capabilitites: DIGITAL
        Initial Value: 1
        IO Voltage: 0
    PORT MAP (
        pa_out => P1_6(0)__PA ,
        input => Net_29 ,
        annotation => Net_81 ,
        pad => P1_6(0)_PAD );
    Properties:
    {
    }

Port 2 is empty
Port 3 is empty
Port 4 is empty
Clock group 0: 
    M0S8 Clock Block @ [FFB(Clock,0)]: 
    m0s8clockblockcell: Name =ClockBlock
        PORT MAP (
            hfclk => ClockBlock_HFCLK ,
            imo => ClockBlock_IMO ,
            ext => ClockBlock_EXTCLK ,
            sysclk => ClockBlock_SYSCLK ,
            ilo => ClockBlock_ILO ,
            lfclk => ClockBlock_LFCLK ,
            dsi_in_0 => ClockBlock_Routed1 ,
            ff_div_8 => Net_24_ff8 );
        Properties:
        {
        }
PM group 0: empty
SPC group 0: empty
WDT group 0: empty
FSS group 0: empty
Low Power Comparator group 0: empty
Serial Communication Block group 0: empty
CSD Fixed Block group 0: empty
8-bit CapSense IDAC group 0: empty
7-bit CapSense IDAC group 0: empty
TCPWM Block group 0: 
    Tcpwm Block @ [FFB(TCPWM,0)]: 
    m0s8tcpwmcell: Name =\PWM:cy_m0s8_tcpwm_1\
        PORT MAP (
            clock => Net_24_ff8 ,
            capture => zero ,
            count => Net_44 ,
            reload => zero ,
            stop => zero ,
            start => Net_44 ,
            tr_underflow => Net_22 ,
            tr_overflow => Net_21 ,
            tr_compare_match => Net_23 ,
            line_out => Net_29 ,
            line_out_compl => Net_25 ,
            interrupt => Net_20 );
        Properties:
        {
            cy_registers = ""
        }
Comparator/Opamp Fixed Block group 0: empty
Temperature Sensor group 0: empty
SAR Fixed Block group 0: empty
Segment LCD Block group 0: empty
CLK_GEN group 0: 
    M0S8 Clock Gen Block @ [FFB(CLK_GEN,0)]: 
    m0s8clockgenblockcell: Name =ClockGenBlock
        PORT MAP (
             );
        Properties:
        {
        }
LPCOMPBLOCK group 0: empty
CTBMBLOCK group 0: empty
ANAPUMP group 0: empty
</CYPRESSTAG>
<CYPRESSTAG name="Port Configuration Details">

------------------------------------------------------------
Port Configuration report
------------------------------------------------------------
     |     |       | Interrupt |                  |         | 
Port | Pin | Fixed |      Type |       Drive Mode |    Name | Connections
-----+-----+-------+-----------+------------------+---------+------------
   1 |   6 |     * |      NONE |         CMOS_OUT | P1_6(0) | In(Net_29)
-------------------------------------------------------------------------
</CYPRESSTAG>
</CYPRESSTAG>
</CYPRESSTAG>
Digital component placer commit/Report: Elapsed time ==> 0s.001ms
Digital Placement phase: Elapsed time ==> 0s.521ms
</CYPRESSTAG>
<CYPRESSTAG name="Digital Routing">
Routing successful.
Digital Routing phase: Elapsed time ==> 0s.521ms
</CYPRESSTAG>
<CYPRESSTAG name="Bitstream and API generation">
Bitstream and API generation phase: Elapsed time ==> 0s.319ms
</CYPRESSTAG>
<CYPRESSTAG name="Bitstream verification">
Bitstream verification phase: Elapsed time ==> 0s.046ms
</CYPRESSTAG>
<CYPRESSTAG name="Static timing analysis">
Timing report is in Bootloadable Blinking LED_timing.html.
Static timing analysis phase: Elapsed time ==> 0s.168ms
</CYPRESSTAG>
<CYPRESSTAG name="Data reporting">
Data reporting phase: Elapsed time ==> 0s.000ms
</CYPRESSTAG>
<CYPRESSTAG name="Database update...">
Design database save phase: Elapsed time ==> 0s.165ms
</CYPRESSTAG>
cydsfit: Elapsed time ==> 2s.530ms
</CYPRESSTAG>
Fitter phase: Elapsed time ==> 2s.580ms
API generation phase: Elapsed time ==> 11s.199ms
Dependency generation phase: Elapsed time ==> 0s.007ms
Cleanup phase: Elapsed time ==> 0s.001ms
