ARM GAS  C:\Users\kbuchi\AppData\Local\Temp\ccGTxp8s.s 			page 1


   1              		.cpu cortex-m0
   2              		.fpu softvfp
   3              		.eabi_attribute 20, 1
   4              		.eabi_attribute 21, 1
   5              		.eabi_attribute 23, 3
   6              		.eabi_attribute 24, 1
   7              		.eabi_attribute 25, 1
   8              		.eabi_attribute 26, 1
   9              		.eabi_attribute 30, 6
  10              		.eabi_attribute 34, 0
  11              		.eabi_attribute 18, 4
  12              		.code	16
  13              		.file	"cyfitter_cfg.c"
  14              		.text
  15              	.Ltext0:
  16              		.cfi_sections	.debug_frame
  17              		.section	.text.CYMEMZERO,"ax",%progbits
  18              		.align	2
  19              		.code	16
  20              		.thumb_func
  21              		.type	CYMEMZERO, %function
  22              	CYMEMZERO:
  23              	.LFB0:
  24              		.file 1 ".\\Generated_Source\\PSoC4\\cyfitter_cfg.c"
   1:.\Generated_Source\PSoC4/cyfitter_cfg.c **** /*******************************************************************************
   2:.\Generated_Source\PSoC4/cyfitter_cfg.c **** * FILENAME: cyfitter_cfg.c
   3:.\Generated_Source\PSoC4/cyfitter_cfg.c **** * 
   4:.\Generated_Source\PSoC4/cyfitter_cfg.c **** * PSoC Creator  3.2
   5:.\Generated_Source\PSoC4/cyfitter_cfg.c **** *
   6:.\Generated_Source\PSoC4/cyfitter_cfg.c **** * DESCRIPTION:
   7:.\Generated_Source\PSoC4/cyfitter_cfg.c **** * This file contains device initialization code.
   8:.\Generated_Source\PSoC4/cyfitter_cfg.c **** * Except for the user defined sections in CyClockStartupError(), this file should not be modified.
   9:.\Generated_Source\PSoC4/cyfitter_cfg.c **** * This file is automatically generated by PSoC Creator.
  10:.\Generated_Source\PSoC4/cyfitter_cfg.c **** *
  11:.\Generated_Source\PSoC4/cyfitter_cfg.c **** ********************************************************************************
  12:.\Generated_Source\PSoC4/cyfitter_cfg.c **** * Copyright (c) 2007-2015 Cypress Semiconductor.  All rights reserved.
  13:.\Generated_Source\PSoC4/cyfitter_cfg.c **** * You may use this file only in accordance with the license, terms, conditions, 
  14:.\Generated_Source\PSoC4/cyfitter_cfg.c **** * disclaimers, and limitations in the end user license agreement accompanying 
  15:.\Generated_Source\PSoC4/cyfitter_cfg.c **** * the software package with which this file was provided.
  16:.\Generated_Source\PSoC4/cyfitter_cfg.c **** ********************************************************************************/
  17:.\Generated_Source\PSoC4/cyfitter_cfg.c **** 
  18:.\Generated_Source\PSoC4/cyfitter_cfg.c **** #include <string.h>
  19:.\Generated_Source\PSoC4/cyfitter_cfg.c **** #include "cytypes.h"
  20:.\Generated_Source\PSoC4/cyfitter_cfg.c **** #include "cydevice_trm.h"
  21:.\Generated_Source\PSoC4/cyfitter_cfg.c **** #include "cyfitter.h"
  22:.\Generated_Source\PSoC4/cyfitter_cfg.c **** #include "CyLib.h"
  23:.\Generated_Source\PSoC4/cyfitter_cfg.c **** #include "cyfitter_cfg.h"
  24:.\Generated_Source\PSoC4/cyfitter_cfg.c **** 
  25:.\Generated_Source\PSoC4/cyfitter_cfg.c **** 
  26:.\Generated_Source\PSoC4/cyfitter_cfg.c **** #if defined(__GNUC__) || defined(__ARMCC_VERSION)
  27:.\Generated_Source\PSoC4/cyfitter_cfg.c ****     #define CYPACKED 
  28:.\Generated_Source\PSoC4/cyfitter_cfg.c ****     #define CYPACKED_ATTR __attribute__ ((packed))
  29:.\Generated_Source\PSoC4/cyfitter_cfg.c ****     #define CYALIGNED __attribute__ ((aligned))
  30:.\Generated_Source\PSoC4/cyfitter_cfg.c ****     #define CY_CFG_UNUSED __attribute__ ((unused))
  31:.\Generated_Source\PSoC4/cyfitter_cfg.c ****     #define CY_CFG_SECTION __attribute__ ((section(".psocinit")))
  32:.\Generated_Source\PSoC4/cyfitter_cfg.c ****     
  33:.\Generated_Source\PSoC4/cyfitter_cfg.c ****     #if defined(__ARMCC_VERSION)
ARM GAS  C:\Users\kbuchi\AppData\Local\Temp\ccGTxp8s.s 			page 2


  34:.\Generated_Source\PSoC4/cyfitter_cfg.c ****         #define CY_CFG_MEMORY_BARRIER() __memory_changed()
  35:.\Generated_Source\PSoC4/cyfitter_cfg.c ****     #else
  36:.\Generated_Source\PSoC4/cyfitter_cfg.c ****         #define CY_CFG_MEMORY_BARRIER() __sync_synchronize()
  37:.\Generated_Source\PSoC4/cyfitter_cfg.c ****     #endif
  38:.\Generated_Source\PSoC4/cyfitter_cfg.c ****     
  39:.\Generated_Source\PSoC4/cyfitter_cfg.c **** #elif defined(__ICCARM__)
  40:.\Generated_Source\PSoC4/cyfitter_cfg.c ****     #include <intrinsics.h>
  41:.\Generated_Source\PSoC4/cyfitter_cfg.c **** 
  42:.\Generated_Source\PSoC4/cyfitter_cfg.c ****     #define CYPACKED __packed
  43:.\Generated_Source\PSoC4/cyfitter_cfg.c ****     #define CYPACKED_ATTR 
  44:.\Generated_Source\PSoC4/cyfitter_cfg.c ****     #define CYALIGNED _Pragma("data_alignment=4")
  45:.\Generated_Source\PSoC4/cyfitter_cfg.c ****     #define CY_CFG_UNUSED _Pragma("diag_suppress=Pe177")
  46:.\Generated_Source\PSoC4/cyfitter_cfg.c ****     #define CY_CFG_SECTION _Pragma("location=\".psocinit\"")
  47:.\Generated_Source\PSoC4/cyfitter_cfg.c ****     
  48:.\Generated_Source\PSoC4/cyfitter_cfg.c ****     #define CY_CFG_MEMORY_BARRIER() __DMB()
  49:.\Generated_Source\PSoC4/cyfitter_cfg.c ****     
  50:.\Generated_Source\PSoC4/cyfitter_cfg.c **** #else
  51:.\Generated_Source\PSoC4/cyfitter_cfg.c ****     #error Unsupported toolchain
  52:.\Generated_Source\PSoC4/cyfitter_cfg.c **** #endif
  53:.\Generated_Source\PSoC4/cyfitter_cfg.c **** 
  54:.\Generated_Source\PSoC4/cyfitter_cfg.c **** 
  55:.\Generated_Source\PSoC4/cyfitter_cfg.c **** CY_CFG_UNUSED
  56:.\Generated_Source\PSoC4/cyfitter_cfg.c **** static void CYMEMZERO(void *s, size_t n);
  57:.\Generated_Source\PSoC4/cyfitter_cfg.c **** CY_CFG_UNUSED
  58:.\Generated_Source\PSoC4/cyfitter_cfg.c **** static void CYMEMZERO(void *s, size_t n)
  59:.\Generated_Source\PSoC4/cyfitter_cfg.c **** {
  25              		.loc 1 59 0
  26              		.cfi_startproc
  27 0000 80B5     		push	{r7, lr}
  28              		.cfi_def_cfa_offset 8
  29              		.cfi_offset 7, -8
  30              		.cfi_offset 14, -4
  31 0002 82B0     		sub	sp, sp, #8
  32              		.cfi_def_cfa_offset 16
  33 0004 00AF     		add	r7, sp, #0
  34              		.cfi_def_cfa_register 7
  35 0006 7860     		str	r0, [r7, #4]
  36 0008 3960     		str	r1, [r7]
  60:.\Generated_Source\PSoC4/cyfitter_cfg.c **** 	(void)memset(s, 0, n);
  37              		.loc 1 60 0
  38 000a 7A68     		ldr	r2, [r7, #4]
  39 000c 3B68     		ldr	r3, [r7]
  40 000e 101C     		mov	r0, r2
  41 0010 0021     		mov	r1, #0
  42 0012 1A1C     		mov	r2, r3
  43 0014 FFF7FEFF 		bl	memset
  61:.\Generated_Source\PSoC4/cyfitter_cfg.c **** }
  44              		.loc 1 61 0
  45 0018 BD46     		mov	sp, r7
  46 001a 02B0     		add	sp, sp, #8
  47              		@ sp needed
  48 001c 80BD     		pop	{r7, pc}
  49              		.cfi_endproc
  50              	.LFE0:
  51              		.size	CYMEMZERO, .-CYMEMZERO
  52 001e C046     		.section	.text.CYCONFIGCPY,"ax",%progbits
  53              		.align	2
ARM GAS  C:\Users\kbuchi\AppData\Local\Temp\ccGTxp8s.s 			page 3


  54              		.code	16
  55              		.thumb_func
  56              		.type	CYCONFIGCPY, %function
  57              	CYCONFIGCPY:
  58              	.LFB1:
  62:.\Generated_Source\PSoC4/cyfitter_cfg.c **** CY_CFG_UNUSED
  63:.\Generated_Source\PSoC4/cyfitter_cfg.c **** static void CYCONFIGCPY(void *dest, const void *src, size_t n);
  64:.\Generated_Source\PSoC4/cyfitter_cfg.c **** CY_CFG_UNUSED
  65:.\Generated_Source\PSoC4/cyfitter_cfg.c **** static void CYCONFIGCPY(void *dest, const void *src, size_t n)
  66:.\Generated_Source\PSoC4/cyfitter_cfg.c **** {
  59              		.loc 1 66 0
  60              		.cfi_startproc
  61 0000 80B5     		push	{r7, lr}
  62              		.cfi_def_cfa_offset 8
  63              		.cfi_offset 7, -8
  64              		.cfi_offset 14, -4
  65 0002 84B0     		sub	sp, sp, #16
  66              		.cfi_def_cfa_offset 24
  67 0004 00AF     		add	r7, sp, #0
  68              		.cfi_def_cfa_register 7
  69 0006 F860     		str	r0, [r7, #12]
  70 0008 B960     		str	r1, [r7, #8]
  71 000a 7A60     		str	r2, [r7, #4]
  67:.\Generated_Source\PSoC4/cyfitter_cfg.c **** 	(void)memcpy(dest, src, n);
  72              		.loc 1 67 0
  73 000c F968     		ldr	r1, [r7, #12]
  74 000e BA68     		ldr	r2, [r7, #8]
  75 0010 7B68     		ldr	r3, [r7, #4]
  76 0012 081C     		mov	r0, r1
  77 0014 111C     		mov	r1, r2
  78 0016 1A1C     		mov	r2, r3
  79 0018 FFF7FEFF 		bl	memcpy
  68:.\Generated_Source\PSoC4/cyfitter_cfg.c **** }
  80              		.loc 1 68 0
  81 001c BD46     		mov	sp, r7
  82 001e 04B0     		add	sp, sp, #16
  83              		@ sp needed
  84 0020 80BD     		pop	{r7, pc}
  85              		.cfi_endproc
  86              	.LFE1:
  87              		.size	CYCONFIGCPY, .-CYCONFIGCPY
  88 0022 C046     		.section	.text.CYCONFIGCPYCODE,"ax",%progbits
  89              		.align	2
  90              		.code	16
  91              		.thumb_func
  92              		.type	CYCONFIGCPYCODE, %function
  93              	CYCONFIGCPYCODE:
  94              	.LFB2:
  69:.\Generated_Source\PSoC4/cyfitter_cfg.c **** CY_CFG_UNUSED
  70:.\Generated_Source\PSoC4/cyfitter_cfg.c **** static void CYCONFIGCPYCODE(void *dest, const void *src, size_t n);
  71:.\Generated_Source\PSoC4/cyfitter_cfg.c **** CY_CFG_UNUSED
  72:.\Generated_Source\PSoC4/cyfitter_cfg.c **** static void CYCONFIGCPYCODE(void *dest, const void *src, size_t n)
  73:.\Generated_Source\PSoC4/cyfitter_cfg.c **** {
  95              		.loc 1 73 0
  96              		.cfi_startproc
  97 0000 80B5     		push	{r7, lr}
  98              		.cfi_def_cfa_offset 8
ARM GAS  C:\Users\kbuchi\AppData\Local\Temp\ccGTxp8s.s 			page 4


  99              		.cfi_offset 7, -8
 100              		.cfi_offset 14, -4
 101 0002 84B0     		sub	sp, sp, #16
 102              		.cfi_def_cfa_offset 24
 103 0004 00AF     		add	r7, sp, #0
 104              		.cfi_def_cfa_register 7
 105 0006 F860     		str	r0, [r7, #12]
 106 0008 B960     		str	r1, [r7, #8]
 107 000a 7A60     		str	r2, [r7, #4]
  74:.\Generated_Source\PSoC4/cyfitter_cfg.c **** 	(void)memcpy(dest, src, n);
 108              		.loc 1 74 0
 109 000c F968     		ldr	r1, [r7, #12]
 110 000e BA68     		ldr	r2, [r7, #8]
 111 0010 7B68     		ldr	r3, [r7, #4]
 112 0012 081C     		mov	r0, r1
 113 0014 111C     		mov	r1, r2
 114 0016 1A1C     		mov	r2, r3
 115 0018 FFF7FEFF 		bl	memcpy
  75:.\Generated_Source\PSoC4/cyfitter_cfg.c **** }
 116              		.loc 1 75 0
 117 001c BD46     		mov	sp, r7
 118 001e 04B0     		add	sp, sp, #16
 119              		@ sp needed
 120 0020 80BD     		pop	{r7, pc}
 121              		.cfi_endproc
 122              	.LFE2:
 123              		.size	CYCONFIGCPYCODE, .-CYCONFIGCPYCODE
 124 0022 C046     		.section	.text.cfg_write_bytes32,"ax",%progbits
 125              		.align	2
 126              		.code	16
 127              		.thumb_func
 128              		.type	cfg_write_bytes32, %function
 129              	cfg_write_bytes32:
 130              	.LFB3:
  76:.\Generated_Source\PSoC4/cyfitter_cfg.c **** 
  77:.\Generated_Source\PSoC4/cyfitter_cfg.c **** 
  78:.\Generated_Source\PSoC4/cyfitter_cfg.c **** 
  79:.\Generated_Source\PSoC4/cyfitter_cfg.c **** /* Clock startup error codes                                                   */
  80:.\Generated_Source\PSoC4/cyfitter_cfg.c **** #define CYCLOCKSTART_NO_ERROR    0u
  81:.\Generated_Source\PSoC4/cyfitter_cfg.c **** #define CYCLOCKSTART_XTAL_ERROR  1u
  82:.\Generated_Source\PSoC4/cyfitter_cfg.c **** #define CYCLOCKSTART_32KHZ_ERROR 2u
  83:.\Generated_Source\PSoC4/cyfitter_cfg.c **** #define CYCLOCKSTART_PLL_ERROR   3u
  84:.\Generated_Source\PSoC4/cyfitter_cfg.c **** 
  85:.\Generated_Source\PSoC4/cyfitter_cfg.c **** #ifdef CY_NEED_CYCLOCKSTARTUPERROR
  86:.\Generated_Source\PSoC4/cyfitter_cfg.c **** /*******************************************************************************
  87:.\Generated_Source\PSoC4/cyfitter_cfg.c **** * Function Name: CyClockStartupError
  88:.\Generated_Source\PSoC4/cyfitter_cfg.c **** ********************************************************************************
  89:.\Generated_Source\PSoC4/cyfitter_cfg.c **** * Summary:
  90:.\Generated_Source\PSoC4/cyfitter_cfg.c **** *  If an error is encountered during clock configuration (crystal startup error,
  91:.\Generated_Source\PSoC4/cyfitter_cfg.c **** *  PLL lock error, etc.), the system will end up here.  Unless reimplemented by
  92:.\Generated_Source\PSoC4/cyfitter_cfg.c **** *  the customer, this function will stop in an infinite loop.
  93:.\Generated_Source\PSoC4/cyfitter_cfg.c **** *
  94:.\Generated_Source\PSoC4/cyfitter_cfg.c **** * Parameters:
  95:.\Generated_Source\PSoC4/cyfitter_cfg.c **** *   void
  96:.\Generated_Source\PSoC4/cyfitter_cfg.c **** *
  97:.\Generated_Source\PSoC4/cyfitter_cfg.c **** * Return:
  98:.\Generated_Source\PSoC4/cyfitter_cfg.c **** *   void
ARM GAS  C:\Users\kbuchi\AppData\Local\Temp\ccGTxp8s.s 			page 5


  99:.\Generated_Source\PSoC4/cyfitter_cfg.c **** *
 100:.\Generated_Source\PSoC4/cyfitter_cfg.c **** *******************************************************************************/
 101:.\Generated_Source\PSoC4/cyfitter_cfg.c **** CY_CFG_UNUSED
 102:.\Generated_Source\PSoC4/cyfitter_cfg.c **** static void CyClockStartupError(uint8 errorCode);
 103:.\Generated_Source\PSoC4/cyfitter_cfg.c **** CY_CFG_UNUSED
 104:.\Generated_Source\PSoC4/cyfitter_cfg.c **** static void CyClockStartupError(uint8 errorCode)
 105:.\Generated_Source\PSoC4/cyfitter_cfg.c **** {
 106:.\Generated_Source\PSoC4/cyfitter_cfg.c ****     /* To remove the compiler warning if errorCode not used.                */
 107:.\Generated_Source\PSoC4/cyfitter_cfg.c ****     errorCode = errorCode;
 108:.\Generated_Source\PSoC4/cyfitter_cfg.c **** 
 109:.\Generated_Source\PSoC4/cyfitter_cfg.c ****     /* `#START CyClockStartupError` */
 110:.\Generated_Source\PSoC4/cyfitter_cfg.c **** 
 111:.\Generated_Source\PSoC4/cyfitter_cfg.c ****     /* If we have a clock startup error (bad MHz crystal, PLL lock, etc.),  */
 112:.\Generated_Source\PSoC4/cyfitter_cfg.c ****     /* we will end up here to allow the customer to implement something to  */
 113:.\Generated_Source\PSoC4/cyfitter_cfg.c ****     /* deal with the clock condition.                                       */
 114:.\Generated_Source\PSoC4/cyfitter_cfg.c **** 
 115:.\Generated_Source\PSoC4/cyfitter_cfg.c ****     /* `#END` */
 116:.\Generated_Source\PSoC4/cyfitter_cfg.c **** 
 117:.\Generated_Source\PSoC4/cyfitter_cfg.c ****     /* If nothing else, stop here since the clocks have not started         */
 118:.\Generated_Source\PSoC4/cyfitter_cfg.c ****     /* correctly.                                                           */
 119:.\Generated_Source\PSoC4/cyfitter_cfg.c ****     while(1) {}
 120:.\Generated_Source\PSoC4/cyfitter_cfg.c **** }
 121:.\Generated_Source\PSoC4/cyfitter_cfg.c **** #endif
 122:.\Generated_Source\PSoC4/cyfitter_cfg.c **** 
 123:.\Generated_Source\PSoC4/cyfitter_cfg.c **** #define CY_CFG_BASE_ADDR_COUNT 3u
 124:.\Generated_Source\PSoC4/cyfitter_cfg.c **** CYPACKED typedef struct
 125:.\Generated_Source\PSoC4/cyfitter_cfg.c **** {
 126:.\Generated_Source\PSoC4/cyfitter_cfg.c **** 	uint8 offset;
 127:.\Generated_Source\PSoC4/cyfitter_cfg.c **** 	uint8 value;
 128:.\Generated_Source\PSoC4/cyfitter_cfg.c **** } CYPACKED_ATTR cy_cfg_addrvalue_t;
 129:.\Generated_Source\PSoC4/cyfitter_cfg.c **** 
 130:.\Generated_Source\PSoC4/cyfitter_cfg.c **** 
 131:.\Generated_Source\PSoC4/cyfitter_cfg.c **** 
 132:.\Generated_Source\PSoC4/cyfitter_cfg.c **** /*******************************************************************************
 133:.\Generated_Source\PSoC4/cyfitter_cfg.c **** * Function Name: cfg_write_bytes32
 134:.\Generated_Source\PSoC4/cyfitter_cfg.c **** ********************************************************************************
 135:.\Generated_Source\PSoC4/cyfitter_cfg.c **** * Summary:
 136:.\Generated_Source\PSoC4/cyfitter_cfg.c **** *  This function is used for setting up the chip configuration areas that
 137:.\Generated_Source\PSoC4/cyfitter_cfg.c **** *  contain relatively sparse data.
 138:.\Generated_Source\PSoC4/cyfitter_cfg.c **** *
 139:.\Generated_Source\PSoC4/cyfitter_cfg.c **** * Parameters:
 140:.\Generated_Source\PSoC4/cyfitter_cfg.c **** *   void
 141:.\Generated_Source\PSoC4/cyfitter_cfg.c **** *
 142:.\Generated_Source\PSoC4/cyfitter_cfg.c **** * Return:
 143:.\Generated_Source\PSoC4/cyfitter_cfg.c **** *   void
 144:.\Generated_Source\PSoC4/cyfitter_cfg.c **** *
 145:.\Generated_Source\PSoC4/cyfitter_cfg.c **** *******************************************************************************/
 146:.\Generated_Source\PSoC4/cyfitter_cfg.c **** static void cfg_write_bytes32(const uint32 addr_table[], const cy_cfg_addrvalue_t data_table[]);
 147:.\Generated_Source\PSoC4/cyfitter_cfg.c **** static void cfg_write_bytes32(const uint32 addr_table[], const cy_cfg_addrvalue_t data_table[])
 148:.\Generated_Source\PSoC4/cyfitter_cfg.c **** {
 131              		.loc 1 148 0
 132              		.cfi_startproc
 133 0000 80B5     		push	{r7, lr}
 134              		.cfi_def_cfa_offset 8
 135              		.cfi_offset 7, -8
 136              		.cfi_offset 14, -4
 137 0002 86B0     		sub	sp, sp, #24
ARM GAS  C:\Users\kbuchi\AppData\Local\Temp\ccGTxp8s.s 			page 6


 138              		.cfi_def_cfa_offset 32
 139 0004 00AF     		add	r7, sp, #0
 140              		.cfi_def_cfa_register 7
 141 0006 7860     		str	r0, [r7, #4]
 142 0008 3960     		str	r1, [r7]
 149:.\Generated_Source\PSoC4/cyfitter_cfg.c **** 	/* For 32-bit little-endian architectures */
 150:.\Generated_Source\PSoC4/cyfitter_cfg.c **** 	uint32 i, j = 0u;
 143              		.loc 1 150 0
 144 000a 0023     		mov	r3, #0
 145 000c 3B61     		str	r3, [r7, #16]
 151:.\Generated_Source\PSoC4/cyfitter_cfg.c **** 	for (i = 0u; i < CY_CFG_BASE_ADDR_COUNT; i++)
 146              		.loc 1 151 0
 147 000e 0023     		mov	r3, #0
 148 0010 7B61     		str	r3, [r7, #20]
 149 0012 2EE0     		b	.L5
 150              	.L8:
 151              	.LBB2:
 152:.\Generated_Source\PSoC4/cyfitter_cfg.c **** 	{
 153:.\Generated_Source\PSoC4/cyfitter_cfg.c **** 		uint32 baseAddr = addr_table[i];
 152              		.loc 1 153 0
 153 0014 7B69     		ldr	r3, [r7, #20]
 154 0016 9B00     		lsl	r3, r3, #2
 155 0018 7A68     		ldr	r2, [r7, #4]
 156 001a D318     		add	r3, r2, r3
 157 001c 1B68     		ldr	r3, [r3]
 158 001e BB60     		str	r3, [r7, #8]
 154:.\Generated_Source\PSoC4/cyfitter_cfg.c **** 		uint8 count = (uint8)baseAddr;
 159              		.loc 1 154 0
 160 0020 3B1C     		mov	r3, r7
 161 0022 0F33     		add	r3, r3, #15
 162 0024 BA68     		ldr	r2, [r7, #8]
 163 0026 1A70     		strb	r2, [r3]
 155:.\Generated_Source\PSoC4/cyfitter_cfg.c **** 		baseAddr &= 0xFFFFFF00u;
 164              		.loc 1 155 0
 165 0028 BB68     		ldr	r3, [r7, #8]
 166 002a FF22     		mov	r2, #255
 167 002c 9343     		bic	r3, r2
 168 002e BB60     		str	r3, [r7, #8]
 156:.\Generated_Source\PSoC4/cyfitter_cfg.c **** 		while (count != 0u)
 169              		.loc 1 156 0
 170 0030 17E0     		b	.L6
 171              	.L7:
 157:.\Generated_Source\PSoC4/cyfitter_cfg.c **** 		{
 158:.\Generated_Source\PSoC4/cyfitter_cfg.c **** 			CY_SET_XTND_REG8((void CYFAR *)(baseAddr + data_table[j].offset), data_table[j].value);
 172              		.loc 1 158 0
 173 0032 3B69     		ldr	r3, [r7, #16]
 174 0034 5B00     		lsl	r3, r3, #1
 175 0036 3A68     		ldr	r2, [r7]
 176 0038 D318     		add	r3, r2, r3
 177 003a 1B78     		ldrb	r3, [r3]
 178 003c 1A1C     		mov	r2, r3
 179 003e BB68     		ldr	r3, [r7, #8]
 180 0040 D318     		add	r3, r2, r3
 181 0042 3A69     		ldr	r2, [r7, #16]
 182 0044 5200     		lsl	r2, r2, #1
 183 0046 3968     		ldr	r1, [r7]
 184 0048 8A18     		add	r2, r1, r2
ARM GAS  C:\Users\kbuchi\AppData\Local\Temp\ccGTxp8s.s 			page 7


 185 004a 5278     		ldrb	r2, [r2, #1]
 186 004c 1A70     		strb	r2, [r3]
 159:.\Generated_Source\PSoC4/cyfitter_cfg.c **** 			j++;
 187              		.loc 1 159 0
 188 004e 3B69     		ldr	r3, [r7, #16]
 189 0050 0133     		add	r3, r3, #1
 190 0052 3B61     		str	r3, [r7, #16]
 160:.\Generated_Source\PSoC4/cyfitter_cfg.c **** 			count--;
 191              		.loc 1 160 0
 192 0054 3B1C     		mov	r3, r7
 193 0056 0F33     		add	r3, r3, #15
 194 0058 1A78     		ldrb	r2, [r3]
 195 005a 3B1C     		mov	r3, r7
 196 005c 0F33     		add	r3, r3, #15
 197 005e 013A     		sub	r2, r2, #1
 198 0060 1A70     		strb	r2, [r3]
 199              	.L6:
 156:.\Generated_Source\PSoC4/cyfitter_cfg.c **** 		while (count != 0u)
 200              		.loc 1 156 0 discriminator 1
 201 0062 3B1C     		mov	r3, r7
 202 0064 0F33     		add	r3, r3, #15
 203 0066 1B78     		ldrb	r3, [r3]
 204 0068 002B     		cmp	r3, #0
 205 006a E2D1     		bne	.L7
 206              	.LBE2:
 151:.\Generated_Source\PSoC4/cyfitter_cfg.c **** 	for (i = 0u; i < CY_CFG_BASE_ADDR_COUNT; i++)
 207              		.loc 1 151 0
 208 006c 7B69     		ldr	r3, [r7, #20]
 209 006e 0133     		add	r3, r3, #1
 210 0070 7B61     		str	r3, [r7, #20]
 211              	.L5:
 151:.\Generated_Source\PSoC4/cyfitter_cfg.c **** 	for (i = 0u; i < CY_CFG_BASE_ADDR_COUNT; i++)
 212              		.loc 1 151 0 is_stmt 0 discriminator 1
 213 0072 7B69     		ldr	r3, [r7, #20]
 214 0074 022B     		cmp	r3, #2
 215 0076 CDD9     		bls	.L8
 161:.\Generated_Source\PSoC4/cyfitter_cfg.c **** 		}
 162:.\Generated_Source\PSoC4/cyfitter_cfg.c **** 	}
 163:.\Generated_Source\PSoC4/cyfitter_cfg.c **** }
 216              		.loc 1 163 0 is_stmt 1
 217 0078 BD46     		mov	sp, r7
 218 007a 06B0     		add	sp, sp, #24
 219              		@ sp needed
 220 007c 80BD     		pop	{r7, pc}
 221              		.cfi_endproc
 222              	.LFE3:
 223              		.size	cfg_write_bytes32, .-cfg_write_bytes32
 224 007e C046     		.section	.psocinit,"ax",%progbits
 225              		.align	2
 226              		.code	16
 227              		.thumb_func
 228              		.type	ClockSetup, %function
 229              	ClockSetup:
 230              	.LFB4:
 164:.\Generated_Source\PSoC4/cyfitter_cfg.c **** 
 165:.\Generated_Source\PSoC4/cyfitter_cfg.c **** 
 166:.\Generated_Source\PSoC4/cyfitter_cfg.c **** /*******************************************************************************
ARM GAS  C:\Users\kbuchi\AppData\Local\Temp\ccGTxp8s.s 			page 8


 167:.\Generated_Source\PSoC4/cyfitter_cfg.c **** * Function Name: ClockSetup
 168:.\Generated_Source\PSoC4/cyfitter_cfg.c **** ********************************************************************************
 169:.\Generated_Source\PSoC4/cyfitter_cfg.c **** *
 170:.\Generated_Source\PSoC4/cyfitter_cfg.c **** * Summary:
 171:.\Generated_Source\PSoC4/cyfitter_cfg.c **** *   Performs the initialization of all of the clocks in the device based on the
 172:.\Generated_Source\PSoC4/cyfitter_cfg.c **** *   settings in the Clock tab of the DWR.  This includes enabling the requested
 173:.\Generated_Source\PSoC4/cyfitter_cfg.c **** *   clocks and setting the necessary dividers to produce the desired frequency. 
 174:.\Generated_Source\PSoC4/cyfitter_cfg.c **** *
 175:.\Generated_Source\PSoC4/cyfitter_cfg.c **** * Parameters:
 176:.\Generated_Source\PSoC4/cyfitter_cfg.c **** *   void
 177:.\Generated_Source\PSoC4/cyfitter_cfg.c **** *
 178:.\Generated_Source\PSoC4/cyfitter_cfg.c **** * Return:
 179:.\Generated_Source\PSoC4/cyfitter_cfg.c **** *   void
 180:.\Generated_Source\PSoC4/cyfitter_cfg.c **** *
 181:.\Generated_Source\PSoC4/cyfitter_cfg.c **** *******************************************************************************/
 182:.\Generated_Source\PSoC4/cyfitter_cfg.c **** static void ClockSetup(void);
 183:.\Generated_Source\PSoC4/cyfitter_cfg.c **** CY_CFG_SECTION
 184:.\Generated_Source\PSoC4/cyfitter_cfg.c **** static void ClockSetup(void)
 185:.\Generated_Source\PSoC4/cyfitter_cfg.c **** {
 231              		.loc 1 185 0
 232              		.cfi_startproc
 233 0000 80B5     		push	{r7, lr}
 234              		.cfi_def_cfa_offset 8
 235              		.cfi_offset 7, -8
 236              		.cfi_offset 14, -4
 237 0002 00AF     		add	r7, sp, #0
 238              		.cfi_def_cfa_register 7
 186:.\Generated_Source\PSoC4/cyfitter_cfg.c **** 	/* Enable HALF_EN before trimming for the flash accelerator. */
 187:.\Generated_Source\PSoC4/cyfitter_cfg.c **** 	CY_SET_REG32((void CYXDATA *)(CYREG_CLK_SELECT), (CY_GET_REG32((void *)CYREG_CLK_SELECT) | 0x00040
 239              		.loc 1 187 0
 240 0004 104B     		ldr	r3, .L10
 241 0006 104A     		ldr	r2, .L10
 242 0008 1268     		ldr	r2, [r2]
 243 000a 8021     		mov	r1, #128
 244 000c C902     		lsl	r1, r1, #11
 245 000e 0A43     		orr	r2, r1
 246 0010 1A60     		str	r2, [r3]
 188:.\Generated_Source\PSoC4/cyfitter_cfg.c **** 
 189:.\Generated_Source\PSoC4/cyfitter_cfg.c **** 	/* Setup and trim IMO based on desired frequency. */
 190:.\Generated_Source\PSoC4/cyfitter_cfg.c **** 	CySysClkWriteImoFreq(3u);
 247              		.loc 1 190 0
 248 0012 0320     		mov	r0, #3
 249 0014 FFF7FEFF 		bl	CySysClkWriteImoFreq
 191:.\Generated_Source\PSoC4/cyfitter_cfg.c **** 
 192:.\Generated_Source\PSoC4/cyfitter_cfg.c **** 	/* Disable HALF_EN since it is not required at this IMO frequency. */
 193:.\Generated_Source\PSoC4/cyfitter_cfg.c **** 	CY_SET_REG32((void CYXDATA *)(CYREG_CLK_SELECT), (CY_GET_REG32((void *)CYREG_CLK_SELECT) & 0xFFFBF
 250              		.loc 1 193 0
 251 0018 0B4B     		ldr	r3, .L10
 252 001a 0B4A     		ldr	r2, .L10
 253 001c 1168     		ldr	r1, [r2]
 254 001e 0B4A     		ldr	r2, .L10+4
 255 0020 0A40     		and	r2, r1
 256 0022 1A60     		str	r2, [r3]
 194:.\Generated_Source\PSoC4/cyfitter_cfg.c **** 	/* CYDEV_CLK_ILO_CONFIG Starting address: CYDEV_CLK_ILO_CONFIG */
 195:.\Generated_Source\PSoC4/cyfitter_cfg.c **** 	CY_SET_XTND_REG32((void CYFAR *)(CYREG_CLK_ILO_CONFIG), 0x80000006u);
 257              		.loc 1 195 0
 258 0024 0A4B     		ldr	r3, .L10+8
ARM GAS  C:\Users\kbuchi\AppData\Local\Temp\ccGTxp8s.s 			page 9


 259 0026 0B4A     		ldr	r2, .L10+12
 260 0028 1A60     		str	r2, [r3]
 196:.\Generated_Source\PSoC4/cyfitter_cfg.c **** 
 197:.\Generated_Source\PSoC4/cyfitter_cfg.c **** 
 198:.\Generated_Source\PSoC4/cyfitter_cfg.c **** 	/* CYDEV_CLK_SELECT00 Starting address: CYDEV_CLK_SELECT00 */
 199:.\Generated_Source\PSoC4/cyfitter_cfg.c **** 	CY_SET_XTND_REG32((void CYFAR *)(CYREG_CLK_SELECT08), 0x00000010u);
 261              		.loc 1 199 0
 262 002a 0B4B     		ldr	r3, .L10+16
 263 002c 1022     		mov	r2, #16
 264 002e 1A60     		str	r2, [r3]
 200:.\Generated_Source\PSoC4/cyfitter_cfg.c **** 
 201:.\Generated_Source\PSoC4/cyfitter_cfg.c **** 	/* CYDEV_CLK_IMO_CONFIG Starting address: CYDEV_CLK_IMO_CONFIG */
 202:.\Generated_Source\PSoC4/cyfitter_cfg.c **** 	CY_SET_XTND_REG32((void CYFAR *)(CYREG_CLK_IMO_CONFIG), 0x80000000u);
 265              		.loc 1 202 0
 266 0030 0A4B     		ldr	r3, .L10+20
 267 0032 8022     		mov	r2, #128
 268 0034 1206     		lsl	r2, r2, #24
 269 0036 1A60     		str	r2, [r3]
 203:.\Generated_Source\PSoC4/cyfitter_cfg.c **** 
 204:.\Generated_Source\PSoC4/cyfitter_cfg.c **** 	/* CYDEV_CLK_DIVIDER_A00 Starting address: CYDEV_CLK_DIVIDER_A00 */
 205:.\Generated_Source\PSoC4/cyfitter_cfg.c **** 	CY_SET_XTND_REG32((void CYFAR *)(CYREG_CLK_DIVIDER_A00), 0x80000BB7u);
 270              		.loc 1 205 0
 271 0038 094B     		ldr	r3, .L10+24
 272 003a 0A4A     		ldr	r2, .L10+28
 273 003c 1A60     		str	r2, [r3]
 206:.\Generated_Source\PSoC4/cyfitter_cfg.c **** 
 207:.\Generated_Source\PSoC4/cyfitter_cfg.c **** 	CY_SET_XTND_REG32((void CYFAR *)(CYREG_WDT_CONFIG), 0x00000000u);
 274              		.loc 1 207 0
 275 003e 0A4B     		ldr	r3, .L10+32
 276 0040 0022     		mov	r2, #0
 277 0042 1A60     		str	r2, [r3]
 208:.\Generated_Source\PSoC4/cyfitter_cfg.c **** }
 278              		.loc 1 208 0
 279 0044 BD46     		mov	sp, r7
 280              		@ sp needed
 281 0046 80BD     		pop	{r7, pc}
 282              	.L11:
 283              		.align	2
 284              	.L10:
 285 0048 00010B40 		.word	1074462976
 286 004c FFFFFBFF 		.word	-262145
 287 0050 04010B40 		.word	1074462980
 288 0054 06000080 		.word	-2147483642
 289 0058 20020240 		.word	1073873440
 290 005c 08010B40 		.word	1074462984
 291 0060 00000240 		.word	1073872896
 292 0064 B70B0080 		.word	-2147480649
 293 0068 0C020B40 		.word	1074463244
 294              		.cfi_endproc
 295              	.LFE4:
 296              		.size	ClockSetup, .-ClockSetup
 297              		.section	.text.AnalogSetDefault,"ax",%progbits
 298              		.align	2
 299              		.code	16
 300              		.thumb_func
 301              		.type	AnalogSetDefault, %function
 302              	AnalogSetDefault:
ARM GAS  C:\Users\kbuchi\AppData\Local\Temp\ccGTxp8s.s 			page 10


 303              	.LFB5:
 209:.\Generated_Source\PSoC4/cyfitter_cfg.c **** 
 210:.\Generated_Source\PSoC4/cyfitter_cfg.c **** 
 211:.\Generated_Source\PSoC4/cyfitter_cfg.c **** /* Analog API Functions */
 212:.\Generated_Source\PSoC4/cyfitter_cfg.c **** 
 213:.\Generated_Source\PSoC4/cyfitter_cfg.c **** 
 214:.\Generated_Source\PSoC4/cyfitter_cfg.c **** /*******************************************************************************
 215:.\Generated_Source\PSoC4/cyfitter_cfg.c **** * Function Name: AnalogSetDefault
 216:.\Generated_Source\PSoC4/cyfitter_cfg.c **** ********************************************************************************
 217:.\Generated_Source\PSoC4/cyfitter_cfg.c **** *
 218:.\Generated_Source\PSoC4/cyfitter_cfg.c **** * Summary:
 219:.\Generated_Source\PSoC4/cyfitter_cfg.c **** *  Sets up the analog portions of the chip to default values based on chip
 220:.\Generated_Source\PSoC4/cyfitter_cfg.c **** *  configuration options from the project.
 221:.\Generated_Source\PSoC4/cyfitter_cfg.c **** *
 222:.\Generated_Source\PSoC4/cyfitter_cfg.c **** * Parameters:
 223:.\Generated_Source\PSoC4/cyfitter_cfg.c **** *  void
 224:.\Generated_Source\PSoC4/cyfitter_cfg.c **** *
 225:.\Generated_Source\PSoC4/cyfitter_cfg.c **** * Return:
 226:.\Generated_Source\PSoC4/cyfitter_cfg.c **** *  void
 227:.\Generated_Source\PSoC4/cyfitter_cfg.c **** *
 228:.\Generated_Source\PSoC4/cyfitter_cfg.c **** *******************************************************************************/
 229:.\Generated_Source\PSoC4/cyfitter_cfg.c **** static void AnalogSetDefault(void);
 230:.\Generated_Source\PSoC4/cyfitter_cfg.c **** static void AnalogSetDefault(void)
 231:.\Generated_Source\PSoC4/cyfitter_cfg.c **** {
 304              		.loc 1 231 0
 305              		.cfi_startproc
 306 0000 80B5     		push	{r7, lr}
 307              		.cfi_def_cfa_offset 8
 308              		.cfi_offset 7, -8
 309              		.cfi_offset 14, -4
 310 0002 00AF     		add	r7, sp, #0
 311              		.cfi_def_cfa_register 7
 232:.\Generated_Source\PSoC4/cyfitter_cfg.c **** }
 312              		.loc 1 232 0
 313 0004 BD46     		mov	sp, r7
 314              		@ sp needed
 315 0006 80BD     		pop	{r7, pc}
 316              		.cfi_endproc
 317              	.LFE5:
 318              		.size	AnalogSetDefault, .-AnalogSetDefault
 319              		.section	.psocinit
 320              		.align	2
 321              		.global	cyfitter_cfg
 322              		.code	16
 323              		.thumb_func
 324              		.type	cyfitter_cfg, %function
 325              	cyfitter_cfg:
 326              	.LFB6:
 233:.\Generated_Source\PSoC4/cyfitter_cfg.c **** 
 234:.\Generated_Source\PSoC4/cyfitter_cfg.c **** #define CY_AMUX_UNUSED CYREG_CM0_ROM_DWT
 235:.\Generated_Source\PSoC4/cyfitter_cfg.c **** 
 236:.\Generated_Source\PSoC4/cyfitter_cfg.c **** 
 237:.\Generated_Source\PSoC4/cyfitter_cfg.c **** /*******************************************************************************
 238:.\Generated_Source\PSoC4/cyfitter_cfg.c **** * Function Name: cyfitter_cfg
 239:.\Generated_Source\PSoC4/cyfitter_cfg.c **** ********************************************************************************
 240:.\Generated_Source\PSoC4/cyfitter_cfg.c **** * Summary:
 241:.\Generated_Source\PSoC4/cyfitter_cfg.c **** *  This function is called by the start-up code for the selected device. It
ARM GAS  C:\Users\kbuchi\AppData\Local\Temp\ccGTxp8s.s 			page 11


 242:.\Generated_Source\PSoC4/cyfitter_cfg.c **** *  performs all of the necessary device configuration based on the design
 243:.\Generated_Source\PSoC4/cyfitter_cfg.c **** *  settings.  This includes settings from the Design Wide Resources (DWR) such
 244:.\Generated_Source\PSoC4/cyfitter_cfg.c **** *  as Clocks and Pins as well as any component configuration that is necessary.
 245:.\Generated_Source\PSoC4/cyfitter_cfg.c **** *
 246:.\Generated_Source\PSoC4/cyfitter_cfg.c **** * Parameters:  
 247:.\Generated_Source\PSoC4/cyfitter_cfg.c **** *   void
 248:.\Generated_Source\PSoC4/cyfitter_cfg.c **** *
 249:.\Generated_Source\PSoC4/cyfitter_cfg.c **** * Return:
 250:.\Generated_Source\PSoC4/cyfitter_cfg.c **** *   void
 251:.\Generated_Source\PSoC4/cyfitter_cfg.c **** *
 252:.\Generated_Source\PSoC4/cyfitter_cfg.c **** *******************************************************************************/
 253:.\Generated_Source\PSoC4/cyfitter_cfg.c **** CY_CFG_SECTION
 254:.\Generated_Source\PSoC4/cyfitter_cfg.c **** void cyfitter_cfg(void)
 255:.\Generated_Source\PSoC4/cyfitter_cfg.c **** {
 327              		.loc 1 255 0
 328              		.cfi_startproc
 329 006c 80B5     		push	{r7, lr}
 330              		.cfi_def_cfa_offset 8
 331              		.cfi_offset 7, -8
 332              		.cfi_offset 14, -4
 333 006e 82B0     		sub	sp, sp, #8
 334              		.cfi_def_cfa_offset 16
 335 0070 00AF     		add	r7, sp, #0
 336              		.cfi_def_cfa_register 7
 256:.\Generated_Source\PSoC4/cyfitter_cfg.c **** 	/* Disable interrupts by default. Let user enable if/when they want. */
 257:.\Generated_Source\PSoC4/cyfitter_cfg.c **** 	CyGlobalIntDisable;
 337              		.loc 1 257 0
 338              	@ 257 ".\Generated_Source\PSoC4\cyfitter_cfg.c" 1
 339 0072 72B6     		CPSID   i
 340              	@ 0 "" 2
 341              		.code	16
 342              	.LBB3:
 258:.\Generated_Source\PSoC4/cyfitter_cfg.c **** 
 259:.\Generated_Source\PSoC4/cyfitter_cfg.c **** 	{
 260:.\Generated_Source\PSoC4/cyfitter_cfg.c **** 		static const uint32 CYCODE cy_cfg_addr_table[] = {
 261:.\Generated_Source\PSoC4/cyfitter_cfg.c **** 			0x400F3301u, /* Base address: 0x400F3300 Count: 1 */
 262:.\Generated_Source\PSoC4/cyfitter_cfg.c **** 			0x400F4103u, /* Base address: 0x400F4100 Count: 3 */
 263:.\Generated_Source\PSoC4/cyfitter_cfg.c **** 			0x400F4304u, /* Base address: 0x400F4300 Count: 4 */
 264:.\Generated_Source\PSoC4/cyfitter_cfg.c **** 		};
 265:.\Generated_Source\PSoC4/cyfitter_cfg.c **** 
 266:.\Generated_Source\PSoC4/cyfitter_cfg.c **** 		static const cy_cfg_addrvalue_t CYCODE cy_cfg_data_table[] = {
 267:.\Generated_Source\PSoC4/cyfitter_cfg.c **** 			{0xE6u, 0x10u},
 268:.\Generated_Source\PSoC4/cyfitter_cfg.c **** 			{0x62u, 0x04u},
 269:.\Generated_Source\PSoC4/cyfitter_cfg.c **** 			{0x8Eu, 0x04u},
 270:.\Generated_Source\PSoC4/cyfitter_cfg.c **** 			{0xD8u, 0x40u},
 271:.\Generated_Source\PSoC4/cyfitter_cfg.c **** 			{0x18u, 0x80u},
 272:.\Generated_Source\PSoC4/cyfitter_cfg.c **** 			{0x8Cu, 0x40u},
 273:.\Generated_Source\PSoC4/cyfitter_cfg.c **** 			{0xC6u, 0x08u},
 274:.\Generated_Source\PSoC4/cyfitter_cfg.c **** 			{0xE6u, 0x08u},
 275:.\Generated_Source\PSoC4/cyfitter_cfg.c **** 		};
 276:.\Generated_Source\PSoC4/cyfitter_cfg.c **** 
 277:.\Generated_Source\PSoC4/cyfitter_cfg.c **** 
 278:.\Generated_Source\PSoC4/cyfitter_cfg.c **** 
 279:.\Generated_Source\PSoC4/cyfitter_cfg.c **** 		CYPACKED typedef struct {
 280:.\Generated_Source\PSoC4/cyfitter_cfg.c **** 			void CYFAR *address;
 281:.\Generated_Source\PSoC4/cyfitter_cfg.c **** 			uint16 size;
 282:.\Generated_Source\PSoC4/cyfitter_cfg.c **** 		} CYPACKED_ATTR cfg_memset_t;
ARM GAS  C:\Users\kbuchi\AppData\Local\Temp\ccGTxp8s.s 			page 12


 283:.\Generated_Source\PSoC4/cyfitter_cfg.c **** 
 284:.\Generated_Source\PSoC4/cyfitter_cfg.c **** 		static const cfg_memset_t CYCODE cfg_memset_list [] = {
 285:.\Generated_Source\PSoC4/cyfitter_cfg.c **** 			/* address, size */
 286:.\Generated_Source\PSoC4/cyfitter_cfg.c **** 			{(void CYFAR *)(CYDEV_UDB_P0_U0_BASE), 1024u},
 287:.\Generated_Source\PSoC4/cyfitter_cfg.c **** 			{(void CYFAR *)(CYDEV_UDB_DSI0_BASE), 1024u},
 288:.\Generated_Source\PSoC4/cyfitter_cfg.c **** 		};
 289:.\Generated_Source\PSoC4/cyfitter_cfg.c **** 
 290:.\Generated_Source\PSoC4/cyfitter_cfg.c **** 		uint8 CYDATA i;
 291:.\Generated_Source\PSoC4/cyfitter_cfg.c **** 
 292:.\Generated_Source\PSoC4/cyfitter_cfg.c **** 		/* Zero out critical memory blocks before beginning configuration */
 293:.\Generated_Source\PSoC4/cyfitter_cfg.c **** 		for (i = 0u; i < (sizeof(cfg_memset_list)/sizeof(cfg_memset_list[0])); i++)
 343              		.loc 1 293 0
 344 0074 FB1D     		add	r3, r7, #7
 345 0076 0022     		mov	r2, #0
 346 0078 1A70     		strb	r2, [r3]
 347 007a 23E0     		b	.L14
 348              	.L15:
 349              	.LBB4:
 294:.\Generated_Source\PSoC4/cyfitter_cfg.c **** 		{
 295:.\Generated_Source\PSoC4/cyfitter_cfg.c **** 			const cfg_memset_t CYCODE * CYDATA ms = &cfg_memset_list[i];
 350              		.loc 1 295 0 discriminator 2
 351 007c FB1D     		add	r3, r7, #7
 352 007e 1A78     		ldrb	r2, [r3]
 353 0080 131C     		mov	r3, r2
 354 0082 5B00     		lsl	r3, r3, #1
 355 0084 9B18     		add	r3, r3, r2
 356 0086 5B00     		lsl	r3, r3, #1
 357 0088 324A     		ldr	r2, .L16
 358 008a 9B18     		add	r3, r3, r2
 359 008c 3B60     		str	r3, [r7]
 296:.\Generated_Source\PSoC4/cyfitter_cfg.c **** 			CYMEMZERO(ms->address, (size_t)(uint32)(ms->size));
 360              		.loc 1 296 0 discriminator 2
 361 008e 3B68     		ldr	r3, [r7]
 362 0090 1A78     		ldrb	r2, [r3]
 363 0092 5978     		ldrb	r1, [r3, #1]
 364 0094 0902     		lsl	r1, r1, #8
 365 0096 0A43     		orr	r2, r1
 366 0098 9978     		ldrb	r1, [r3, #2]
 367 009a 0904     		lsl	r1, r1, #16
 368 009c 0A43     		orr	r2, r1
 369 009e DB78     		ldrb	r3, [r3, #3]
 370 00a0 1B06     		lsl	r3, r3, #24
 371 00a2 1343     		orr	r3, r2
 372 00a4 1A1C     		mov	r2, r3
 373 00a6 3B68     		ldr	r3, [r7]
 374 00a8 1979     		ldrb	r1, [r3, #4]
 375 00aa 5B79     		ldrb	r3, [r3, #5]
 376 00ac 1B02     		lsl	r3, r3, #8
 377 00ae 0B43     		orr	r3, r1
 378 00b0 9BB2     		uxth	r3, r3
 379 00b2 101C     		mov	r0, r2
 380 00b4 191C     		mov	r1, r3
 381 00b6 FFF7FEFF 		bl	CYMEMZERO
 382              	.LBE4:
 293:.\Generated_Source\PSoC4/cyfitter_cfg.c **** 		for (i = 0u; i < (sizeof(cfg_memset_list)/sizeof(cfg_memset_list[0])); i++)
 383              		.loc 1 293 0 discriminator 2
 384 00ba FB1D     		add	r3, r7, #7
ARM GAS  C:\Users\kbuchi\AppData\Local\Temp\ccGTxp8s.s 			page 13


 385 00bc 1A78     		ldrb	r2, [r3]
 386 00be FB1D     		add	r3, r7, #7
 387 00c0 0132     		add	r2, r2, #1
 388 00c2 1A70     		strb	r2, [r3]
 389              	.L14:
 293:.\Generated_Source\PSoC4/cyfitter_cfg.c **** 		for (i = 0u; i < (sizeof(cfg_memset_list)/sizeof(cfg_memset_list[0])); i++)
 390              		.loc 1 293 0 is_stmt 0 discriminator 1
 391 00c4 FB1D     		add	r3, r7, #7
 392 00c6 1B78     		ldrb	r3, [r3]
 393 00c8 012B     		cmp	r3, #1
 394 00ca D7D9     		bls	.L15
 297:.\Generated_Source\PSoC4/cyfitter_cfg.c **** 		}
 298:.\Generated_Source\PSoC4/cyfitter_cfg.c **** 
 299:.\Generated_Source\PSoC4/cyfitter_cfg.c **** 		cfg_write_bytes32(cy_cfg_addr_table, cy_cfg_data_table);
 395              		.loc 1 299 0 is_stmt 1
 396 00cc 224A     		ldr	r2, .L16+4
 397 00ce 234B     		ldr	r3, .L16+8
 398 00d0 101C     		mov	r0, r2
 399 00d2 191C     		mov	r1, r3
 400 00d4 FFF7FEFF 		bl	cfg_write_bytes32
 300:.\Generated_Source\PSoC4/cyfitter_cfg.c **** 
 301:.\Generated_Source\PSoC4/cyfitter_cfg.c **** 		/* HSIOM Starting address: CYDEV_HSIOM_BASE */
 302:.\Generated_Source\PSoC4/cyfitter_cfg.c **** 		CY_SET_XTND_REG32((void CYFAR *)(CYREG_HSIOM_PORT_SEL1), 0x03000000u);
 401              		.loc 1 302 0
 402 00d8 214B     		ldr	r3, .L16+12
 403 00da C022     		mov	r2, #192
 404 00dc 9204     		lsl	r2, r2, #18
 405 00de 1A60     		str	r2, [r3]
 303:.\Generated_Source\PSoC4/cyfitter_cfg.c **** 
 304:.\Generated_Source\PSoC4/cyfitter_cfg.c **** 		/* FORCED_HSIOM Starting address: CYDEV_HSIOM_PORT_SEL3 */
 305:.\Generated_Source\PSoC4/cyfitter_cfg.c **** 		CY_SET_XTND_REG32((void CYFAR *)(CYREG_HSIOM_PORT_SEL3), 0x00000000u);
 406              		.loc 1 305 0
 407 00e0 204B     		ldr	r3, .L16+16
 408 00e2 0022     		mov	r2, #0
 409 00e4 1A60     		str	r2, [r3]
 306:.\Generated_Source\PSoC4/cyfitter_cfg.c **** 
 307:.\Generated_Source\PSoC4/cyfitter_cfg.c **** 		/* IOPINS0_3 Starting address: CYDEV_PRT3_PC */
 308:.\Generated_Source\PSoC4/cyfitter_cfg.c **** 		CY_SET_XTND_REG32((void CYFAR *)(CYREG_PRT3_PC), 0x00000000u);
 410              		.loc 1 308 0
 411 00e6 204B     		ldr	r3, .L16+20
 412 00e8 0022     		mov	r2, #0
 413 00ea 1A60     		str	r2, [r3]
 309:.\Generated_Source\PSoC4/cyfitter_cfg.c **** 
 310:.\Generated_Source\PSoC4/cyfitter_cfg.c **** 		/* UDB_PA_1 Starting address: CYDEV_UDB_PA1_BASE */
 311:.\Generated_Source\PSoC4/cyfitter_cfg.c **** 		CY_SET_XTND_REG32((void CYFAR *)(CYDEV_UDB_PA1_BASE), 0x00990000u);
 414              		.loc 1 311 0
 415 00ec 1F4B     		ldr	r3, .L16+24
 416 00ee 9922     		mov	r2, #153
 417 00f0 1204     		lsl	r2, r2, #16
 418 00f2 1A60     		str	r2, [r3]
 312:.\Generated_Source\PSoC4/cyfitter_cfg.c **** 		CY_SET_XTND_REG32((void CYFAR *)(CYREG_UDB_PA1_CFG8), 0x20000000u);
 419              		.loc 1 312 0
 420 00f4 1E4B     		ldr	r3, .L16+28
 421 00f6 8022     		mov	r2, #128
 422 00f8 9205     		lsl	r2, r2, #22
 423 00fa 1A60     		str	r2, [r3]
 313:.\Generated_Source\PSoC4/cyfitter_cfg.c **** 
ARM GAS  C:\Users\kbuchi\AppData\Local\Temp\ccGTxp8s.s 			page 14


 314:.\Generated_Source\PSoC4/cyfitter_cfg.c **** 		/* TCPWM_CNT0 Starting address: CYDEV_TCPWM_CNT0_TR_CTRL0 */
 315:.\Generated_Source\PSoC4/cyfitter_cfg.c **** 		CY_SET_XTND_REG32((void CYFAR *)(CYREG_TCPWM_CNT0_TR_CTRL0), 0x00010010u);
 424              		.loc 1 315 0
 425 00fc 1D4B     		ldr	r3, .L16+32
 426 00fe 1E4A     		ldr	r2, .L16+36
 427 0100 1A60     		str	r2, [r3]
 316:.\Generated_Source\PSoC4/cyfitter_cfg.c **** 
 317:.\Generated_Source\PSoC4/cyfitter_cfg.c **** 		/* Enable digital routing */
 318:.\Generated_Source\PSoC4/cyfitter_cfg.c **** 		CY_SET_XTND_REG8((void *)CYREG_UDB_UDBIF_BANK_CTL, CY_GET_XTND_REG8((void *)CYREG_UDB_UDBIF_BANK_
 428              		.loc 1 318 0
 429 0102 1E4B     		ldr	r3, .L16+40
 430 0104 1D4A     		ldr	r2, .L16+40
 431 0106 1278     		ldrb	r2, [r2]
 432 0108 D2B2     		uxtb	r2, r2
 433 010a 0221     		mov	r1, #2
 434 010c 0A43     		orr	r2, r1
 435 010e D2B2     		uxtb	r2, r2
 436 0110 1A70     		strb	r2, [r3]
 319:.\Generated_Source\PSoC4/cyfitter_cfg.c **** 
 320:.\Generated_Source\PSoC4/cyfitter_cfg.c **** 		/* Enable UDB array */
 321:.\Generated_Source\PSoC4/cyfitter_cfg.c **** 		CY_SET_XTND_REG8((void *)CYREG_UDB_UDBIF_WAIT_CFG, (uint8)((CY_GET_XTND_REG8((void *)CYREG_UDB_UD
 437              		.loc 1 321 0
 438 0112 1B4B     		ldr	r3, .L16+44
 439 0114 1A4A     		ldr	r2, .L16+44
 440 0116 1278     		ldrb	r2, [r2]
 441 0118 D2B2     		uxtb	r2, r2
 442 011a 3C21     		mov	r1, #60
 443 011c 8A43     		bic	r2, r1
 444 011e D2B2     		uxtb	r2, r2
 445 0120 1421     		mov	r1, #20
 446 0122 0A43     		orr	r2, r1
 447 0124 D2B2     		uxtb	r2, r2
 448 0126 1A70     		strb	r2, [r3]
 322:.\Generated_Source\PSoC4/cyfitter_cfg.c **** 		CY_SET_XTND_REG8((void *)CYREG_UDB_UDBIF_BANK_CTL, (uint8)(CY_GET_XTND_REG8((void *)CYREG_UDB_UDB
 449              		.loc 1 322 0
 450 0128 144B     		ldr	r3, .L16+40
 451 012a 144A     		ldr	r2, .L16+40
 452 012c 1278     		ldrb	r2, [r2]
 453 012e D2B2     		uxtb	r2, r2
 454 0130 1621     		mov	r1, #22
 455 0132 0A43     		orr	r2, r1
 456 0134 D2B2     		uxtb	r2, r2
 457 0136 1A70     		strb	r2, [r3]
 458              	.LBE3:
 323:.\Generated_Source\PSoC4/cyfitter_cfg.c **** 	}
 324:.\Generated_Source\PSoC4/cyfitter_cfg.c **** 
 325:.\Generated_Source\PSoC4/cyfitter_cfg.c **** 	/* Perform second pass device configuration. These items must be configured in specific order afte
 326:.\Generated_Source\PSoC4/cyfitter_cfg.c **** 	/* IOPINS0_1 Starting address: CYDEV_PRT1_DR */
 327:.\Generated_Source\PSoC4/cyfitter_cfg.c **** 	CY_SET_XTND_REG32((void CYFAR *)(CYREG_PRT1_DR), 0x00000040u);
 459              		.loc 1 327 0
 460 0138 124B     		ldr	r3, .L16+48
 461 013a 4022     		mov	r2, #64
 462 013c 1A60     		str	r2, [r3]
 328:.\Generated_Source\PSoC4/cyfitter_cfg.c **** 	CY_SET_XTND_REG32((void CYFAR *)(CYREG_PRT1_PC), 0x00180000u);
 463              		.loc 1 328 0
 464 013e 124B     		ldr	r3, .L16+52
 465 0140 C022     		mov	r2, #192
ARM GAS  C:\Users\kbuchi\AppData\Local\Temp\ccGTxp8s.s 			page 15


 466 0142 5203     		lsl	r2, r2, #13
 467 0144 1A60     		str	r2, [r3]
 329:.\Generated_Source\PSoC4/cyfitter_cfg.c **** 
 330:.\Generated_Source\PSoC4/cyfitter_cfg.c **** 	/* Setup clocks based on selections from Clock DWR */
 331:.\Generated_Source\PSoC4/cyfitter_cfg.c **** 	ClockSetup();
 468              		.loc 1 331 0
 469 0146 FFF75BFF 		bl	ClockSetup
 332:.\Generated_Source\PSoC4/cyfitter_cfg.c **** 
 333:.\Generated_Source\PSoC4/cyfitter_cfg.c **** 	/* Perform basic analog initialization to defaults */
 334:.\Generated_Source\PSoC4/cyfitter_cfg.c **** 	AnalogSetDefault();
 470              		.loc 1 334 0
 471 014a FFF7FEFF 		bl	AnalogSetDefault
 335:.\Generated_Source\PSoC4/cyfitter_cfg.c **** 
 336:.\Generated_Source\PSoC4/cyfitter_cfg.c **** }
 472              		.loc 1 336 0
 473 014e BD46     		mov	sp, r7
 474 0150 02B0     		add	sp, sp, #8
 475              		@ sp needed
 476 0152 80BD     		pop	{r7, pc}
 477              	.L17:
 478              		.align	2
 479              	.L16:
 480 0154 00000000 		.word	cfg_memset_list.4714
 481 0158 0C000000 		.word	cy_cfg_addr_table.4708
 482 015c 18000000 		.word	cy_cfg_data_table.4709
 483 0160 04000140 		.word	1073807364
 484 0164 0C000140 		.word	1073807372
 485 0168 08030440 		.word	1074004744
 486 016c 10500F40 		.word	1074745360
 487 0170 18500F40 		.word	1074745368
 488 0174 20010540 		.word	1074069792
 489 0178 10000100 		.word	65552
 490 017c 00700F40 		.word	1074753536
 491 0180 01700F40 		.word	1074753537
 492 0184 00010440 		.word	1074004224
 493 0188 08010440 		.word	1074004232
 494              		.cfi_endproc
 495              	.LFE6:
 496              		.size	cyfitter_cfg, .-cyfitter_cfg
 497              		.section	.rodata
 498              		.align	2
 499              		.type	cfg_memset_list.4714, %object
 500              		.size	cfg_memset_list.4714, 12
 501              	cfg_memset_list.4714:
 502 0000 00300F40 		.word	1074737152
 503 0004 0004     		.short	1024
 504 0006 00400F40 		.4byte	1074741248
 505 000a 0004     		.short	1024
 506              		.align	2
 507              		.type	cy_cfg_addr_table.4708, %object
 508              		.size	cy_cfg_addr_table.4708, 12
 509              	cy_cfg_addr_table.4708:
 510 000c 01330F40 		.word	1074737921
 511 0010 03410F40 		.word	1074741507
 512 0014 04430F40 		.word	1074742020
 513              		.align	2
 514              		.type	cy_cfg_data_table.4709, %object
ARM GAS  C:\Users\kbuchi\AppData\Local\Temp\ccGTxp8s.s 			page 16


 515              		.size	cy_cfg_data_table.4709, 16
 516              	cy_cfg_data_table.4709:
 517 0018 E6       		.byte	-26
 518 0019 10       		.byte	16
 519 001a 62       		.byte	98
 520 001b 04       		.byte	4
 521 001c 8E       		.byte	-114
 522 001d 04       		.byte	4
 523 001e D8       		.byte	-40
 524 001f 40       		.byte	64
 525 0020 18       		.byte	24
 526 0021 80       		.byte	-128
 527 0022 8C       		.byte	-116
 528 0023 40       		.byte	64
 529 0024 C6       		.byte	-58
 530 0025 08       		.byte	8
 531 0026 E6       		.byte	-26
 532 0027 08       		.byte	8
 533              		.text
 534              	.Letext0:
 535              		.file 2 "c:\\works\\programs\\psoc_creator\\psoc creator\\3.2\\psoc_creator\\import\\gnu\\arm\\4.8
 536              		.file 3 ".\\Generated_Source\\PSoC4\\cytypes.h"
 537              		.section	.debug_info,"",%progbits
 538              	.Ldebug_info0:
 539 0000 4E030000 		.4byte	0x34e
 540 0004 0400     		.2byte	0x4
 541 0006 00000000 		.4byte	.Ldebug_abbrev0
 542 000a 04       		.byte	0x4
 543 000b 01       		.uleb128 0x1
 544 000c 5F000000 		.4byte	.LASF39
 545 0010 01       		.byte	0x1
 546 0011 BF010000 		.4byte	.LASF40
 547 0015 62020000 		.4byte	.LASF41
 548 0019 00000000 		.4byte	.Ldebug_ranges0+0
 549 001d 00000000 		.4byte	0
 550 0021 00000000 		.4byte	.Ldebug_line0
 551 0025 02       		.uleb128 0x2
 552 0026 04       		.byte	0x4
 553 0027 05       		.byte	0x5
 554 0028 696E7400 		.ascii	"int\000"
 555 002c 03       		.uleb128 0x3
 556 002d 06000000 		.4byte	.LASF11
 557 0031 02       		.byte	0x2
 558 0032 D4       		.byte	0xd4
 559 0033 37000000 		.4byte	0x37
 560 0037 04       		.uleb128 0x4
 561 0038 04       		.byte	0x4
 562 0039 07       		.byte	0x7
 563 003a 74010000 		.4byte	.LASF0
 564 003e 04       		.uleb128 0x4
 565 003f 01       		.byte	0x1
 566 0040 06       		.byte	0x6
 567 0041 27020000 		.4byte	.LASF1
 568 0045 04       		.uleb128 0x4
 569 0046 01       		.byte	0x1
 570 0047 08       		.byte	0x8
 571 0048 1C010000 		.4byte	.LASF2
ARM GAS  C:\Users\kbuchi\AppData\Local\Temp\ccGTxp8s.s 			page 17


 572 004c 04       		.uleb128 0x4
 573 004d 02       		.byte	0x2
 574 004e 05       		.byte	0x5
 575 004f 14020000 		.4byte	.LASF3
 576 0053 04       		.uleb128 0x4
 577 0054 02       		.byte	0x2
 578 0055 07       		.byte	0x7
 579 0056 33020000 		.4byte	.LASF4
 580 005a 04       		.uleb128 0x4
 581 005b 04       		.byte	0x4
 582 005c 05       		.byte	0x5
 583 005d 1E020000 		.4byte	.LASF5
 584 0061 04       		.uleb128 0x4
 585 0062 04       		.byte	0x4
 586 0063 07       		.byte	0x7
 587 0064 FA000000 		.4byte	.LASF6
 588 0068 04       		.uleb128 0x4
 589 0069 08       		.byte	0x8
 590 006a 05       		.byte	0x5
 591 006b E7010000 		.4byte	.LASF7
 592 006f 04       		.uleb128 0x4
 593 0070 08       		.byte	0x8
 594 0071 07       		.byte	0x7
 595 0072 89010000 		.4byte	.LASF8
 596 0076 04       		.uleb128 0x4
 597 0077 04       		.byte	0x4
 598 0078 07       		.byte	0x7
 599 0079 B6010000 		.4byte	.LASF9
 600 007d 05       		.uleb128 0x5
 601 007e 04       		.byte	0x4
 602 007f 04       		.uleb128 0x4
 603 0080 01       		.byte	0x1
 604 0081 08       		.byte	0x8
 605 0082 F5010000 		.4byte	.LASF10
 606 0086 03       		.uleb128 0x3
 607 0087 0C010000 		.4byte	.LASF12
 608 008b 03       		.byte	0x3
 609 008c A1       		.byte	0xa1
 610 008d 45000000 		.4byte	0x45
 611 0091 03       		.uleb128 0x3
 612 0092 5B010000 		.4byte	.LASF13
 613 0096 03       		.byte	0x3
 614 0097 A2       		.byte	0xa2
 615 0098 53000000 		.4byte	0x53
 616 009c 03       		.uleb128 0x3
 617 009d 6D010000 		.4byte	.LASF14
 618 00a1 03       		.byte	0x3
 619 00a2 A3       		.byte	0xa3
 620 00a3 61000000 		.4byte	0x61
 621 00a7 04       		.uleb128 0x4
 622 00a8 04       		.byte	0x4
 623 00a9 04       		.byte	0x4
 624 00aa 59000000 		.4byte	.LASF15
 625 00ae 04       		.uleb128 0x4
 626 00af 08       		.byte	0x8
 627 00b0 04       		.byte	0x4
 628 00b1 2A010000 		.4byte	.LASF16
ARM GAS  C:\Users\kbuchi\AppData\Local\Temp\ccGTxp8s.s 			page 18


 629 00b5 06       		.uleb128 0x6
 630 00b6 F5000000 		.4byte	.LASF17
 631 00ba 03       		.byte	0x3
 632 00bb 4B01     		.2byte	0x14b
 633 00bd C1000000 		.4byte	0xc1
 634 00c1 07       		.uleb128 0x7
 635 00c2 86000000 		.4byte	0x86
 636 00c6 06       		.uleb128 0x6
 637 00c7 00000000 		.4byte	.LASF18
 638 00cb 03       		.byte	0x3
 639 00cc 4D01     		.2byte	0x14d
 640 00ce D2000000 		.4byte	0xd2
 641 00d2 07       		.uleb128 0x7
 642 00d3 9C000000 		.4byte	0x9c
 643 00d7 08       		.uleb128 0x8
 644 00d8 02       		.byte	0x2
 645 00d9 01       		.byte	0x1
 646 00da 7C       		.byte	0x7c
 647 00db F8000000 		.4byte	0xf8
 648 00df 09       		.uleb128 0x9
 649 00e0 0D020000 		.4byte	.LASF19
 650 00e4 01       		.byte	0x1
 651 00e5 7E       		.byte	0x7e
 652 00e6 86000000 		.4byte	0x86
 653 00ea 00       		.byte	0
 654 00eb 09       		.uleb128 0x9
 655 00ec 1E000000 		.4byte	.LASF20
 656 00f0 01       		.byte	0x1
 657 00f1 7F       		.byte	0x7f
 658 00f2 86000000 		.4byte	0x86
 659 00f6 01       		.byte	0x1
 660 00f7 00       		.byte	0
 661 00f8 03       		.uleb128 0x3
 662 00f9 FA010000 		.4byte	.LASF21
 663 00fd 01       		.byte	0x1
 664 00fe 80       		.byte	0x80
 665 00ff D7000000 		.4byte	0xd7
 666 0103 0A       		.uleb128 0xa
 667 0104 12010000 		.4byte	.LASF22
 668 0108 01       		.byte	0x1
 669 0109 3A       		.byte	0x3a
 670 010a 00000000 		.4byte	.LFB0
 671 010e 1E000000 		.4byte	.LFE0-.LFB0
 672 0112 01       		.uleb128 0x1
 673 0113 9C       		.byte	0x9c
 674 0114 31010000 		.4byte	0x131
 675 0118 0B       		.uleb128 0xb
 676 0119 7300     		.ascii	"s\000"
 677 011b 01       		.byte	0x1
 678 011c 3A       		.byte	0x3a
 679 011d 7D000000 		.4byte	0x7d
 680 0121 02       		.uleb128 0x2
 681 0122 91       		.byte	0x91
 682 0123 74       		.sleb128 -12
 683 0124 0B       		.uleb128 0xb
 684 0125 6E00     		.ascii	"n\000"
 685 0127 01       		.byte	0x1
ARM GAS  C:\Users\kbuchi\AppData\Local\Temp\ccGTxp8s.s 			page 19


 686 0128 3A       		.byte	0x3a
 687 0129 2C000000 		.4byte	0x2c
 688 012d 02       		.uleb128 0x2
 689 012e 91       		.byte	0x91
 690 012f 70       		.sleb128 -16
 691 0130 00       		.byte	0
 692 0131 0A       		.uleb128 0xa
 693 0132 56020000 		.4byte	.LASF23
 694 0136 01       		.byte	0x1
 695 0137 41       		.byte	0x41
 696 0138 00000000 		.4byte	.LFB1
 697 013c 22000000 		.4byte	.LFE1-.LFB1
 698 0140 01       		.uleb128 0x1
 699 0141 9C       		.byte	0x9c
 700 0142 6F010000 		.4byte	0x16f
 701 0146 0C       		.uleb128 0xc
 702 0147 DB000000 		.4byte	.LASF24
 703 014b 01       		.byte	0x1
 704 014c 41       		.byte	0x41
 705 014d 7D000000 		.4byte	0x7d
 706 0151 02       		.uleb128 0x2
 707 0152 91       		.byte	0x91
 708 0153 74       		.sleb128 -12
 709 0154 0B       		.uleb128 0xb
 710 0155 73726300 		.ascii	"src\000"
 711 0159 01       		.byte	0x1
 712 015a 41       		.byte	0x41
 713 015b 6F010000 		.4byte	0x16f
 714 015f 02       		.uleb128 0x2
 715 0160 91       		.byte	0x91
 716 0161 70       		.sleb128 -16
 717 0162 0B       		.uleb128 0xb
 718 0163 6E00     		.ascii	"n\000"
 719 0165 01       		.byte	0x1
 720 0166 41       		.byte	0x41
 721 0167 2C000000 		.4byte	0x2c
 722 016b 02       		.uleb128 0x2
 723 016c 91       		.byte	0x91
 724 016d 6C       		.sleb128 -20
 725 016e 00       		.byte	0
 726 016f 0D       		.uleb128 0xd
 727 0170 04       		.byte	0x4
 728 0171 75010000 		.4byte	0x175
 729 0175 0E       		.uleb128 0xe
 730 0176 0A       		.uleb128 0xa
 731 0177 46020000 		.4byte	.LASF25
 732 017b 01       		.byte	0x1
 733 017c 48       		.byte	0x48
 734 017d 00000000 		.4byte	.LFB2
 735 0181 22000000 		.4byte	.LFE2-.LFB2
 736 0185 01       		.uleb128 0x1
 737 0186 9C       		.byte	0x9c
 738 0187 B4010000 		.4byte	0x1b4
 739 018b 0C       		.uleb128 0xc
 740 018c DB000000 		.4byte	.LASF24
 741 0190 01       		.byte	0x1
 742 0191 48       		.byte	0x48
ARM GAS  C:\Users\kbuchi\AppData\Local\Temp\ccGTxp8s.s 			page 20


 743 0192 7D000000 		.4byte	0x7d
 744 0196 02       		.uleb128 0x2
 745 0197 91       		.byte	0x91
 746 0198 74       		.sleb128 -12
 747 0199 0B       		.uleb128 0xb
 748 019a 73726300 		.ascii	"src\000"
 749 019e 01       		.byte	0x1
 750 019f 48       		.byte	0x48
 751 01a0 6F010000 		.4byte	0x16f
 752 01a4 02       		.uleb128 0x2
 753 01a5 91       		.byte	0x91
 754 01a6 70       		.sleb128 -16
 755 01a7 0B       		.uleb128 0xb
 756 01a8 6E00     		.ascii	"n\000"
 757 01aa 01       		.byte	0x1
 758 01ab 48       		.byte	0x48
 759 01ac 2C000000 		.4byte	0x2c
 760 01b0 02       		.uleb128 0x2
 761 01b1 91       		.byte	0x91
 762 01b2 6C       		.sleb128 -20
 763 01b3 00       		.byte	0
 764 01b4 0F       		.uleb128 0xf
 765 01b5 31010000 		.4byte	.LASF26
 766 01b9 01       		.byte	0x1
 767 01ba 93       		.byte	0x93
 768 01bb 00000000 		.4byte	.LFB3
 769 01bf 7E000000 		.4byte	.LFE3-.LFB3
 770 01c3 01       		.uleb128 0x1
 771 01c4 9C       		.byte	0x9c
 772 01c5 24020000 		.4byte	0x224
 773 01c9 0C       		.uleb128 0xc
 774 01ca 50010000 		.4byte	.LASF27
 775 01ce 01       		.byte	0x1
 776 01cf 93       		.byte	0x93
 777 01d0 24020000 		.4byte	0x224
 778 01d4 02       		.uleb128 0x2
 779 01d5 91       		.byte	0x91
 780 01d6 64       		.sleb128 -28
 781 01d7 0C       		.uleb128 0xc
 782 01d8 62010000 		.4byte	.LASF28
 783 01dc 01       		.byte	0x1
 784 01dd 93       		.byte	0x93
 785 01de 2F020000 		.4byte	0x22f
 786 01e2 02       		.uleb128 0x2
 787 01e3 91       		.byte	0x91
 788 01e4 60       		.sleb128 -32
 789 01e5 10       		.uleb128 0x10
 790 01e6 6900     		.ascii	"i\000"
 791 01e8 01       		.byte	0x1
 792 01e9 96       		.byte	0x96
 793 01ea 9C000000 		.4byte	0x9c
 794 01ee 02       		.uleb128 0x2
 795 01ef 91       		.byte	0x91
 796 01f0 74       		.sleb128 -12
 797 01f1 10       		.uleb128 0x10
 798 01f2 6A00     		.ascii	"j\000"
 799 01f4 01       		.byte	0x1
ARM GAS  C:\Users\kbuchi\AppData\Local\Temp\ccGTxp8s.s 			page 21


 800 01f5 96       		.byte	0x96
 801 01f6 9C000000 		.4byte	0x9c
 802 01fa 02       		.uleb128 0x2
 803 01fb 91       		.byte	0x91
 804 01fc 70       		.sleb128 -16
 805 01fd 11       		.uleb128 0x11
 806 01fe 14000000 		.4byte	.LBB2
 807 0202 58000000 		.4byte	.LBE2-.LBB2
 808 0206 12       		.uleb128 0x12
 809 0207 AD010000 		.4byte	.LASF29
 810 020b 01       		.byte	0x1
 811 020c 99       		.byte	0x99
 812 020d 9C000000 		.4byte	0x9c
 813 0211 02       		.uleb128 0x2
 814 0212 91       		.byte	0x91
 815 0213 68       		.sleb128 -24
 816 0214 12       		.uleb128 0x12
 817 0215 24000000 		.4byte	.LASF30
 818 0219 01       		.byte	0x1
 819 021a 9A       		.byte	0x9a
 820 021b 86000000 		.4byte	0x86
 821 021f 02       		.uleb128 0x2
 822 0220 91       		.byte	0x91
 823 0221 6F       		.sleb128 -17
 824 0222 00       		.byte	0
 825 0223 00       		.byte	0
 826 0224 0D       		.uleb128 0xd
 827 0225 04       		.byte	0x4
 828 0226 2A020000 		.4byte	0x22a
 829 022a 13       		.uleb128 0x13
 830 022b 9C000000 		.4byte	0x9c
 831 022f 0D       		.uleb128 0xd
 832 0230 04       		.byte	0x4
 833 0231 35020000 		.4byte	0x235
 834 0235 13       		.uleb128 0x13
 835 0236 F8000000 		.4byte	0xf8
 836 023a 14       		.uleb128 0x14
 837 023b 2A000000 		.4byte	.LASF31
 838 023f 01       		.byte	0x1
 839 0240 B8       		.byte	0xb8
 840 0241 00000000 		.4byte	.LFB4
 841 0245 6C000000 		.4byte	.LFE4-.LFB4
 842 0249 01       		.uleb128 0x1
 843 024a 9C       		.byte	0x9c
 844 024b 15       		.uleb128 0x15
 845 024c 0D000000 		.4byte	.LASF32
 846 0250 01       		.byte	0x1
 847 0251 E6       		.byte	0xe6
 848 0252 00000000 		.4byte	.LFB5
 849 0256 08000000 		.4byte	.LFE5-.LFB5
 850 025a 01       		.uleb128 0x1
 851 025b 9C       		.byte	0x9c
 852 025c 16       		.uleb128 0x16
 853 025d 43010000 		.4byte	.LASF42
 854 0261 01       		.byte	0x1
 855 0262 FE       		.byte	0xfe
 856 0263 6C000000 		.4byte	.LFB6
ARM GAS  C:\Users\kbuchi\AppData\Local\Temp\ccGTxp8s.s 			page 22


 857 0267 20010000 		.4byte	.LFE6-.LFB6
 858 026b 01       		.uleb128 0x1
 859 026c 9C       		.byte	0x9c
 860 026d 27030000 		.4byte	0x327
 861 0271 11       		.uleb128 0x11
 862 0272 74000000 		.4byte	.LBB3
 863 0276 C4000000 		.4byte	.LBE3-.LBB3
 864 027a 17       		.uleb128 0x17
 865 027b 35000000 		.4byte	.LASF33
 866 027f 01       		.byte	0x1
 867 0280 0401     		.2byte	0x104
 868 0282 37030000 		.4byte	0x337
 869 0286 05       		.uleb128 0x5
 870 0287 03       		.byte	0x3
 871 0288 0C000000 		.4byte	cy_cfg_addr_table.4708
 872 028c 17       		.uleb128 0x17
 873 028d 47000000 		.4byte	.LASF34
 874 0291 01       		.byte	0x1
 875 0292 0A01     		.2byte	0x10a
 876 0294 4C030000 		.4byte	0x34c
 877 0298 05       		.uleb128 0x5
 878 0299 03       		.byte	0x3
 879 029a 18000000 		.4byte	cy_cfg_data_table.4709
 880 029e 18       		.uleb128 0x18
 881 029f 06       		.byte	0x6
 882 02a0 01       		.byte	0x1
 883 02a1 1701     		.2byte	0x117
 884 02a3 C2020000 		.4byte	0x2c2
 885 02a7 19       		.uleb128 0x19
 886 02a8 81010000 		.4byte	.LASF35
 887 02ac 01       		.byte	0x1
 888 02ad 1801     		.2byte	0x118
 889 02af 7D000000 		.4byte	0x7d
 890 02b3 00       		.byte	0
 891 02b4 19       		.uleb128 0x19
 892 02b5 F0000000 		.4byte	.LASF36
 893 02b9 01       		.byte	0x1
 894 02ba 1901     		.2byte	0x119
 895 02bc 91000000 		.4byte	0x91
 896 02c0 04       		.byte	0x4
 897 02c1 00       		.byte	0
 898 02c2 06       		.uleb128 0x6
 899 02c3 A0010000 		.4byte	.LASF37
 900 02c7 01       		.byte	0x1
 901 02c8 1A01     		.2byte	0x11a
 902 02ca 9E020000 		.4byte	0x29e
 903 02ce 1A       		.uleb128 0x1a
 904 02cf C2020000 		.4byte	0x2c2
 905 02d3 DE020000 		.4byte	0x2de
 906 02d7 1B       		.uleb128 0x1b
 907 02d8 76000000 		.4byte	0x76
 908 02dc 01       		.byte	0x1
 909 02dd 00       		.byte	0
 910 02de 17       		.uleb128 0x17
 911 02df E0000000 		.4byte	.LASF38
 912 02e3 01       		.byte	0x1
 913 02e4 1C01     		.2byte	0x11c
ARM GAS  C:\Users\kbuchi\AppData\Local\Temp\ccGTxp8s.s 			page 23


 914 02e6 F0020000 		.4byte	0x2f0
 915 02ea 05       		.uleb128 0x5
 916 02eb 03       		.byte	0x3
 917 02ec 00000000 		.4byte	cfg_memset_list.4714
 918 02f0 13       		.uleb128 0x13
 919 02f1 CE020000 		.4byte	0x2ce
 920 02f5 1C       		.uleb128 0x1c
 921 02f6 6900     		.ascii	"i\000"
 922 02f8 01       		.byte	0x1
 923 02f9 2201     		.2byte	0x122
 924 02fb 86000000 		.4byte	0x86
 925 02ff 02       		.uleb128 0x2
 926 0300 91       		.byte	0x91
 927 0301 77       		.sleb128 -9
 928 0302 11       		.uleb128 0x11
 929 0303 7C000000 		.4byte	.LBB4
 930 0307 3E000000 		.4byte	.LBE4-.LBB4
 931 030b 1C       		.uleb128 0x1c
 932 030c 6D7300   		.ascii	"ms\000"
 933 030f 01       		.byte	0x1
 934 0310 2701     		.2byte	0x127
 935 0312 19030000 		.4byte	0x319
 936 0316 02       		.uleb128 0x2
 937 0317 91       		.byte	0x91
 938 0318 70       		.sleb128 -16
 939 0319 0D       		.uleb128 0xd
 940 031a 04       		.byte	0x4
 941 031b 1F030000 		.4byte	0x31f
 942 031f 13       		.uleb128 0x13
 943 0320 C2020000 		.4byte	0x2c2
 944 0324 00       		.byte	0
 945 0325 00       		.byte	0
 946 0326 00       		.byte	0
 947 0327 1A       		.uleb128 0x1a
 948 0328 9C000000 		.4byte	0x9c
 949 032c 37030000 		.4byte	0x337
 950 0330 1B       		.uleb128 0x1b
 951 0331 76000000 		.4byte	0x76
 952 0335 02       		.byte	0x2
 953 0336 00       		.byte	0
 954 0337 13       		.uleb128 0x13
 955 0338 27030000 		.4byte	0x327
 956 033c 1A       		.uleb128 0x1a
 957 033d F8000000 		.4byte	0xf8
 958 0341 4C030000 		.4byte	0x34c
 959 0345 1B       		.uleb128 0x1b
 960 0346 76000000 		.4byte	0x76
 961 034a 07       		.byte	0x7
 962 034b 00       		.byte	0
 963 034c 13       		.uleb128 0x13
 964 034d 3C030000 		.4byte	0x33c
 965 0351 00       		.byte	0
 966              		.section	.debug_abbrev,"",%progbits
 967              	.Ldebug_abbrev0:
 968 0000 01       		.uleb128 0x1
 969 0001 11       		.uleb128 0x11
 970 0002 01       		.byte	0x1
ARM GAS  C:\Users\kbuchi\AppData\Local\Temp\ccGTxp8s.s 			page 24


 971 0003 25       		.uleb128 0x25
 972 0004 0E       		.uleb128 0xe
 973 0005 13       		.uleb128 0x13
 974 0006 0B       		.uleb128 0xb
 975 0007 03       		.uleb128 0x3
 976 0008 0E       		.uleb128 0xe
 977 0009 1B       		.uleb128 0x1b
 978 000a 0E       		.uleb128 0xe
 979 000b 55       		.uleb128 0x55
 980 000c 17       		.uleb128 0x17
 981 000d 11       		.uleb128 0x11
 982 000e 01       		.uleb128 0x1
 983 000f 10       		.uleb128 0x10
 984 0010 17       		.uleb128 0x17
 985 0011 00       		.byte	0
 986 0012 00       		.byte	0
 987 0013 02       		.uleb128 0x2
 988 0014 24       		.uleb128 0x24
 989 0015 00       		.byte	0
 990 0016 0B       		.uleb128 0xb
 991 0017 0B       		.uleb128 0xb
 992 0018 3E       		.uleb128 0x3e
 993 0019 0B       		.uleb128 0xb
 994 001a 03       		.uleb128 0x3
 995 001b 08       		.uleb128 0x8
 996 001c 00       		.byte	0
 997 001d 00       		.byte	0
 998 001e 03       		.uleb128 0x3
 999 001f 16       		.uleb128 0x16
 1000 0020 00       		.byte	0
 1001 0021 03       		.uleb128 0x3
 1002 0022 0E       		.uleb128 0xe
 1003 0023 3A       		.uleb128 0x3a
 1004 0024 0B       		.uleb128 0xb
 1005 0025 3B       		.uleb128 0x3b
 1006 0026 0B       		.uleb128 0xb
 1007 0027 49       		.uleb128 0x49
 1008 0028 13       		.uleb128 0x13
 1009 0029 00       		.byte	0
 1010 002a 00       		.byte	0
 1011 002b 04       		.uleb128 0x4
 1012 002c 24       		.uleb128 0x24
 1013 002d 00       		.byte	0
 1014 002e 0B       		.uleb128 0xb
 1015 002f 0B       		.uleb128 0xb
 1016 0030 3E       		.uleb128 0x3e
 1017 0031 0B       		.uleb128 0xb
 1018 0032 03       		.uleb128 0x3
 1019 0033 0E       		.uleb128 0xe
 1020 0034 00       		.byte	0
 1021 0035 00       		.byte	0
 1022 0036 05       		.uleb128 0x5
 1023 0037 0F       		.uleb128 0xf
 1024 0038 00       		.byte	0
 1025 0039 0B       		.uleb128 0xb
 1026 003a 0B       		.uleb128 0xb
 1027 003b 00       		.byte	0
ARM GAS  C:\Users\kbuchi\AppData\Local\Temp\ccGTxp8s.s 			page 25


 1028 003c 00       		.byte	0
 1029 003d 06       		.uleb128 0x6
 1030 003e 16       		.uleb128 0x16
 1031 003f 00       		.byte	0
 1032 0040 03       		.uleb128 0x3
 1033 0041 0E       		.uleb128 0xe
 1034 0042 3A       		.uleb128 0x3a
 1035 0043 0B       		.uleb128 0xb
 1036 0044 3B       		.uleb128 0x3b
 1037 0045 05       		.uleb128 0x5
 1038 0046 49       		.uleb128 0x49
 1039 0047 13       		.uleb128 0x13
 1040 0048 00       		.byte	0
 1041 0049 00       		.byte	0
 1042 004a 07       		.uleb128 0x7
 1043 004b 35       		.uleb128 0x35
 1044 004c 00       		.byte	0
 1045 004d 49       		.uleb128 0x49
 1046 004e 13       		.uleb128 0x13
 1047 004f 00       		.byte	0
 1048 0050 00       		.byte	0
 1049 0051 08       		.uleb128 0x8
 1050 0052 13       		.uleb128 0x13
 1051 0053 01       		.byte	0x1
 1052 0054 0B       		.uleb128 0xb
 1053 0055 0B       		.uleb128 0xb
 1054 0056 3A       		.uleb128 0x3a
 1055 0057 0B       		.uleb128 0xb
 1056 0058 3B       		.uleb128 0x3b
 1057 0059 0B       		.uleb128 0xb
 1058 005a 01       		.uleb128 0x1
 1059 005b 13       		.uleb128 0x13
 1060 005c 00       		.byte	0
 1061 005d 00       		.byte	0
 1062 005e 09       		.uleb128 0x9
 1063 005f 0D       		.uleb128 0xd
 1064 0060 00       		.byte	0
 1065 0061 03       		.uleb128 0x3
 1066 0062 0E       		.uleb128 0xe
 1067 0063 3A       		.uleb128 0x3a
 1068 0064 0B       		.uleb128 0xb
 1069 0065 3B       		.uleb128 0x3b
 1070 0066 0B       		.uleb128 0xb
 1071 0067 49       		.uleb128 0x49
 1072 0068 13       		.uleb128 0x13
 1073 0069 38       		.uleb128 0x38
 1074 006a 0B       		.uleb128 0xb
 1075 006b 00       		.byte	0
 1076 006c 00       		.byte	0
 1077 006d 0A       		.uleb128 0xa
 1078 006e 2E       		.uleb128 0x2e
 1079 006f 01       		.byte	0x1
 1080 0070 03       		.uleb128 0x3
 1081 0071 0E       		.uleb128 0xe
 1082 0072 3A       		.uleb128 0x3a
 1083 0073 0B       		.uleb128 0xb
 1084 0074 3B       		.uleb128 0x3b
ARM GAS  C:\Users\kbuchi\AppData\Local\Temp\ccGTxp8s.s 			page 26


 1085 0075 0B       		.uleb128 0xb
 1086 0076 27       		.uleb128 0x27
 1087 0077 19       		.uleb128 0x19
 1088 0078 11       		.uleb128 0x11
 1089 0079 01       		.uleb128 0x1
 1090 007a 12       		.uleb128 0x12
 1091 007b 06       		.uleb128 0x6
 1092 007c 40       		.uleb128 0x40
 1093 007d 18       		.uleb128 0x18
 1094 007e 9642     		.uleb128 0x2116
 1095 0080 19       		.uleb128 0x19
 1096 0081 01       		.uleb128 0x1
 1097 0082 13       		.uleb128 0x13
 1098 0083 00       		.byte	0
 1099 0084 00       		.byte	0
 1100 0085 0B       		.uleb128 0xb
 1101 0086 05       		.uleb128 0x5
 1102 0087 00       		.byte	0
 1103 0088 03       		.uleb128 0x3
 1104 0089 08       		.uleb128 0x8
 1105 008a 3A       		.uleb128 0x3a
 1106 008b 0B       		.uleb128 0xb
 1107 008c 3B       		.uleb128 0x3b
 1108 008d 0B       		.uleb128 0xb
 1109 008e 49       		.uleb128 0x49
 1110 008f 13       		.uleb128 0x13
 1111 0090 02       		.uleb128 0x2
 1112 0091 18       		.uleb128 0x18
 1113 0092 00       		.byte	0
 1114 0093 00       		.byte	0
 1115 0094 0C       		.uleb128 0xc
 1116 0095 05       		.uleb128 0x5
 1117 0096 00       		.byte	0
 1118 0097 03       		.uleb128 0x3
 1119 0098 0E       		.uleb128 0xe
 1120 0099 3A       		.uleb128 0x3a
 1121 009a 0B       		.uleb128 0xb
 1122 009b 3B       		.uleb128 0x3b
 1123 009c 0B       		.uleb128 0xb
 1124 009d 49       		.uleb128 0x49
 1125 009e 13       		.uleb128 0x13
 1126 009f 02       		.uleb128 0x2
 1127 00a0 18       		.uleb128 0x18
 1128 00a1 00       		.byte	0
 1129 00a2 00       		.byte	0
 1130 00a3 0D       		.uleb128 0xd
 1131 00a4 0F       		.uleb128 0xf
 1132 00a5 00       		.byte	0
 1133 00a6 0B       		.uleb128 0xb
 1134 00a7 0B       		.uleb128 0xb
 1135 00a8 49       		.uleb128 0x49
 1136 00a9 13       		.uleb128 0x13
 1137 00aa 00       		.byte	0
 1138 00ab 00       		.byte	0
 1139 00ac 0E       		.uleb128 0xe
 1140 00ad 26       		.uleb128 0x26
 1141 00ae 00       		.byte	0
ARM GAS  C:\Users\kbuchi\AppData\Local\Temp\ccGTxp8s.s 			page 27


 1142 00af 00       		.byte	0
 1143 00b0 00       		.byte	0
 1144 00b1 0F       		.uleb128 0xf
 1145 00b2 2E       		.uleb128 0x2e
 1146 00b3 01       		.byte	0x1
 1147 00b4 03       		.uleb128 0x3
 1148 00b5 0E       		.uleb128 0xe
 1149 00b6 3A       		.uleb128 0x3a
 1150 00b7 0B       		.uleb128 0xb
 1151 00b8 3B       		.uleb128 0x3b
 1152 00b9 0B       		.uleb128 0xb
 1153 00ba 27       		.uleb128 0x27
 1154 00bb 19       		.uleb128 0x19
 1155 00bc 11       		.uleb128 0x11
 1156 00bd 01       		.uleb128 0x1
 1157 00be 12       		.uleb128 0x12
 1158 00bf 06       		.uleb128 0x6
 1159 00c0 40       		.uleb128 0x40
 1160 00c1 18       		.uleb128 0x18
 1161 00c2 9742     		.uleb128 0x2117
 1162 00c4 19       		.uleb128 0x19
 1163 00c5 01       		.uleb128 0x1
 1164 00c6 13       		.uleb128 0x13
 1165 00c7 00       		.byte	0
 1166 00c8 00       		.byte	0
 1167 00c9 10       		.uleb128 0x10
 1168 00ca 34       		.uleb128 0x34
 1169 00cb 00       		.byte	0
 1170 00cc 03       		.uleb128 0x3
 1171 00cd 08       		.uleb128 0x8
 1172 00ce 3A       		.uleb128 0x3a
 1173 00cf 0B       		.uleb128 0xb
 1174 00d0 3B       		.uleb128 0x3b
 1175 00d1 0B       		.uleb128 0xb
 1176 00d2 49       		.uleb128 0x49
 1177 00d3 13       		.uleb128 0x13
 1178 00d4 02       		.uleb128 0x2
 1179 00d5 18       		.uleb128 0x18
 1180 00d6 00       		.byte	0
 1181 00d7 00       		.byte	0
 1182 00d8 11       		.uleb128 0x11
 1183 00d9 0B       		.uleb128 0xb
 1184 00da 01       		.byte	0x1
 1185 00db 11       		.uleb128 0x11
 1186 00dc 01       		.uleb128 0x1
 1187 00dd 12       		.uleb128 0x12
 1188 00de 06       		.uleb128 0x6
 1189 00df 00       		.byte	0
 1190 00e0 00       		.byte	0
 1191 00e1 12       		.uleb128 0x12
 1192 00e2 34       		.uleb128 0x34
 1193 00e3 00       		.byte	0
 1194 00e4 03       		.uleb128 0x3
 1195 00e5 0E       		.uleb128 0xe
 1196 00e6 3A       		.uleb128 0x3a
 1197 00e7 0B       		.uleb128 0xb
 1198 00e8 3B       		.uleb128 0x3b
ARM GAS  C:\Users\kbuchi\AppData\Local\Temp\ccGTxp8s.s 			page 28


 1199 00e9 0B       		.uleb128 0xb
 1200 00ea 49       		.uleb128 0x49
 1201 00eb 13       		.uleb128 0x13
 1202 00ec 02       		.uleb128 0x2
 1203 00ed 18       		.uleb128 0x18
 1204 00ee 00       		.byte	0
 1205 00ef 00       		.byte	0
 1206 00f0 13       		.uleb128 0x13
 1207 00f1 26       		.uleb128 0x26
 1208 00f2 00       		.byte	0
 1209 00f3 49       		.uleb128 0x49
 1210 00f4 13       		.uleb128 0x13
 1211 00f5 00       		.byte	0
 1212 00f6 00       		.byte	0
 1213 00f7 14       		.uleb128 0x14
 1214 00f8 2E       		.uleb128 0x2e
 1215 00f9 00       		.byte	0
 1216 00fa 03       		.uleb128 0x3
 1217 00fb 0E       		.uleb128 0xe
 1218 00fc 3A       		.uleb128 0x3a
 1219 00fd 0B       		.uleb128 0xb
 1220 00fe 3B       		.uleb128 0x3b
 1221 00ff 0B       		.uleb128 0xb
 1222 0100 27       		.uleb128 0x27
 1223 0101 19       		.uleb128 0x19
 1224 0102 11       		.uleb128 0x11
 1225 0103 01       		.uleb128 0x1
 1226 0104 12       		.uleb128 0x12
 1227 0105 06       		.uleb128 0x6
 1228 0106 40       		.uleb128 0x40
 1229 0107 18       		.uleb128 0x18
 1230 0108 9642     		.uleb128 0x2116
 1231 010a 19       		.uleb128 0x19
 1232 010b 00       		.byte	0
 1233 010c 00       		.byte	0
 1234 010d 15       		.uleb128 0x15
 1235 010e 2E       		.uleb128 0x2e
 1236 010f 00       		.byte	0
 1237 0110 03       		.uleb128 0x3
 1238 0111 0E       		.uleb128 0xe
 1239 0112 3A       		.uleb128 0x3a
 1240 0113 0B       		.uleb128 0xb
 1241 0114 3B       		.uleb128 0x3b
 1242 0115 0B       		.uleb128 0xb
 1243 0116 27       		.uleb128 0x27
 1244 0117 19       		.uleb128 0x19
 1245 0118 11       		.uleb128 0x11
 1246 0119 01       		.uleb128 0x1
 1247 011a 12       		.uleb128 0x12
 1248 011b 06       		.uleb128 0x6
 1249 011c 40       		.uleb128 0x40
 1250 011d 18       		.uleb128 0x18
 1251 011e 9742     		.uleb128 0x2117
 1252 0120 19       		.uleb128 0x19
 1253 0121 00       		.byte	0
 1254 0122 00       		.byte	0
 1255 0123 16       		.uleb128 0x16
ARM GAS  C:\Users\kbuchi\AppData\Local\Temp\ccGTxp8s.s 			page 29


 1256 0124 2E       		.uleb128 0x2e
 1257 0125 01       		.byte	0x1
 1258 0126 3F       		.uleb128 0x3f
 1259 0127 19       		.uleb128 0x19
 1260 0128 03       		.uleb128 0x3
 1261 0129 0E       		.uleb128 0xe
 1262 012a 3A       		.uleb128 0x3a
 1263 012b 0B       		.uleb128 0xb
 1264 012c 3B       		.uleb128 0x3b
 1265 012d 0B       		.uleb128 0xb
 1266 012e 27       		.uleb128 0x27
 1267 012f 19       		.uleb128 0x19
 1268 0130 11       		.uleb128 0x11
 1269 0131 01       		.uleb128 0x1
 1270 0132 12       		.uleb128 0x12
 1271 0133 06       		.uleb128 0x6
 1272 0134 40       		.uleb128 0x40
 1273 0135 18       		.uleb128 0x18
 1274 0136 9642     		.uleb128 0x2116
 1275 0138 19       		.uleb128 0x19
 1276 0139 01       		.uleb128 0x1
 1277 013a 13       		.uleb128 0x13
 1278 013b 00       		.byte	0
 1279 013c 00       		.byte	0
 1280 013d 17       		.uleb128 0x17
 1281 013e 34       		.uleb128 0x34
 1282 013f 00       		.byte	0
 1283 0140 03       		.uleb128 0x3
 1284 0141 0E       		.uleb128 0xe
 1285 0142 3A       		.uleb128 0x3a
 1286 0143 0B       		.uleb128 0xb
 1287 0144 3B       		.uleb128 0x3b
 1288 0145 05       		.uleb128 0x5
 1289 0146 49       		.uleb128 0x49
 1290 0147 13       		.uleb128 0x13
 1291 0148 02       		.uleb128 0x2
 1292 0149 18       		.uleb128 0x18
 1293 014a 00       		.byte	0
 1294 014b 00       		.byte	0
 1295 014c 18       		.uleb128 0x18
 1296 014d 13       		.uleb128 0x13
 1297 014e 01       		.byte	0x1
 1298 014f 0B       		.uleb128 0xb
 1299 0150 0B       		.uleb128 0xb
 1300 0151 3A       		.uleb128 0x3a
 1301 0152 0B       		.uleb128 0xb
 1302 0153 3B       		.uleb128 0x3b
 1303 0154 05       		.uleb128 0x5
 1304 0155 01       		.uleb128 0x1
 1305 0156 13       		.uleb128 0x13
 1306 0157 00       		.byte	0
 1307 0158 00       		.byte	0
 1308 0159 19       		.uleb128 0x19
 1309 015a 0D       		.uleb128 0xd
 1310 015b 00       		.byte	0
 1311 015c 03       		.uleb128 0x3
 1312 015d 0E       		.uleb128 0xe
ARM GAS  C:\Users\kbuchi\AppData\Local\Temp\ccGTxp8s.s 			page 30


 1313 015e 3A       		.uleb128 0x3a
 1314 015f 0B       		.uleb128 0xb
 1315 0160 3B       		.uleb128 0x3b
 1316 0161 05       		.uleb128 0x5
 1317 0162 49       		.uleb128 0x49
 1318 0163 13       		.uleb128 0x13
 1319 0164 38       		.uleb128 0x38
 1320 0165 0B       		.uleb128 0xb
 1321 0166 00       		.byte	0
 1322 0167 00       		.byte	0
 1323 0168 1A       		.uleb128 0x1a
 1324 0169 01       		.uleb128 0x1
 1325 016a 01       		.byte	0x1
 1326 016b 49       		.uleb128 0x49
 1327 016c 13       		.uleb128 0x13
 1328 016d 01       		.uleb128 0x1
 1329 016e 13       		.uleb128 0x13
 1330 016f 00       		.byte	0
 1331 0170 00       		.byte	0
 1332 0171 1B       		.uleb128 0x1b
 1333 0172 21       		.uleb128 0x21
 1334 0173 00       		.byte	0
 1335 0174 49       		.uleb128 0x49
 1336 0175 13       		.uleb128 0x13
 1337 0176 2F       		.uleb128 0x2f
 1338 0177 0B       		.uleb128 0xb
 1339 0178 00       		.byte	0
 1340 0179 00       		.byte	0
 1341 017a 1C       		.uleb128 0x1c
 1342 017b 34       		.uleb128 0x34
 1343 017c 00       		.byte	0
 1344 017d 03       		.uleb128 0x3
 1345 017e 08       		.uleb128 0x8
 1346 017f 3A       		.uleb128 0x3a
 1347 0180 0B       		.uleb128 0xb
 1348 0181 3B       		.uleb128 0x3b
 1349 0182 05       		.uleb128 0x5
 1350 0183 49       		.uleb128 0x49
 1351 0184 13       		.uleb128 0x13
 1352 0185 02       		.uleb128 0x2
 1353 0186 18       		.uleb128 0x18
 1354 0187 00       		.byte	0
 1355 0188 00       		.byte	0
 1356 0189 00       		.byte	0
 1357              		.section	.debug_aranges,"",%progbits
 1358 0000 4C000000 		.4byte	0x4c
 1359 0004 0200     		.2byte	0x2
 1360 0006 00000000 		.4byte	.Ldebug_info0
 1361 000a 04       		.byte	0x4
 1362 000b 00       		.byte	0
 1363 000c 0000     		.2byte	0
 1364 000e 0000     		.2byte	0
 1365 0010 00000000 		.4byte	.LFB0
 1366 0014 1E000000 		.4byte	.LFE0-.LFB0
 1367 0018 00000000 		.4byte	.LFB1
 1368 001c 22000000 		.4byte	.LFE1-.LFB1
 1369 0020 00000000 		.4byte	.LFB2
ARM GAS  C:\Users\kbuchi\AppData\Local\Temp\ccGTxp8s.s 			page 31


 1370 0024 22000000 		.4byte	.LFE2-.LFB2
 1371 0028 00000000 		.4byte	.LFB3
 1372 002c 7E000000 		.4byte	.LFE3-.LFB3
 1373 0030 00000000 		.4byte	.LFB4
 1374 0034 6C000000 		.4byte	.LFE4-.LFB4
 1375 0038 00000000 		.4byte	.LFB5
 1376 003c 08000000 		.4byte	.LFE5-.LFB5
 1377 0040 6C000000 		.4byte	.LFB6
 1378 0044 20010000 		.4byte	.LFE6-.LFB6
 1379 0048 00000000 		.4byte	0
 1380 004c 00000000 		.4byte	0
 1381              		.section	.debug_ranges,"",%progbits
 1382              	.Ldebug_ranges0:
 1383 0000 00000000 		.4byte	.LFB0
 1384 0004 1E000000 		.4byte	.LFE0
 1385 0008 00000000 		.4byte	.LFB1
 1386 000c 22000000 		.4byte	.LFE1
 1387 0010 00000000 		.4byte	.LFB2
 1388 0014 22000000 		.4byte	.LFE2
 1389 0018 00000000 		.4byte	.LFB3
 1390 001c 7E000000 		.4byte	.LFE3
 1391 0020 00000000 		.4byte	.LFB4
 1392 0024 6C000000 		.4byte	.LFE4
 1393 0028 00000000 		.4byte	.LFB5
 1394 002c 08000000 		.4byte	.LFE5
 1395 0030 6C000000 		.4byte	.LFB6
 1396 0034 8C010000 		.4byte	.LFE6
 1397 0038 00000000 		.4byte	0
 1398 003c 00000000 		.4byte	0
 1399              		.section	.debug_line,"",%progbits
 1400              	.Ldebug_line0:
 1401 0000 89010000 		.section	.debug_str,"MS",%progbits,1
 1401      0200CD00 
 1401      00000201 
 1401      FB0E0D00 
 1401      01010101 
 1402              	.LASF18:
 1403 0000 72656733 		.ascii	"reg32\000"
 1403      3200
 1404              	.LASF11:
 1405 0006 73697A65 		.ascii	"size_t\000"
 1405      5F7400
 1406              	.LASF32:
 1407 000d 416E616C 		.ascii	"AnalogSetDefault\000"
 1407      6F675365 
 1407      74446566 
 1407      61756C74 
 1407      00
 1408              	.LASF20:
 1409 001e 76616C75 		.ascii	"value\000"
 1409      6500
 1410              	.LASF30:
 1411 0024 636F756E 		.ascii	"count\000"
 1411      7400
 1412              	.LASF31:
 1413 002a 436C6F63 		.ascii	"ClockSetup\000"
 1413      6B536574 
ARM GAS  C:\Users\kbuchi\AppData\Local\Temp\ccGTxp8s.s 			page 32


 1413      757000
 1414              	.LASF33:
 1415 0035 63795F63 		.ascii	"cy_cfg_addr_table\000"
 1415      66675F61 
 1415      6464725F 
 1415      7461626C 
 1415      6500
 1416              	.LASF34:
 1417 0047 63795F63 		.ascii	"cy_cfg_data_table\000"
 1417      66675F64 
 1417      6174615F 
 1417      7461626C 
 1417      6500
 1418              	.LASF15:
 1419 0059 666C6F61 		.ascii	"float\000"
 1419      7400
 1420              	.LASF39:
 1421 005f 474E5520 		.ascii	"GNU C 4.8.4 20140526 (release) [ARM/embedded-4_8-br"
 1421      4320342E 
 1421      382E3420 
 1421      32303134 
 1421      30353236 
 1422 0092 616E6368 		.ascii	"anch revision 211358] -mcpu=cortex-m0 -mthumb -g -O"
 1422      20726576 
 1422      6973696F 
 1422      6E203231 
 1422      31333538 
 1423 00c5 30202D66 		.ascii	"0 -ffunction-sections\000"
 1423      66756E63 
 1423      74696F6E 
 1423      2D736563 
 1423      74696F6E 
 1424              	.LASF24:
 1425 00db 64657374 		.ascii	"dest\000"
 1425      00
 1426              	.LASF38:
 1427 00e0 6366675F 		.ascii	"cfg_memset_list\000"
 1427      6D656D73 
 1427      65745F6C 
 1427      69737400 
 1428              	.LASF36:
 1429 00f0 73697A65 		.ascii	"size\000"
 1429      00
 1430              	.LASF17:
 1431 00f5 72656738 		.ascii	"reg8\000"
 1431      00
 1432              	.LASF6:
 1433 00fa 6C6F6E67 		.ascii	"long unsigned int\000"
 1433      20756E73 
 1433      69676E65 
 1433      6420696E 
 1433      7400
 1434              	.LASF12:
 1435 010c 75696E74 		.ascii	"uint8\000"
 1435      3800
 1436              	.LASF22:
 1437 0112 43594D45 		.ascii	"CYMEMZERO\000"
ARM GAS  C:\Users\kbuchi\AppData\Local\Temp\ccGTxp8s.s 			page 33


 1437      4D5A4552 
 1437      4F00
 1438              	.LASF2:
 1439 011c 756E7369 		.ascii	"unsigned char\000"
 1439      676E6564 
 1439      20636861 
 1439      7200
 1440              	.LASF16:
 1441 012a 646F7562 		.ascii	"double\000"
 1441      6C6500
 1442              	.LASF26:
 1443 0131 6366675F 		.ascii	"cfg_write_bytes32\000"
 1443      77726974 
 1443      655F6279 
 1443      74657333 
 1443      3200
 1444              	.LASF42:
 1445 0143 63796669 		.ascii	"cyfitter_cfg\000"
 1445      74746572 
 1445      5F636667 
 1445      00
 1446              	.LASF27:
 1447 0150 61646472 		.ascii	"addr_table\000"
 1447      5F746162 
 1447      6C6500
 1448              	.LASF13:
 1449 015b 75696E74 		.ascii	"uint16\000"
 1449      313600
 1450              	.LASF28:
 1451 0162 64617461 		.ascii	"data_table\000"
 1451      5F746162 
 1451      6C6500
 1452              	.LASF14:
 1453 016d 75696E74 		.ascii	"uint32\000"
 1453      333200
 1454              	.LASF0:
 1455 0174 756E7369 		.ascii	"unsigned int\000"
 1455      676E6564 
 1455      20696E74 
 1455      00
 1456              	.LASF35:
 1457 0181 61646472 		.ascii	"address\000"
 1457      65737300 
 1458              	.LASF8:
 1459 0189 6C6F6E67 		.ascii	"long long unsigned int\000"
 1459      206C6F6E 
 1459      6720756E 
 1459      7369676E 
 1459      65642069 
 1460              	.LASF37:
 1461 01a0 6366675F 		.ascii	"cfg_memset_t\000"
 1461      6D656D73 
 1461      65745F74 
 1461      00
 1462              	.LASF29:
 1463 01ad 62617365 		.ascii	"baseAddr\000"
 1463      41646472 
ARM GAS  C:\Users\kbuchi\AppData\Local\Temp\ccGTxp8s.s 			page 34


 1463      00
 1464              	.LASF9:
 1465 01b6 73697A65 		.ascii	"sizetype\000"
 1465      74797065 
 1465      00
 1466              	.LASF40:
 1467 01bf 2E5C4765 		.ascii	".\\Generated_Source\\PSoC4\\cyfitter_cfg.c\000"
 1467      6E657261 
 1467      7465645F 
 1467      536F7572 
 1467      63655C50 
 1468              	.LASF7:
 1469 01e7 6C6F6E67 		.ascii	"long long int\000"
 1469      206C6F6E 
 1469      6720696E 
 1469      7400
 1470              	.LASF10:
 1471 01f5 63686172 		.ascii	"char\000"
 1471      00
 1472              	.LASF21:
 1473 01fa 63795F63 		.ascii	"cy_cfg_addrvalue_t\000"
 1473      66675F61 
 1473      64647276 
 1473      616C7565 
 1473      5F7400
 1474              	.LASF19:
 1475 020d 6F666673 		.ascii	"offset\000"
 1475      657400
 1476              	.LASF3:
 1477 0214 73686F72 		.ascii	"short int\000"
 1477      7420696E 
 1477      7400
 1478              	.LASF5:
 1479 021e 6C6F6E67 		.ascii	"long int\000"
 1479      20696E74 
 1479      00
 1480              	.LASF1:
 1481 0227 7369676E 		.ascii	"signed char\000"
 1481      65642063 
 1481      68617200 
 1482              	.LASF4:
 1483 0233 73686F72 		.ascii	"short unsigned int\000"
 1483      7420756E 
 1483      7369676E 
 1483      65642069 
 1483      6E7400
 1484              	.LASF25:
 1485 0246 4359434F 		.ascii	"CYCONFIGCPYCODE\000"
 1485      4E464947 
 1485      43505943 
 1485      4F444500 
 1486              	.LASF23:
 1487 0256 4359434F 		.ascii	"CYCONFIGCPY\000"
 1487      4E464947 
 1487      43505900 
 1488              	.LASF41:
 1489 0262 433A5C57 		.ascii	"C:\\WORKS\\WS\\WS_PSoC\\SCB_Bootloader\\Bootloadabl"
ARM GAS  C:\Users\kbuchi\AppData\Local\Temp\ccGTxp8s.s 			page 35


 1489      4F524B53 
 1489      5C57535C 
 1489      57535F50 
 1489      536F435C 
 1490 0290 6520426C 		.ascii	"e Blinking LED.cydsn\000"
 1490      696E6B69 
 1490      6E67204C 
 1490      45442E63 
 1490      7964736E 
 1491              		.ident	"GCC: (GNU Tools for ARM Embedded Processors) 4.8.4 20140526 (release) [ARM/embedded-4_8-br
