Loading plugins phase: Elapsed time ==> 2s.963ms
Initializing data phase: Elapsed time ==> 0s.000ms
<CYPRESSTAG name="CyDsfit arguments...">
cydsfit arguments: -.fdsnotice -.fdswarpdepfile=warp_dependencies.txt -.fdselabdepfile=elab_dependencies.txt -.fdsbldfile=generated_files.txt -p C:\WORKS\WS\WS_PSoC\s-10.cydsn\s-10.cyprj -d CY8C4245AXI-483 -s C:\WORKS\WS\WS_PSoC\s-10.cydsn\Generated_Source\PSoC4 -- -yv2 -q10 -ygs -o2 -v3 -.fftcfgtype=LE</CYPRESSTAG>
<CYPRESSTAG name="Design elaboration results...">
ADD: pft.M0111: information: One or more rows of flash have been configured to be protected; however, debugging has been enabled in the System DWR Editor. This means that while write restrictions are honored flash rows can still be read via SWD or JTAG. To prevent any ability to read the flash rows, disable debugging in the System DWR Editor.
 * C:\WORKS\WS\WS_PSoC\s-10.cydsn\s-10.cydwr (Chip Protection)

</CYPRESSTAG>
Elaboration phase: Elapsed time ==> 1s.844ms
<CYPRESSTAG name="HDL generation results...">
</CYPRESSTAG>
HDL generation phase: Elapsed time ==> 0s.290ms
<CYPRESSTAG name="Synthesis results...">

     | | | | | | |
   _________________
  -|               |-
  -|               |-
  -|               |-
  -|    CYPRESS    |-
  -|               |-
  -|               |-   Warp Verilog Synthesis Compiler: Version 6.3 IR 41
  -|               |-   Copyright (C) 1991-2001 Cypress Semiconductor
   |_______________|
     | | | | | | |

======================================================================
Compiling:  s-10.v
Program  :   C:\WORKS\Programs\PSoC_Creator\PSoC Creator\3.2\PSoC_Creator\warp\bin/warp.exe
Options  :    -yv2 -q10 -ygs -o2 -v3 -.fftcfgtype=LE -ya -.fftprj=C:\WORKS\WS\WS_PSoC\s-10.cydsn\s-10.cyprj -dcpsoc3 s-10.v -verilog
======================================================================

======================================================================
Compiling:  s-10.v
Program  :   C:\WORKS\Programs\PSoC_Creator\PSoC Creator\3.2\PSoC_Creator\warp\bin/warp.exe
Options  :    -yv2 -q10 -ygs -o2 -v3 -.fftcfgtype=LE -ya -.fftprj=C:\WORKS\WS\WS_PSoC\s-10.cydsn\s-10.cyprj -dcpsoc3 s-10.v -verilog
======================================================================

======================================================================
Compiling:  s-10.v
Program  :   vlogfe
Options  :    -yv2 -q10 -ygs -o2 -v3 -.fftcfgtype=LE -ya -.fftprj=C:\WORKS\WS\WS_PSoC\s-10.cydsn\s-10.cyprj -dcpsoc3 -verilog s-10.v
======================================================================

vlogfe V6.3 IR 41:  Verilog parser
Wed Jul 15 08:18:48 2015


======================================================================
Compiling:  s-10.v
Program  :   vpp
Options  :    -yv2 -q10 s-10.v
======================================================================

vpp V6.3 IR 41:  Verilog Pre-Processor
Wed Jul 15 08:18:48 2015

Flattening file 'C:\WORKS\Programs\PSoC_Creator\PSoC Creator\3.2\PSoC_Creator\warp\..\psoc\content\cyprimitives\CyPrimitives.cylib\cy_tff_v1_0\cy_tff_v1_0.v'
Flattening file 'C:\WORKS\Programs\PSoC_Creator\PSoC Creator\3.2\PSoC_Creator\warp\..\psoc\content\cyprimitives\CyPrimitives.cylib\cy_constant_v1_0\cy_constant_v1_0.v'

vpp:  No errors.

Library 'work' => directory 'lcpsoc3'
General_symbol_table
General_symbol_table
Linking 'C:\WORKS\Programs\PSoC_Creator\PSoC Creator\3.2\PSoC_Creator\warp\lib\common\std.vhd'.
Linking 'C:\WORKS\Programs\PSoC_Creator\PSoC Creator\3.2\PSoC_Creator\warp\lib\common\cypress.vhd'.
Linking 'C:\WORKS\Programs\PSoC_Creator\PSoC Creator\3.2\PSoC_Creator\warp\lib\common\work\cypress.vif'.
Linking 'C:\WORKS\Programs\PSoC_Creator\PSoC Creator\3.2\PSoC_Creator\warp\lib\ieee\work\stdlogic.vif'.
Linking 'C:\WORKS\Programs\PSoC_Creator\PSoC Creator\3.2\PSoC_Creator\warp\lib\common\stdlogic\lpmpkg.vif'.
Linking 'C:\WORKS\Programs\PSoC_Creator\PSoC Creator\3.2\PSoC_Creator\warp\lib\common\stdlogic\rtlpkg.vif'.
Linking 'C:\WORKS\Programs\PSoC_Creator\PSoC Creator\3.2\PSoC_Creator\warp\lib\common\stdlogic\mod_cnst.vif'.
Linking 'C:\WORKS\Programs\PSoC_Creator\PSoC Creator\3.2\PSoC_Creator\warp\lib\common\stdlogic\mod_mthv.vif'.
Linking 'C:\WORKS\Programs\PSoC_Creator\PSoC Creator\3.2\PSoC_Creator\warp\lib\common\stdlogic\mod_genv.vif'.
Using control file 's-10.ctl'.

vlogfe:  No errors.


======================================================================
Compiling:  s-10.v
Program  :   tovif
Options  :    -yv2 -q10 -ygs -o2 -v3 -.fftcfgtype=LE -ya -.fftprj=C:\WORKS\WS\WS_PSoC\s-10.cydsn\s-10.cyprj -dcpsoc3 -verilog s-10.v
======================================================================

tovif V6.3 IR 41:  High-level synthesis
Wed Jul 15 08:18:49 2015

Linking 'C:\WORKS\Programs\PSoC_Creator\PSoC Creator\3.2\PSoC_Creator\warp\lib\common\std.vhd'.
Linking 'C:\WORKS\Programs\PSoC_Creator\PSoC Creator\3.2\PSoC_Creator\warp\lib\common\cypress.vhd'.
Linking 'C:\WORKS\Programs\PSoC_Creator\PSoC Creator\3.2\PSoC_Creator\warp\lib\common\work\cypress.vif'.
Linking 'C:\WORKS\Programs\PSoC_Creator\PSoC Creator\3.2\PSoC_Creator\warp\lib\ieee\work\stdlogic.vif'.
Linking 'C:\WORKS\Programs\PSoC_Creator\PSoC Creator\3.2\PSoC_Creator\warp\lib\common\stdlogic\lpmpkg.vif'.
Linking 'C:\WORKS\Programs\PSoC_Creator\PSoC Creator\3.2\PSoC_Creator\warp\lib\common\stdlogic\rtlpkg.vif'.
Linking 'C:\WORKS\Programs\PSoC_Creator\PSoC Creator\3.2\PSoC_Creator\warp\lib\common\stdlogic\mod_cnst.vif'.
Linking 'C:\WORKS\Programs\PSoC_Creator\PSoC Creator\3.2\PSoC_Creator\warp\lib\common\stdlogic\mod_mthv.vif'.
Linking 'C:\WORKS\Programs\PSoC_Creator\PSoC Creator\3.2\PSoC_Creator\warp\lib\common\stdlogic\mod_genv.vif'.
Linking 'C:\WORKS\WS\WS_PSoC\s-10.cydsn\codegentemp\s-10.ctl'.
Linking 'C:\WORKS\Programs\PSoC_Creator\PSoC Creator\3.2\PSoC_Creator\psoc\content\cyprimitives\CyPrimitives.cylib\cy_tff_v1_0\cy_tff_v1_0.v'.
Linking 'C:\WORKS\WS\WS_PSoC\s-10.cydsn\codegentemp\s-10.v'.
Linking 'C:\WORKS\Programs\PSoC_Creator\PSoC Creator\3.2\PSoC_Creator\psoc\content\cyprimitives\CyPrimitives.cylib\cy_constant_v1_0\cy_constant_v1_0.v'.

tovif:  No errors.


======================================================================
Compiling:  s-10.v
Program  :   topld
Options  :    -yv2 -q10 -ygs -o2 -v3 -.fftcfgtype=LE -ya -.fftprj=C:\WORKS\WS\WS_PSoC\s-10.cydsn\s-10.cyprj -dcpsoc3 -verilog s-10.v
======================================================================

topld V6.3 IR 41:  Synthesis and optimization
Wed Jul 15 08:18:49 2015

Linking 'C:\WORKS\Programs\PSoC_Creator\PSoC Creator\3.2\PSoC_Creator\warp\lib\common\std.vhd'.
Linking 'C:\WORKS\Programs\PSoC_Creator\PSoC Creator\3.2\PSoC_Creator\warp\lib\common\cypress.vhd'.
Linking 'C:\WORKS\Programs\PSoC_Creator\PSoC Creator\3.2\PSoC_Creator\warp\lib\common\work\cypress.vif'.
Linking 'C:\WORKS\Programs\PSoC_Creator\PSoC Creator\3.2\PSoC_Creator\warp\lib\ieee\work\stdlogic.vif'.
Linking 'C:\WORKS\Programs\PSoC_Creator\PSoC Creator\3.2\PSoC_Creator\warp\lib\common\stdlogic\lpmpkg.vif'.
Linking 'C:\WORKS\Programs\PSoC_Creator\PSoC Creator\3.2\PSoC_Creator\warp\lib\common\stdlogic\rtlpkg.vif'.
Linking 'C:\WORKS\Programs\PSoC_Creator\PSoC Creator\3.2\PSoC_Creator\warp\lib\common\stdlogic\mod_cnst.vif'.
Linking 'C:\WORKS\Programs\PSoC_Creator\PSoC Creator\3.2\PSoC_Creator\warp\lib\common\stdlogic\mod_mthv.vif'.
Linking 'C:\WORKS\Programs\PSoC_Creator\PSoC Creator\3.2\PSoC_Creator\warp\lib\common\stdlogic\mod_genv.vif'.
Linking 'C:\WORKS\WS\WS_PSoC\s-10.cydsn\codegentemp\s-10.ctl'.
Linking 'C:\WORKS\Programs\PSoC_Creator\PSoC Creator\3.2\PSoC_Creator\psoc\content\cyprimitives\CyPrimitives.cylib\cy_tff_v1_0\cy_tff_v1_0.v'.
Linking 'C:\WORKS\WS\WS_PSoC\s-10.cydsn\codegentemp\s-10.v'.
Linking 'C:\WORKS\Programs\PSoC_Creator\PSoC Creator\3.2\PSoC_Creator\psoc\content\cyprimitives\CyPrimitives.cylib\cy_constant_v1_0\cy_constant_v1_0.v'.
Linking 'C:\WORKS\Programs\PSoC_Creator\PSoC Creator\3.2\PSoC_Creator\warp\lib\lcpsoc3\stdlogic\cpsoc3.vif'.

----------------------------------------------------------
Detecting unused logic.
----------------------------------------------------------



------------------------------------------------------
Alias Detection
------------------------------------------------------
Aliasing one to tmpOE__LED_net_0
Aliasing tmpOE__SW1_net_0 to tmpOE__LED_net_0
Aliasing Net_15 to tmpOE__LED_net_0
Removing Rhs of wire Net_18[2] = cy_tff_1[24]
Removing Lhs of wire one[8] = tmpOE__LED_net_0[1]
Removing Lhs of wire tmpOE__SW1_net_0[11] = tmpOE__LED_net_0[1]
Removing Lhs of wire Net_15[25] = tmpOE__LED_net_0[1]

------------------------------------------------------
Aliased 0 equations, 4 wires.
------------------------------------------------------

----------------------------------------------------------
Circuit simplification
----------------------------------------------------------

Substituting virtuals - pass 1:

Note:  Expanding virtual equation for 'tmpOE__LED_net_0' (cost = 0):
tmpOE__LED_net_0 <=  ('1') ;


Substituting virtuals - pass 2:


----------------------------------------------------------
Circuit simplification results:

	Expanded 1 signals.
	Turned 0 signals into soft nodes.
	Maximum default expansion cost was set at 3.
----------------------------------------------------------

------------------------------------------------------
Alias Detection
------------------------------------------------------

------------------------------------------------------
Aliased 0 equations, 0 wires.
------------------------------------------------------

Last attempt to remove unused logic - pass 1:


Last attempt to remove unused logic - pass 2:


topld:  No errors.

CYPRESS_DIR    : C:\WORKS\Programs\PSoC_Creator\PSoC Creator\3.2\PSoC_Creator\warp
Warp Program   : C:\WORKS\Programs\PSoC_Creator\PSoC Creator\3.2\PSoC_Creator\warp\bin/warp.exe
Warp Arguments : -yv2 -q10 -ygs -o2 -v3 -.fftcfgtype=LE -ya -.fftprj=C:\WORKS\WS\WS_PSoC\s-10.cydsn\s-10.cyprj -dcpsoc3 s-10.v -verilog
</CYPRESSTAG>
Warp synthesis phase: Elapsed time ==> 1s.027ms
<CYPRESSTAG name="Fitter results...">
<CYPRESSTAG name="Fitter startup details...">
cyp3fit: V3.2.0.724, Family: PSoC3, Started at: Wednesday, 15 July 2015 08:18:49
Options: -yv2 -q10 -ygs -o2 -v3 -.fftcfgtype=LE -ya -.fftprj=C:\WORKS\WS\WS_PSoC\s-10.cydsn\s-10.cyprj -d CY8C4245AXI-483 s-10.v -verilog
</CYPRESSTAG>
<CYPRESSTAG name="Design parsing">
Design parsing phase: Elapsed time ==> 0s.107ms
</CYPRESSTAG>
<CYPRESSTAG name="Tech mapping">
<CYPRESSTAG name="Initial Mapping" icon="FILE_RPT_TECHM">
<CYPRESSTAG name="Global Clock Selection" icon="FILE_RPT_TECHM">
<CYPRESSTAG name="UDB Clock/Enable Remapping Results">
</CYPRESSTAG>
<CYPRESSTAG name="UDB Routed Clock Assignment">
    Routed Clock: SW1(0):iocell.fb
        Effective Clock: HFCLK
        Enable Signal: SW1(0):iocell.fb
</CYPRESSTAG>
</CYPRESSTAG>

Removing unused cells resulting from optimization
Done removing unused cells.
<CYPRESSTAG name="Duplicate Macrocell detection">
</CYPRESSTAG>
</CYPRESSTAG>
<CYPRESSTAG name="Duplicate Macrocell detection">
</CYPRESSTAG>
<CYPRESSTAG name="Design Equations" icon="FILE_RPT_EQUATION">

------------------------------------------------------------
Design Equations
------------------------------------------------------------
    <CYPRESSTAG name="Pin listing">

    ------------------------------------------------------------
    Pin listing
    ------------------------------------------------------------

    Pin : Name = LED(0)
        Attributes:
            In Group/Port: True
            In Sync Option: AUTO
            Out Sync Option: NOSYNC
            Interrupt generated: False
            Interrupt mode: NONE
            Drive mode: CMOS_OUT
            VTrip: EITHER
            Slew: FAST
            Input Sync needed: False
            Output Sync needed: False
            SC shield enabled: False
            POR State: ANY
            LCD Mode: COMMON
            Register Mode: RegComb
            CaSense Mode: NEITHER
            Treat as pin: True
            Is OE Registered: False
            Uses Analog: False
            Can contain Digital: True
            Is SIO: False
            SIO Output Buf: NONREGULATED
            SIO Input Buf: SINGLE_ENDED
            SIO HiFreq: LOW
            SIO Hyst: DISABLED
            SIO Vtrip: MULTIPLIER_0_5
            SIO RefSel: VCC_IO
            Required Capabilitites: DIGITAL, ROUTABLE
            Initial Value: 1
            IO Voltage: 0
        PORT MAP (
            pa_out => LED(0)__PA ,
            input => Net_18 ,
            annotation => Net_6 ,
            pad => LED(0)_PAD );
        Properties:
        {
        }

    Pin : Name = SW1(0)
        Attributes:
            In Group/Port: True
            In Sync Option: SYNC
            Out Sync Option: AUTO
            Interrupt generated: False
            Interrupt mode: NONE
            Drive mode: HI_Z_DIGITAL
            VTrip: CMOS
            Slew: FAST
            Input Sync needed: True
            Output Sync needed: False
            SC shield enabled: False
            POR State: ANY
            LCD Mode: COMMON
            Register Mode: RegComb
            CaSense Mode: NEITHER
            Treat as pin: True
            Is OE Registered: False
            Uses Analog: False
            Can contain Digital: True
            Is SIO: False
            SIO Output Buf: NONREGULATED
            SIO Input Buf: SINGLE_ENDED
            SIO HiFreq: LOW
            SIO Hyst: DISABLED
            SIO Vtrip: MULTIPLIER_0_5
            SIO RefSel: VCC_IO
            Required Capabilitites: DIGITAL, ROUTABLE
            Initial Value: 0
            IO Voltage: 0
        PORT MAP (
            pa_out => SW1(0)__PA ,
            fb => Net_16 ,
            annotation => Net_13 ,
            pad => SW1(0)_PAD );
        Properties:
        {
        }
    </CYPRESSTAG>
    <CYPRESSTAG name="Macrocell listing" icon="FILE_RPT_EQUATION">

    ------------------------------------------------------------
    Macrocell listing
    ------------------------------------------------------------

    MacroCell: Name=Net_18, Mode=(T-Register)
        Total # of inputs        : 0
        Total # of product terms : 0
        List of special equations: 
            Clock  = (ClockBlock_HFCLK) => Global
            Clock Enable: PosEdge(Net_16)
        Main Equation            : 0 pterms
        !(
            0
        );
        Output = Net_18 (fanout=1)
    </CYPRESSTAG>
    <CYPRESSTAG name="Datapath listing">
    </CYPRESSTAG>
    <CYPRESSTAG name="Status register listing">
    </CYPRESSTAG>
    <CYPRESSTAG name="StatusI register listing">
    </CYPRESSTAG>
    <CYPRESSTAG name="Sync listing">
    </CYPRESSTAG>
    <CYPRESSTAG name="Control register listing">
    </CYPRESSTAG>
    <CYPRESSTAG name="Count7 listing">
    </CYPRESSTAG>
    <CYPRESSTAG name="DRQ listing">
    </CYPRESSTAG>
    <CYPRESSTAG name="Interrupt listing">
    </CYPRESSTAG>
</CYPRESSTAG>
<CYPRESSTAG name="Technology mapping summary" expanded>

------------------------------------------------------------
Technology mapping summary
------------------------------------------------------------

Resource Type                 : Used : Free :  Max :  % Used
============================================================
Digital clock dividers        :    0 :    4 :    4 :   0.00%
Pins                          :    4 :   32 :   36 :  11.11%
UDB Macrocells                :    1 :   31 :   32 :   3.13%
UDB Unique Pterms             :    0 :   64 :   64 :   0.00%
UDB Datapath Cells            :    0 :    4 :    4 :   0.00%
UDB Status Cells              :    0 :    4 :    4 :   0.00%
UDB Control Cells             :    0 :    4 :    4 :   0.00%
Interrupts                    :    0 :   32 :   32 :   0.00%
Comparator/Opamp Fixed Blocks :    0 :    2 :    2 :   0.00%
SAR Fixed Blocks              :    0 :    1 :    1 :   0.00%
CSD Fixed Blocks              :    0 :    1 :    1 :   0.00%
CapSense Blocks               :    0 :    1 :    1 :   0.00%
8-bit CapSense IDACs          :    0 :    1 :    1 :   0.00%
7-bit CapSense IDACs          :    0 :    1 :    1 :   0.00%
Temperature Sensors           :    0 :    1 :    1 :   0.00%
Low Power Comparators         :    0 :    2 :    2 :   0.00%
TCPWM Blocks                  :    0 :    4 :    4 :   0.00%
Serial Communication Blocks   :    0 :    2 :    2 :   0.00%
Segment LCD Blocks            :    0 :    1 :    1 :   0.00%
</CYPRESSTAG>
Technology Mapping: Elapsed time ==> 1s.035ms
Tech mapping phase: Elapsed time ==> 1s.311ms
</CYPRESSTAG>
<CYPRESSTAG name="Analog Placement">
<CYPRESSTAG name="Analog Placement">
Elapsed time ==> 0.0516605s
</CYPRESSTAG>
Analog Placement phase: Elapsed time ==> 0s.174ms
</CYPRESSTAG>
<CYPRESSTAG name="Analog Routing">
<CYPRESSTAG name="Analog Routing">
Route success=True, Iterations=1 Elapsed=0.0022852 secs
</CYPRESSTAG>
Analog Routing phase: Elapsed time ==> 0s.020ms
</CYPRESSTAG>
<CYPRESSTAG name="Analog Code Generation">
============ Analog Final Answer Routes ============
Dump of CyAnalogRoutingResultsDB
Map of net to items {
}
Map of item to net {
}
Mux Info {
}
Analog Code Generation phase: Elapsed time ==> 0s.314ms
</CYPRESSTAG>
<CYPRESSTAG name="Digital Placement">
<CYPRESSTAG name="Detailed placement messages">
I2076: Total run-time: 2.0 sec.

</CYPRESSTAG>
<CYPRESSTAG name="PLD Packing">
<CYPRESSTAG name="PLD Packing Summary" expanded>

------------------------------------------------------------
PLD Packing Summary
------------------------------------------------------------
            Resource Type : Used : Free :  Max :  % Used
    ====================================================
                     PLDs :    1 :    7 :    8 :  12.50%

<CYPRESSTAG name="PLD Statistics">

        PLD Resource Type :     Average/LAB
    =======================================
                   Inputs :            0.00
                   Pterms :            0.00
               Macrocells :            1.00
</CYPRESSTAG>
<CYPRESSTAG name="Packed PLD Contents">
Packed PLD Contents not displayed at this verbose level.</CYPRESSTAG>
</CYPRESSTAG>
PLD Packing: Elapsed time ==> 0s.057ms
</CYPRESSTAG>
<CYPRESSTAG name="Partitioning">
<CYPRESSTAG name="Initial Partitioning Summary">
Initial Partitioning Summary not displayed at this verbose level.</CYPRESSTAG>
<CYPRESSTAG name="Final Partitioning Summary">
Final Partitioning Summary not displayed at this verbose level.</CYPRESSTAG>
Partitioning: Elapsed time ==> 0s.182ms
</CYPRESSTAG>
<CYPRESSTAG name="Simulated Annealing">
Annealing: Elapsed time ==> 0s.030ms
<CYPRESSTAG name="Simulated Annealing Results">
The seed used for moves was 114161200.
Inital cost was 9, final cost is 9 (0.00% improvement).</CYPRESSTAG>
</CYPRESSTAG>
<CYPRESSTAG name="Final Placement Summary">

------------------------------------------------------------
Final Placement Summary
------------------------------------------------------------

       Resource Type :      Count : Avg Inputs : Avg Outputs
    ========================================================
                 UDB :          1 :       0.00 :       1.00
<CYPRESSTAG name="Final Placement Details">
<CYPRESSTAG name="Component Details">

------------------------------------------------------------
Component Placement Details
------------------------------------------------------------
UDB [UDB=(0,0)] is empty.
UDB [UDB=(0,1)] is empty.
UDB [UDB=(1,0)] is empty.
UDB [UDB=(1,1)] contents:
LAB@[UDB=(1,1)][LB=0] #macrocells=1, #inputs=0, #pterms=0
{
    [McSlotId=0]:     MacroCell: Name=Net_18, Mode=(T-Register) @ [UDB=(1,1)][LB=0][MC=0]
        Total # of inputs        : 0
        Total # of product terms : 0
        List of special equations: 
            Clock  = (ClockBlock_HFCLK) => Global
            Clock Enable: PosEdge(Net_16)
        Main Equation            : 0 pterms
        !(
            0
        );
        Output = Net_18 (fanout=1)
        Properties               : 
        {
        }

    [McSlotId=1]: (empty)
    [McSlotId=2]: (empty)
    [McSlotId=3]: (empty)
}

Intr hod @ [IntrHod=(0)]: empty
Port 0 contains the following IO cells:
[IoId=7]: 
Pin : Name = SW1(0)
    Attributes:
        In Group/Port: True
        In Sync Option: SYNC
        Out Sync Option: AUTO
        Interrupt generated: False
        Interrupt mode: NONE
        Drive mode: HI_Z_DIGITAL
        VTrip: CMOS
        Slew: FAST
        Input Sync needed: True
        Output Sync needed: False
        SC shield enabled: False
        POR State: ANY
        LCD Mode: COMMON
        Register Mode: RegComb
        CaSense Mode: NEITHER
        Treat as pin: True
        Is OE Registered: False
        Uses Analog: False
        Can contain Digital: True
        Is SIO: False
        SIO Output Buf: NONREGULATED
        SIO Input Buf: SINGLE_ENDED
        SIO HiFreq: LOW
        SIO Hyst: DISABLED
        SIO Vtrip: MULTIPLIER_0_5
        SIO RefSel: VCC_IO
        Required Capabilitites: DIGITAL, ROUTABLE
        Initial Value: 0
        IO Voltage: 0
    PORT MAP (
        pa_out => SW1(0)__PA ,
        fb => Net_16 ,
        annotation => Net_13 ,
        pad => SW1(0)_PAD );
    Properties:
    {
    }

Port 1 contains the following IO cells:
[IoId=6]: 
Pin : Name = LED(0)
    Attributes:
        In Group/Port: True
        In Sync Option: AUTO
        Out Sync Option: NOSYNC
        Interrupt generated: False
        Interrupt mode: NONE
        Drive mode: CMOS_OUT
        VTrip: EITHER
        Slew: FAST
        Input Sync needed: False
        Output Sync needed: False
        SC shield enabled: False
        POR State: ANY
        LCD Mode: COMMON
        Register Mode: RegComb
        CaSense Mode: NEITHER
        Treat as pin: True
        Is OE Registered: False
        Uses Analog: False
        Can contain Digital: True
        Is SIO: False
        SIO Output Buf: NONREGULATED
        SIO Input Buf: SINGLE_ENDED
        SIO HiFreq: LOW
        SIO Hyst: DISABLED
        SIO Vtrip: MULTIPLIER_0_5
        SIO RefSel: VCC_IO
        Required Capabilitites: DIGITAL, ROUTABLE
        Initial Value: 1
        IO Voltage: 0
    PORT MAP (
        pa_out => LED(0)__PA ,
        input => Net_18 ,
        annotation => Net_6 ,
        pad => LED(0)_PAD );
    Properties:
    {
    }

Port 2 is empty
Port 3 is empty
Port 4 is empty
Clock group 0: 
    M0S8 Clock Block @ [FFB(Clock,0)]: 
    m0s8clockblockcell: Name =ClockBlock
        PORT MAP (
            hfclk => ClockBlock_HFCLK ,
            imo => ClockBlock_IMO ,
            ext => ClockBlock_EXTCLK ,
            sysclk => ClockBlock_SYSCLK ,
            ilo => ClockBlock_ILO ,
            lfclk => ClockBlock_LFCLK ,
            dsi_in_0 => ClockBlock_Routed1 );
        Properties:
        {
        }
PM group 0: empty
SPC group 0: empty
WDT group 0: empty
FSS group 0: empty
Low Power Comparator group 0: empty
Serial Communication Block group 0: empty
CSD Fixed Block group 0: empty
8-bit CapSense IDAC group 0: empty
7-bit CapSense IDAC group 0: empty
TCPWM Block group 0: empty
Comparator/Opamp Fixed Block group 0: empty
Temperature Sensor group 0: empty
SAR Fixed Block group 0: empty
Segment LCD Block group 0: empty
CLK_GEN group 0: 
    M0S8 Clock Gen Block @ [FFB(CLK_GEN,0)]: 
    m0s8clockgenblockcell: Name =ClockGenBlock
        PORT MAP (
             );
        Properties:
        {
        }
LPCOMPBLOCK group 0: empty
CTBMBLOCK group 0: empty
ANAPUMP group 0: empty
</CYPRESSTAG>
<CYPRESSTAG name="Port Configuration Details">

------------------------------------------------------------
Port Configuration report
------------------------------------------------------------
     |     |       | Interrupt |                  |        | 
Port | Pin | Fixed |      Type |       Drive Mode |   Name | Connections
-----+-----+-------+-----------+------------------+--------+------------
   0 |   7 |     * |      NONE |     HI_Z_DIGITAL | SW1(0) | FB(Net_16)
-----+-----+-------+-----------+------------------+--------+------------
   1 |   6 |     * |      NONE |         CMOS_OUT | LED(0) | In(Net_18)
------------------------------------------------------------------------
</CYPRESSTAG>
</CYPRESSTAG>
</CYPRESSTAG>
Digital component placer commit/Report: Elapsed time ==> 0s.013ms
Digital Placement phase: Elapsed time ==> 5s.770ms
</CYPRESSTAG>
<CYPRESSTAG name="Digital Routing">
Routing successful.
Digital Routing phase: Elapsed time ==> 0s.942ms
</CYPRESSTAG>
<CYPRESSTAG name="Bitstream and API generation">
Bitstream and API generation phase: Elapsed time ==> 0s.548ms
</CYPRESSTAG>
<CYPRESSTAG name="Bitstream verification">
Bitstream verification phase: Elapsed time ==> 0s.112ms
</CYPRESSTAG>
<CYPRESSTAG name="Static timing analysis">
Timing report is in s-10_timing.html.
Static timing analysis phase: Elapsed time ==> 0s.349ms
</CYPRESSTAG>
<CYPRESSTAG name="Data reporting">
Data reporting phase: Elapsed time ==> 0s.000ms
</CYPRESSTAG>
<CYPRESSTAG name="Database update...">
Design database save phase: Elapsed time ==> 0s.274ms
</CYPRESSTAG>
cydsfit: Elapsed time ==> 10s.032ms
</CYPRESSTAG>
Fitter phase: Elapsed time ==> 10s.199ms
API generation phase: Elapsed time ==> 17s.802ms
Dependency generation phase: Elapsed time ==> 0s.034ms
Cleanup phase: Elapsed time ==> 0s.002ms
