ARM GAS  C:\Users\kbuchi\AppData\Local\Temp\ccNr7R9E.s 			page 1


   1              		.cpu cortex-m0
   2              		.fpu softvfp
   3              		.eabi_attribute 20, 1
   4              		.eabi_attribute 21, 1
   5              		.eabi_attribute 23, 3
   6              		.eabi_attribute 24, 1
   7              		.eabi_attribute 25, 1
   8              		.eabi_attribute 26, 1
   9              		.eabi_attribute 30, 4
  10              		.eabi_attribute 34, 0
  11              		.eabi_attribute 18, 4
  12              		.code	16
  13              		.file	"cyfitter_cfg.c"
  14              		.text
  15              	.Ltext0:
  16              		.cfi_sections	.debug_frame
  17              		.section	.psocinit,"ax",%progbits
  18              		.align	1
  19              		.global	cyfitter_cfg
  20              		.code	16
  21              		.thumb_func
  22              		.type	cyfitter_cfg, %function
  23              	cyfitter_cfg:
  24              	.LFB6:
  25              		.file 1 ".\\Generated_Source\\PSoC4\\cyfitter_cfg.c"
   1:.\Generated_Source\PSoC4/cyfitter_cfg.c **** /*******************************************************************************
   2:.\Generated_Source\PSoC4/cyfitter_cfg.c **** * FILENAME: cyfitter_cfg.c
   3:.\Generated_Source\PSoC4/cyfitter_cfg.c **** * 
   4:.\Generated_Source\PSoC4/cyfitter_cfg.c **** * PSoC Creator  3.2
   5:.\Generated_Source\PSoC4/cyfitter_cfg.c **** *
   6:.\Generated_Source\PSoC4/cyfitter_cfg.c **** * DESCRIPTION:
   7:.\Generated_Source\PSoC4/cyfitter_cfg.c **** * This file contains device initialization code.
   8:.\Generated_Source\PSoC4/cyfitter_cfg.c **** * Except for the user defined sections in CyClockStartupError(), this file should not be modified.
   9:.\Generated_Source\PSoC4/cyfitter_cfg.c **** * This file is automatically generated by PSoC Creator.
  10:.\Generated_Source\PSoC4/cyfitter_cfg.c **** *
  11:.\Generated_Source\PSoC4/cyfitter_cfg.c **** ********************************************************************************
  12:.\Generated_Source\PSoC4/cyfitter_cfg.c **** * Copyright (c) 2007-2015 Cypress Semiconductor.  All rights reserved.
  13:.\Generated_Source\PSoC4/cyfitter_cfg.c **** * You may use this file only in accordance with the license, terms, conditions, 
  14:.\Generated_Source\PSoC4/cyfitter_cfg.c **** * disclaimers, and limitations in the end user license agreement accompanying 
  15:.\Generated_Source\PSoC4/cyfitter_cfg.c **** * the software package with which this file was provided.
  16:.\Generated_Source\PSoC4/cyfitter_cfg.c **** ********************************************************************************/
  17:.\Generated_Source\PSoC4/cyfitter_cfg.c **** 
  18:.\Generated_Source\PSoC4/cyfitter_cfg.c **** #include <string.h>
  19:.\Generated_Source\PSoC4/cyfitter_cfg.c **** #include "cytypes.h"
  20:.\Generated_Source\PSoC4/cyfitter_cfg.c **** #include "cydevice_trm.h"
  21:.\Generated_Source\PSoC4/cyfitter_cfg.c **** #include "cyfitter.h"
  22:.\Generated_Source\PSoC4/cyfitter_cfg.c **** #include "CyLib.h"
  23:.\Generated_Source\PSoC4/cyfitter_cfg.c **** #include "cyfitter_cfg.h"
  24:.\Generated_Source\PSoC4/cyfitter_cfg.c **** 
  25:.\Generated_Source\PSoC4/cyfitter_cfg.c **** 
  26:.\Generated_Source\PSoC4/cyfitter_cfg.c **** #if defined(__GNUC__) || defined(__ARMCC_VERSION)
  27:.\Generated_Source\PSoC4/cyfitter_cfg.c ****     #define CYPACKED 
  28:.\Generated_Source\PSoC4/cyfitter_cfg.c ****     #define CYPACKED_ATTR __attribute__ ((packed))
  29:.\Generated_Source\PSoC4/cyfitter_cfg.c ****     #define CYALIGNED __attribute__ ((aligned))
  30:.\Generated_Source\PSoC4/cyfitter_cfg.c ****     #define CY_CFG_UNUSED __attribute__ ((unused))
  31:.\Generated_Source\PSoC4/cyfitter_cfg.c ****     #define CY_CFG_SECTION __attribute__ ((section(".psocinit")))
  32:.\Generated_Source\PSoC4/cyfitter_cfg.c ****     
ARM GAS  C:\Users\kbuchi\AppData\Local\Temp\ccNr7R9E.s 			page 2


  33:.\Generated_Source\PSoC4/cyfitter_cfg.c ****     #if defined(__ARMCC_VERSION)
  34:.\Generated_Source\PSoC4/cyfitter_cfg.c ****         #define CY_CFG_MEMORY_BARRIER() __memory_changed()
  35:.\Generated_Source\PSoC4/cyfitter_cfg.c ****     #else
  36:.\Generated_Source\PSoC4/cyfitter_cfg.c ****         #define CY_CFG_MEMORY_BARRIER() __sync_synchronize()
  37:.\Generated_Source\PSoC4/cyfitter_cfg.c ****     #endif
  38:.\Generated_Source\PSoC4/cyfitter_cfg.c ****     
  39:.\Generated_Source\PSoC4/cyfitter_cfg.c **** #elif defined(__ICCARM__)
  40:.\Generated_Source\PSoC4/cyfitter_cfg.c ****     #include <intrinsics.h>
  41:.\Generated_Source\PSoC4/cyfitter_cfg.c **** 
  42:.\Generated_Source\PSoC4/cyfitter_cfg.c ****     #define CYPACKED __packed
  43:.\Generated_Source\PSoC4/cyfitter_cfg.c ****     #define CYPACKED_ATTR 
  44:.\Generated_Source\PSoC4/cyfitter_cfg.c ****     #define CYALIGNED _Pragma("data_alignment=4")
  45:.\Generated_Source\PSoC4/cyfitter_cfg.c ****     #define CY_CFG_UNUSED _Pragma("diag_suppress=Pe177")
  46:.\Generated_Source\PSoC4/cyfitter_cfg.c ****     #define CY_CFG_SECTION _Pragma("location=\".psocinit\"")
  47:.\Generated_Source\PSoC4/cyfitter_cfg.c ****     
  48:.\Generated_Source\PSoC4/cyfitter_cfg.c ****     #define CY_CFG_MEMORY_BARRIER() __DMB()
  49:.\Generated_Source\PSoC4/cyfitter_cfg.c ****     
  50:.\Generated_Source\PSoC4/cyfitter_cfg.c **** #else
  51:.\Generated_Source\PSoC4/cyfitter_cfg.c ****     #error Unsupported toolchain
  52:.\Generated_Source\PSoC4/cyfitter_cfg.c **** #endif
  53:.\Generated_Source\PSoC4/cyfitter_cfg.c **** 
  54:.\Generated_Source\PSoC4/cyfitter_cfg.c **** 
  55:.\Generated_Source\PSoC4/cyfitter_cfg.c **** CY_CFG_UNUSED
  56:.\Generated_Source\PSoC4/cyfitter_cfg.c **** static void CYMEMZERO(void *s, size_t n);
  57:.\Generated_Source\PSoC4/cyfitter_cfg.c **** CY_CFG_UNUSED
  58:.\Generated_Source\PSoC4/cyfitter_cfg.c **** static void CYMEMZERO(void *s, size_t n)
  59:.\Generated_Source\PSoC4/cyfitter_cfg.c **** {
  60:.\Generated_Source\PSoC4/cyfitter_cfg.c **** 	(void)memset(s, 0, n);
  61:.\Generated_Source\PSoC4/cyfitter_cfg.c **** }
  62:.\Generated_Source\PSoC4/cyfitter_cfg.c **** CY_CFG_UNUSED
  63:.\Generated_Source\PSoC4/cyfitter_cfg.c **** static void CYCONFIGCPY(void *dest, const void *src, size_t n);
  64:.\Generated_Source\PSoC4/cyfitter_cfg.c **** CY_CFG_UNUSED
  65:.\Generated_Source\PSoC4/cyfitter_cfg.c **** static void CYCONFIGCPY(void *dest, const void *src, size_t n)
  66:.\Generated_Source\PSoC4/cyfitter_cfg.c **** {
  67:.\Generated_Source\PSoC4/cyfitter_cfg.c **** 	(void)memcpy(dest, src, n);
  68:.\Generated_Source\PSoC4/cyfitter_cfg.c **** }
  69:.\Generated_Source\PSoC4/cyfitter_cfg.c **** CY_CFG_UNUSED
  70:.\Generated_Source\PSoC4/cyfitter_cfg.c **** static void CYCONFIGCPYCODE(void *dest, const void *src, size_t n);
  71:.\Generated_Source\PSoC4/cyfitter_cfg.c **** CY_CFG_UNUSED
  72:.\Generated_Source\PSoC4/cyfitter_cfg.c **** static void CYCONFIGCPYCODE(void *dest, const void *src, size_t n)
  73:.\Generated_Source\PSoC4/cyfitter_cfg.c **** {
  74:.\Generated_Source\PSoC4/cyfitter_cfg.c **** 	(void)memcpy(dest, src, n);
  75:.\Generated_Source\PSoC4/cyfitter_cfg.c **** }
  76:.\Generated_Source\PSoC4/cyfitter_cfg.c **** 
  77:.\Generated_Source\PSoC4/cyfitter_cfg.c **** 
  78:.\Generated_Source\PSoC4/cyfitter_cfg.c **** 
  79:.\Generated_Source\PSoC4/cyfitter_cfg.c **** /* Clock startup error codes                                                   */
  80:.\Generated_Source\PSoC4/cyfitter_cfg.c **** #define CYCLOCKSTART_NO_ERROR    0u
  81:.\Generated_Source\PSoC4/cyfitter_cfg.c **** #define CYCLOCKSTART_XTAL_ERROR  1u
  82:.\Generated_Source\PSoC4/cyfitter_cfg.c **** #define CYCLOCKSTART_32KHZ_ERROR 2u
  83:.\Generated_Source\PSoC4/cyfitter_cfg.c **** #define CYCLOCKSTART_PLL_ERROR   3u
  84:.\Generated_Source\PSoC4/cyfitter_cfg.c **** 
  85:.\Generated_Source\PSoC4/cyfitter_cfg.c **** #ifdef CY_NEED_CYCLOCKSTARTUPERROR
  86:.\Generated_Source\PSoC4/cyfitter_cfg.c **** /*******************************************************************************
  87:.\Generated_Source\PSoC4/cyfitter_cfg.c **** * Function Name: CyClockStartupError
  88:.\Generated_Source\PSoC4/cyfitter_cfg.c **** ********************************************************************************
  89:.\Generated_Source\PSoC4/cyfitter_cfg.c **** * Summary:
ARM GAS  C:\Users\kbuchi\AppData\Local\Temp\ccNr7R9E.s 			page 3


  90:.\Generated_Source\PSoC4/cyfitter_cfg.c **** *  If an error is encountered during clock configuration (crystal startup error,
  91:.\Generated_Source\PSoC4/cyfitter_cfg.c **** *  PLL lock error, etc.), the system will end up here.  Unless reimplemented by
  92:.\Generated_Source\PSoC4/cyfitter_cfg.c **** *  the customer, this function will stop in an infinite loop.
  93:.\Generated_Source\PSoC4/cyfitter_cfg.c **** *
  94:.\Generated_Source\PSoC4/cyfitter_cfg.c **** * Parameters:
  95:.\Generated_Source\PSoC4/cyfitter_cfg.c **** *   void
  96:.\Generated_Source\PSoC4/cyfitter_cfg.c **** *
  97:.\Generated_Source\PSoC4/cyfitter_cfg.c **** * Return:
  98:.\Generated_Source\PSoC4/cyfitter_cfg.c **** *   void
  99:.\Generated_Source\PSoC4/cyfitter_cfg.c **** *
 100:.\Generated_Source\PSoC4/cyfitter_cfg.c **** *******************************************************************************/
 101:.\Generated_Source\PSoC4/cyfitter_cfg.c **** CY_CFG_UNUSED
 102:.\Generated_Source\PSoC4/cyfitter_cfg.c **** static void CyClockStartupError(uint8 errorCode);
 103:.\Generated_Source\PSoC4/cyfitter_cfg.c **** CY_CFG_UNUSED
 104:.\Generated_Source\PSoC4/cyfitter_cfg.c **** static void CyClockStartupError(uint8 errorCode)
 105:.\Generated_Source\PSoC4/cyfitter_cfg.c **** {
 106:.\Generated_Source\PSoC4/cyfitter_cfg.c ****     /* To remove the compiler warning if errorCode not used.                */
 107:.\Generated_Source\PSoC4/cyfitter_cfg.c ****     errorCode = errorCode;
 108:.\Generated_Source\PSoC4/cyfitter_cfg.c **** 
 109:.\Generated_Source\PSoC4/cyfitter_cfg.c ****     /* `#START CyClockStartupError` */
 110:.\Generated_Source\PSoC4/cyfitter_cfg.c **** 
 111:.\Generated_Source\PSoC4/cyfitter_cfg.c ****     /* If we have a clock startup error (bad MHz crystal, PLL lock, etc.),  */
 112:.\Generated_Source\PSoC4/cyfitter_cfg.c ****     /* we will end up here to allow the customer to implement something to  */
 113:.\Generated_Source\PSoC4/cyfitter_cfg.c ****     /* deal with the clock condition.                                       */
 114:.\Generated_Source\PSoC4/cyfitter_cfg.c **** 
 115:.\Generated_Source\PSoC4/cyfitter_cfg.c ****     /* `#END` */
 116:.\Generated_Source\PSoC4/cyfitter_cfg.c **** 
 117:.\Generated_Source\PSoC4/cyfitter_cfg.c ****     /* If nothing else, stop here since the clocks have not started         */
 118:.\Generated_Source\PSoC4/cyfitter_cfg.c ****     /* correctly.                                                           */
 119:.\Generated_Source\PSoC4/cyfitter_cfg.c ****     while(1) {}
 120:.\Generated_Source\PSoC4/cyfitter_cfg.c **** }
 121:.\Generated_Source\PSoC4/cyfitter_cfg.c **** #endif
 122:.\Generated_Source\PSoC4/cyfitter_cfg.c **** 
 123:.\Generated_Source\PSoC4/cyfitter_cfg.c **** #define CY_CFG_BASE_ADDR_COUNT 4u
 124:.\Generated_Source\PSoC4/cyfitter_cfg.c **** CYPACKED typedef struct
 125:.\Generated_Source\PSoC4/cyfitter_cfg.c **** {
 126:.\Generated_Source\PSoC4/cyfitter_cfg.c **** 	uint8 offset;
 127:.\Generated_Source\PSoC4/cyfitter_cfg.c **** 	uint8 value;
 128:.\Generated_Source\PSoC4/cyfitter_cfg.c **** } CYPACKED_ATTR cy_cfg_addrvalue_t;
 129:.\Generated_Source\PSoC4/cyfitter_cfg.c **** 
 130:.\Generated_Source\PSoC4/cyfitter_cfg.c **** 
 131:.\Generated_Source\PSoC4/cyfitter_cfg.c **** 
 132:.\Generated_Source\PSoC4/cyfitter_cfg.c **** /*******************************************************************************
 133:.\Generated_Source\PSoC4/cyfitter_cfg.c **** * Function Name: cfg_write_bytes32
 134:.\Generated_Source\PSoC4/cyfitter_cfg.c **** ********************************************************************************
 135:.\Generated_Source\PSoC4/cyfitter_cfg.c **** * Summary:
 136:.\Generated_Source\PSoC4/cyfitter_cfg.c **** *  This function is used for setting up the chip configuration areas that
 137:.\Generated_Source\PSoC4/cyfitter_cfg.c **** *  contain relatively sparse data.
 138:.\Generated_Source\PSoC4/cyfitter_cfg.c **** *
 139:.\Generated_Source\PSoC4/cyfitter_cfg.c **** * Parameters:
 140:.\Generated_Source\PSoC4/cyfitter_cfg.c **** *   void
 141:.\Generated_Source\PSoC4/cyfitter_cfg.c **** *
 142:.\Generated_Source\PSoC4/cyfitter_cfg.c **** * Return:
 143:.\Generated_Source\PSoC4/cyfitter_cfg.c **** *   void
 144:.\Generated_Source\PSoC4/cyfitter_cfg.c **** *
 145:.\Generated_Source\PSoC4/cyfitter_cfg.c **** *******************************************************************************/
 146:.\Generated_Source\PSoC4/cyfitter_cfg.c **** static void cfg_write_bytes32(const uint32 addr_table[], const cy_cfg_addrvalue_t data_table[]);
ARM GAS  C:\Users\kbuchi\AppData\Local\Temp\ccNr7R9E.s 			page 4


 147:.\Generated_Source\PSoC4/cyfitter_cfg.c **** static void cfg_write_bytes32(const uint32 addr_table[], const cy_cfg_addrvalue_t data_table[])
 148:.\Generated_Source\PSoC4/cyfitter_cfg.c **** {
 149:.\Generated_Source\PSoC4/cyfitter_cfg.c **** 	/* For 32-bit little-endian architectures */
 150:.\Generated_Source\PSoC4/cyfitter_cfg.c **** 	uint32 i, j = 0u;
 151:.\Generated_Source\PSoC4/cyfitter_cfg.c **** 	for (i = 0u; i < CY_CFG_BASE_ADDR_COUNT; i++)
 152:.\Generated_Source\PSoC4/cyfitter_cfg.c **** 	{
 153:.\Generated_Source\PSoC4/cyfitter_cfg.c **** 		uint32 baseAddr = addr_table[i];
 154:.\Generated_Source\PSoC4/cyfitter_cfg.c **** 		uint8 count = (uint8)baseAddr;
 155:.\Generated_Source\PSoC4/cyfitter_cfg.c **** 		baseAddr &= 0xFFFFFF00u;
 156:.\Generated_Source\PSoC4/cyfitter_cfg.c **** 		while (count != 0u)
 157:.\Generated_Source\PSoC4/cyfitter_cfg.c **** 		{
 158:.\Generated_Source\PSoC4/cyfitter_cfg.c **** 			CY_SET_XTND_REG8((void CYFAR *)(baseAddr + data_table[j].offset), data_table[j].value);
 159:.\Generated_Source\PSoC4/cyfitter_cfg.c **** 			j++;
 160:.\Generated_Source\PSoC4/cyfitter_cfg.c **** 			count--;
 161:.\Generated_Source\PSoC4/cyfitter_cfg.c **** 		}
 162:.\Generated_Source\PSoC4/cyfitter_cfg.c **** 	}
 163:.\Generated_Source\PSoC4/cyfitter_cfg.c **** }
 164:.\Generated_Source\PSoC4/cyfitter_cfg.c **** 
 165:.\Generated_Source\PSoC4/cyfitter_cfg.c **** 
 166:.\Generated_Source\PSoC4/cyfitter_cfg.c **** /*******************************************************************************
 167:.\Generated_Source\PSoC4/cyfitter_cfg.c **** * Function Name: ClockSetup
 168:.\Generated_Source\PSoC4/cyfitter_cfg.c **** ********************************************************************************
 169:.\Generated_Source\PSoC4/cyfitter_cfg.c **** *
 170:.\Generated_Source\PSoC4/cyfitter_cfg.c **** * Summary:
 171:.\Generated_Source\PSoC4/cyfitter_cfg.c **** *   Performs the initialization of all of the clocks in the device based on the
 172:.\Generated_Source\PSoC4/cyfitter_cfg.c **** *   settings in the Clock tab of the DWR.  This includes enabling the requested
 173:.\Generated_Source\PSoC4/cyfitter_cfg.c **** *   clocks and setting the necessary dividers to produce the desired frequency. 
 174:.\Generated_Source\PSoC4/cyfitter_cfg.c **** *
 175:.\Generated_Source\PSoC4/cyfitter_cfg.c **** * Parameters:
 176:.\Generated_Source\PSoC4/cyfitter_cfg.c **** *   void
 177:.\Generated_Source\PSoC4/cyfitter_cfg.c **** *
 178:.\Generated_Source\PSoC4/cyfitter_cfg.c **** * Return:
 179:.\Generated_Source\PSoC4/cyfitter_cfg.c **** *   void
 180:.\Generated_Source\PSoC4/cyfitter_cfg.c **** *
 181:.\Generated_Source\PSoC4/cyfitter_cfg.c **** *******************************************************************************/
 182:.\Generated_Source\PSoC4/cyfitter_cfg.c **** static void ClockSetup(void);
 183:.\Generated_Source\PSoC4/cyfitter_cfg.c **** CY_CFG_SECTION
 184:.\Generated_Source\PSoC4/cyfitter_cfg.c **** static void ClockSetup(void)
 185:.\Generated_Source\PSoC4/cyfitter_cfg.c **** {
 186:.\Generated_Source\PSoC4/cyfitter_cfg.c **** 	/* Enable HALF_EN before trimming for the flash accelerator. */
 187:.\Generated_Source\PSoC4/cyfitter_cfg.c **** 	CY_SET_REG32((void CYXDATA *)(CYREG_CLK_SELECT), (CY_GET_REG32((void *)CYREG_CLK_SELECT) | 0x00040
 188:.\Generated_Source\PSoC4/cyfitter_cfg.c **** 
 189:.\Generated_Source\PSoC4/cyfitter_cfg.c **** 	/* Setup and trim IMO based on desired frequency. */
 190:.\Generated_Source\PSoC4/cyfitter_cfg.c **** 	CySysClkWriteImoFreq(24u);
 191:.\Generated_Source\PSoC4/cyfitter_cfg.c **** 
 192:.\Generated_Source\PSoC4/cyfitter_cfg.c **** 	/* Disable HALF_EN since it is not required at this IMO frequency. */
 193:.\Generated_Source\PSoC4/cyfitter_cfg.c **** 	CY_SET_REG32((void CYXDATA *)(CYREG_CLK_SELECT), (CY_GET_REG32((void *)CYREG_CLK_SELECT) & 0xFFFBF
 194:.\Generated_Source\PSoC4/cyfitter_cfg.c **** 	/* CYDEV_CLK_ILO_CONFIG Starting address: CYDEV_CLK_ILO_CONFIG */
 195:.\Generated_Source\PSoC4/cyfitter_cfg.c **** 	CY_SET_XTND_REG32((void CYFAR *)(CYREG_CLK_ILO_CONFIG), 0x80000006u);
 196:.\Generated_Source\PSoC4/cyfitter_cfg.c **** 
 197:.\Generated_Source\PSoC4/cyfitter_cfg.c **** 
 198:.\Generated_Source\PSoC4/cyfitter_cfg.c **** 	/* CYDEV_CLK_SELECT00 Starting address: CYDEV_CLK_SELECT00 */
 199:.\Generated_Source\PSoC4/cyfitter_cfg.c **** 	CY_SET_XTND_REG32((void CYFAR *)(CYREG_CLK_SELECT02), 0x00000010u);
 200:.\Generated_Source\PSoC4/cyfitter_cfg.c **** 	CY_SET_XTND_REG32((void CYFAR *)(CYREG_CLK_SELECT08), 0x00000020u);
 201:.\Generated_Source\PSoC4/cyfitter_cfg.c **** 
 202:.\Generated_Source\PSoC4/cyfitter_cfg.c **** 	/* CYDEV_CLK_IMO_CONFIG Starting address: CYDEV_CLK_IMO_CONFIG */
 203:.\Generated_Source\PSoC4/cyfitter_cfg.c **** 	CY_SET_XTND_REG32((void CYFAR *)(CYREG_CLK_IMO_CONFIG), 0x80000000u);
ARM GAS  C:\Users\kbuchi\AppData\Local\Temp\ccNr7R9E.s 			page 5


 204:.\Generated_Source\PSoC4/cyfitter_cfg.c **** 
 205:.\Generated_Source\PSoC4/cyfitter_cfg.c **** 	/* CYDEV_CLK_DIVIDER_A00 Starting address: CYDEV_CLK_DIVIDER_A00 */
 206:.\Generated_Source\PSoC4/cyfitter_cfg.c **** 	CY_SET_XTND_REG32((void CYFAR *)(CYREG_CLK_DIVIDER_A00), 0x80000010u);
 207:.\Generated_Source\PSoC4/cyfitter_cfg.c **** 
 208:.\Generated_Source\PSoC4/cyfitter_cfg.c **** 	/* CYDEV_CLK_DIVIDER_B00 Starting address: CYDEV_CLK_DIVIDER_B00 */
 209:.\Generated_Source\PSoC4/cyfitter_cfg.c **** 	CY_SET_XTND_REG32((void CYFAR *)(CYREG_CLK_DIVIDER_B00), 0x800004AFu);
 210:.\Generated_Source\PSoC4/cyfitter_cfg.c **** 
 211:.\Generated_Source\PSoC4/cyfitter_cfg.c **** 	CY_SET_XTND_REG32((void CYFAR *)(CYREG_WDT_CONFIG), 0x00000000u);
 212:.\Generated_Source\PSoC4/cyfitter_cfg.c **** }
 213:.\Generated_Source\PSoC4/cyfitter_cfg.c **** 
 214:.\Generated_Source\PSoC4/cyfitter_cfg.c **** 
 215:.\Generated_Source\PSoC4/cyfitter_cfg.c **** /* Analog API Functions */
 216:.\Generated_Source\PSoC4/cyfitter_cfg.c **** 
 217:.\Generated_Source\PSoC4/cyfitter_cfg.c **** 
 218:.\Generated_Source\PSoC4/cyfitter_cfg.c **** /*******************************************************************************
 219:.\Generated_Source\PSoC4/cyfitter_cfg.c **** * Function Name: AnalogSetDefault
 220:.\Generated_Source\PSoC4/cyfitter_cfg.c **** ********************************************************************************
 221:.\Generated_Source\PSoC4/cyfitter_cfg.c **** *
 222:.\Generated_Source\PSoC4/cyfitter_cfg.c **** * Summary:
 223:.\Generated_Source\PSoC4/cyfitter_cfg.c **** *  Sets up the analog portions of the chip to default values based on chip
 224:.\Generated_Source\PSoC4/cyfitter_cfg.c **** *  configuration options from the project.
 225:.\Generated_Source\PSoC4/cyfitter_cfg.c **** *
 226:.\Generated_Source\PSoC4/cyfitter_cfg.c **** * Parameters:
 227:.\Generated_Source\PSoC4/cyfitter_cfg.c **** *  void
 228:.\Generated_Source\PSoC4/cyfitter_cfg.c **** *
 229:.\Generated_Source\PSoC4/cyfitter_cfg.c **** * Return:
 230:.\Generated_Source\PSoC4/cyfitter_cfg.c **** *  void
 231:.\Generated_Source\PSoC4/cyfitter_cfg.c **** *
 232:.\Generated_Source\PSoC4/cyfitter_cfg.c **** *******************************************************************************/
 233:.\Generated_Source\PSoC4/cyfitter_cfg.c **** static void AnalogSetDefault(void);
 234:.\Generated_Source\PSoC4/cyfitter_cfg.c **** static void AnalogSetDefault(void)
 235:.\Generated_Source\PSoC4/cyfitter_cfg.c **** {
 236:.\Generated_Source\PSoC4/cyfitter_cfg.c **** }
 237:.\Generated_Source\PSoC4/cyfitter_cfg.c **** 
 238:.\Generated_Source\PSoC4/cyfitter_cfg.c **** #define CY_AMUX_UNUSED CYREG_CM0_ROM_DWT
 239:.\Generated_Source\PSoC4/cyfitter_cfg.c **** 
 240:.\Generated_Source\PSoC4/cyfitter_cfg.c **** 
 241:.\Generated_Source\PSoC4/cyfitter_cfg.c **** /*******************************************************************************
 242:.\Generated_Source\PSoC4/cyfitter_cfg.c **** * Function Name: cyfitter_cfg
 243:.\Generated_Source\PSoC4/cyfitter_cfg.c **** ********************************************************************************
 244:.\Generated_Source\PSoC4/cyfitter_cfg.c **** * Summary:
 245:.\Generated_Source\PSoC4/cyfitter_cfg.c **** *  This function is called by the start-up code for the selected device. It
 246:.\Generated_Source\PSoC4/cyfitter_cfg.c **** *  performs all of the necessary device configuration based on the design
 247:.\Generated_Source\PSoC4/cyfitter_cfg.c **** *  settings.  This includes settings from the Design Wide Resources (DWR) such
 248:.\Generated_Source\PSoC4/cyfitter_cfg.c **** *  as Clocks and Pins as well as any component configuration that is necessary.
 249:.\Generated_Source\PSoC4/cyfitter_cfg.c **** *
 250:.\Generated_Source\PSoC4/cyfitter_cfg.c **** * Parameters:  
 251:.\Generated_Source\PSoC4/cyfitter_cfg.c **** *   void
 252:.\Generated_Source\PSoC4/cyfitter_cfg.c **** *
 253:.\Generated_Source\PSoC4/cyfitter_cfg.c **** * Return:
 254:.\Generated_Source\PSoC4/cyfitter_cfg.c **** *   void
 255:.\Generated_Source\PSoC4/cyfitter_cfg.c **** *
 256:.\Generated_Source\PSoC4/cyfitter_cfg.c **** *******************************************************************************/
 257:.\Generated_Source\PSoC4/cyfitter_cfg.c **** CY_CFG_SECTION
 258:.\Generated_Source\PSoC4/cyfitter_cfg.c **** void cyfitter_cfg(void)
 259:.\Generated_Source\PSoC4/cyfitter_cfg.c **** {
  26              		.loc 1 259 0
ARM GAS  C:\Users\kbuchi\AppData\Local\Temp\ccNr7R9E.s 			page 6


  27              		.cfi_startproc
  28 0000 F7B5     		push	{r0, r1, r2, r4, r5, r6, r7, lr}
  29              		.cfi_def_cfa_offset 32
  30              		.cfi_offset 0, -32
  31              		.cfi_offset 1, -28
  32              		.cfi_offset 2, -24
  33              		.cfi_offset 4, -20
  34              		.cfi_offset 5, -16
  35              		.cfi_offset 6, -12
  36              		.cfi_offset 7, -8
  37              		.cfi_offset 14, -4
 260:.\Generated_Source\PSoC4/cyfitter_cfg.c **** 	/* Disable interrupts by default. Let user enable if/when they want. */
 261:.\Generated_Source\PSoC4/cyfitter_cfg.c **** 	CyGlobalIntDisable;
  38              		.loc 1 261 0
  39              	@ 261 ".\Generated_Source\PSoC4\cyfitter_cfg.c" 1
  40 0002 72B6     		CPSID   i
  41              	@ 0 "" 2
  42              	.LVL0:
  43              		.code	16
  44              	.LBB16:
  45              	.LBB17:
  46              	.LBB18:
  47              	.LBB19:
  60:.\Generated_Source\PSoC4/cyfitter_cfg.c **** 	(void)memset(s, 0, n);
  48              		.loc 1 60 0
  49 0004 8022     		mov	r2, #128
  50 0006 0021     		mov	r1, #0
  51 0008 D200     		lsl	r2, r2, #3
  52 000a 4448     		ldr	r0, .L8
  53 000c FFF7FEFF 		bl	memset
  54              	.LVL1:
  55 0010 8022     		mov	r2, #128
  56 0012 D200     		lsl	r2, r2, #3
  57 0014 4248     		ldr	r0, .L8+4
  58 0016 0021     		mov	r1, #0
  59 0018 0024     		mov	r4, #0
  60 001a FFF7FEFF 		bl	memset
  61              	.LVL2:
  62 001e 221C     		mov	r2, r4
  63              	.LVL3:
  64              	.L5:
  65              	.LBE19:
  66              	.LBE18:
  67              	.LBE17:
  68              	.LBB20:
  69              	.LBB21:
  70              	.LBB22:
 153:.\Generated_Source\PSoC4/cyfitter_cfg.c **** 		uint32 baseAddr = addr_table[i];
  71              		.loc 1 153 0
  72 0020 4048     		ldr	r0, .L8+8
  73 0022 2158     		ldr	r1, [r4, r0]
  74              	.LVL4:
  75 0024 1030     		add	r0, r0, #16
 154:.\Generated_Source\PSoC4/cyfitter_cfg.c **** 		uint8 count = (uint8)baseAddr;
  76              		.loc 1 154 0
  77 0026 CBB2     		uxtb	r3, r1
  78 0028 0193     		str	r3, [sp, #4]
ARM GAS  C:\Users\kbuchi\AppData\Local\Temp\ccNr7R9E.s 			page 7


  79              	.LVL5:
 155:.\Generated_Source\PSoC4/cyfitter_cfg.c **** 		baseAddr &= 0xFFFFFF00u;
  80              		.loc 1 155 0
  81 002a 0F1C     		mov	r7, r1
  82 002c FF23     		mov	r3, #255
  83 002e 9F43     		bic	r7, r3
  84              	.LVL6:
  85 0030 5300     		lsl	r3, r2, #1
  86 0032 C018     		add	r0, r0, r3
  87 0034 0023     		mov	r3, #0
  88              	.LVL7:
  89              	.L2:
 156:.\Generated_Source\PSoC4/cyfitter_cfg.c **** 		while (count != 0u)
  90              		.loc 1 156 0
  91 0036 019E     		ldr	r6, [sp, #4]
  92 0038 DDB2     		uxtb	r5, r3
  93 003a AE42     		cmp	r6, r5
  94 003c 09D0     		beq	.L7
  95 003e 5D00     		lsl	r5, r3, #1
 158:.\Generated_Source\PSoC4/cyfitter_cfg.c **** 			CY_SET_XTND_REG8((void CYFAR *)(baseAddr + data_table[j].offset), data_table[j].value);
  96              		.loc 1 158 0
  97 0040 465D     		ldrb	r6, [r0, r5]
  98 0042 4519     		add	r5, r0, r5
  99 0044 B446     		mov	ip, r6
 100 0046 BC44     		add	ip, ip, r7
 101 0048 6D78     		ldrb	r5, [r5, #1]
 102 004a 6646     		mov	r6, ip
 103 004c 3570     		strb	r5, [r6]
 104              	.LVL8:
 105 004e 0133     		add	r3, r3, #1
 106              	.LVL9:
 107 0050 F1E7     		b	.L2
 108              	.LVL10:
 109              	.L7:
 110 0052 C9B2     		uxtb	r1, r1
 111              	.LVL11:
 112 0054 0434     		add	r4, r4, #4
 113              	.LVL12:
 114 0056 5218     		add	r2, r2, r1
 115              	.LVL13:
 116              	.LBE22:
 151:.\Generated_Source\PSoC4/cyfitter_cfg.c **** 	for (i = 0u; i < CY_CFG_BASE_ADDR_COUNT; i++)
 117              		.loc 1 151 0
 118 0058 102C     		cmp	r4, #16
 119 005a E1D1     		bne	.L5
 120              	.LBE21:
 121              	.LBE20:
 262:.\Generated_Source\PSoC4/cyfitter_cfg.c **** 
 263:.\Generated_Source\PSoC4/cyfitter_cfg.c **** 	{
 264:.\Generated_Source\PSoC4/cyfitter_cfg.c **** 		static const uint32 CYCODE cy_cfg_addr_table[] = {
 265:.\Generated_Source\PSoC4/cyfitter_cfg.c **** 			0x400F3301u, /* Base address: 0x400F3300 Count: 1 */
 266:.\Generated_Source\PSoC4/cyfitter_cfg.c **** 			0x400F4103u, /* Base address: 0x400F4100 Count: 3 */
 267:.\Generated_Source\PSoC4/cyfitter_cfg.c **** 			0x400F4304u, /* Base address: 0x400F4300 Count: 4 */
 268:.\Generated_Source\PSoC4/cyfitter_cfg.c **** 			0x400F6002u, /* Base address: 0x400F6000 Count: 2 */
 269:.\Generated_Source\PSoC4/cyfitter_cfg.c **** 		};
 270:.\Generated_Source\PSoC4/cyfitter_cfg.c **** 
 271:.\Generated_Source\PSoC4/cyfitter_cfg.c **** 		static const cy_cfg_addrvalue_t CYCODE cy_cfg_data_table[] = {
ARM GAS  C:\Users\kbuchi\AppData\Local\Temp\ccNr7R9E.s 			page 8


 272:.\Generated_Source\PSoC4/cyfitter_cfg.c **** 			{0xE6u, 0x10u},
 273:.\Generated_Source\PSoC4/cyfitter_cfg.c **** 			{0x62u, 0x04u},
 274:.\Generated_Source\PSoC4/cyfitter_cfg.c **** 			{0x8Eu, 0x04u},
 275:.\Generated_Source\PSoC4/cyfitter_cfg.c **** 			{0xD8u, 0x40u},
 276:.\Generated_Source\PSoC4/cyfitter_cfg.c **** 			{0x18u, 0x80u},
 277:.\Generated_Source\PSoC4/cyfitter_cfg.c **** 			{0x8Cu, 0x40u},
 278:.\Generated_Source\PSoC4/cyfitter_cfg.c **** 			{0xC6u, 0x08u},
 279:.\Generated_Source\PSoC4/cyfitter_cfg.c **** 			{0xE6u, 0x08u},
 280:.\Generated_Source\PSoC4/cyfitter_cfg.c **** 			{0x02u, 0x01u},
 281:.\Generated_Source\PSoC4/cyfitter_cfg.c **** 			{0x11u, 0x01u},
 282:.\Generated_Source\PSoC4/cyfitter_cfg.c **** 		};
 283:.\Generated_Source\PSoC4/cyfitter_cfg.c **** 
 284:.\Generated_Source\PSoC4/cyfitter_cfg.c **** 
 285:.\Generated_Source\PSoC4/cyfitter_cfg.c **** 
 286:.\Generated_Source\PSoC4/cyfitter_cfg.c **** 		CYPACKED typedef struct {
 287:.\Generated_Source\PSoC4/cyfitter_cfg.c **** 			void CYFAR *address;
 288:.\Generated_Source\PSoC4/cyfitter_cfg.c **** 			uint16 size;
 289:.\Generated_Source\PSoC4/cyfitter_cfg.c **** 		} CYPACKED_ATTR cfg_memset_t;
 290:.\Generated_Source\PSoC4/cyfitter_cfg.c **** 
 291:.\Generated_Source\PSoC4/cyfitter_cfg.c **** 		static const cfg_memset_t CYCODE cfg_memset_list [] = {
 292:.\Generated_Source\PSoC4/cyfitter_cfg.c **** 			/* address, size */
 293:.\Generated_Source\PSoC4/cyfitter_cfg.c **** 			{(void CYFAR *)(CYDEV_UDB_P0_U0_BASE), 1024u},
 294:.\Generated_Source\PSoC4/cyfitter_cfg.c **** 			{(void CYFAR *)(CYDEV_UDB_DSI0_BASE), 1024u},
 295:.\Generated_Source\PSoC4/cyfitter_cfg.c **** 		};
 296:.\Generated_Source\PSoC4/cyfitter_cfg.c **** 
 297:.\Generated_Source\PSoC4/cyfitter_cfg.c **** 		uint8 CYDATA i;
 298:.\Generated_Source\PSoC4/cyfitter_cfg.c **** 
 299:.\Generated_Source\PSoC4/cyfitter_cfg.c **** 		/* Zero out critical memory blocks before beginning configuration */
 300:.\Generated_Source\PSoC4/cyfitter_cfg.c **** 		for (i = 0u; i < (sizeof(cfg_memset_list)/sizeof(cfg_memset_list[0])); i++)
 301:.\Generated_Source\PSoC4/cyfitter_cfg.c **** 		{
 302:.\Generated_Source\PSoC4/cyfitter_cfg.c **** 			const cfg_memset_t CYCODE * CYDATA ms = &cfg_memset_list[i];
 303:.\Generated_Source\PSoC4/cyfitter_cfg.c **** 			CYMEMZERO(ms->address, (size_t)(uint32)(ms->size));
 304:.\Generated_Source\PSoC4/cyfitter_cfg.c **** 		}
 305:.\Generated_Source\PSoC4/cyfitter_cfg.c **** 
 306:.\Generated_Source\PSoC4/cyfitter_cfg.c **** 		cfg_write_bytes32(cy_cfg_addr_table, cy_cfg_data_table);
 307:.\Generated_Source\PSoC4/cyfitter_cfg.c **** 
 308:.\Generated_Source\PSoC4/cyfitter_cfg.c **** 		/* HSIOM Starting address: CYDEV_HSIOM_BASE */
 309:.\Generated_Source\PSoC4/cyfitter_cfg.c **** 		CY_SET_XTND_REG32((void CYFAR *)(CYREG_HSIOM_PORT_SEL1), 0x03000000u);
 122              		.loc 1 309 0
 123 005c 324B     		ldr	r3, .L8+12
 124              	.LVL14:
 125 005e C022     		mov	r2, #192
 126              	.LVL15:
 127 0060 9204     		lsl	r2, r2, #18
 128 0062 1A60     		str	r2, [r3]
 310:.\Generated_Source\PSoC4/cyfitter_cfg.c **** 		CY_SET_XTND_REG32((void CYFAR *)(CYREG_HSIOM_PORT_SEL4), 0x00000099u);
 129              		.loc 1 310 0
 130 0064 314B     		ldr	r3, .L8+16
 131 0066 9922     		mov	r2, #153
 132 0068 1A60     		str	r2, [r3]
 311:.\Generated_Source\PSoC4/cyfitter_cfg.c **** 
 312:.\Generated_Source\PSoC4/cyfitter_cfg.c **** 		/* FORCED_HSIOM Starting address: CYDEV_HSIOM_PORT_SEL3 */
 313:.\Generated_Source\PSoC4/cyfitter_cfg.c **** 		CY_SET_XTND_REG32((void CYFAR *)(CYREG_HSIOM_PORT_SEL3), 0x00000000u);
 133              		.loc 1 313 0
 134 006a 314B     		ldr	r3, .L8+20
 135 006c 0026     		mov	r6, #0
 136 006e 1E60     		str	r6, [r3]
ARM GAS  C:\Users\kbuchi\AppData\Local\Temp\ccNr7R9E.s 			page 9


 314:.\Generated_Source\PSoC4/cyfitter_cfg.c **** 
 315:.\Generated_Source\PSoC4/cyfitter_cfg.c **** 		/* IOPINS0_3 Starting address: CYDEV_PRT3_PC */
 316:.\Generated_Source\PSoC4/cyfitter_cfg.c **** 		CY_SET_XTND_REG32((void CYFAR *)(CYREG_PRT3_PC), 0x00000000u);
 137              		.loc 1 316 0
 138 0070 304B     		ldr	r3, .L8+24
 317:.\Generated_Source\PSoC4/cyfitter_cfg.c **** 
 318:.\Generated_Source\PSoC4/cyfitter_cfg.c **** 		/* UDB_PA_0 Starting address: CYDEV_UDB_PA0_BASE */
 319:.\Generated_Source\PSoC4/cyfitter_cfg.c **** 		CY_SET_XTND_REG32((void CYFAR *)(CYDEV_UDB_PA0_BASE), 0x00990000u);
 320:.\Generated_Source\PSoC4/cyfitter_cfg.c **** 		CY_SET_XTND_REG32((void CYFAR *)(CYREG_UDB_PA0_CFG4), 0x80000000u);
 139              		.loc 1 320 0
 140 0072 8027     		mov	r7, #128
 141              	.LVL16:
 316:.\Generated_Source\PSoC4/cyfitter_cfg.c **** 		CY_SET_XTND_REG32((void CYFAR *)(CYREG_PRT3_PC), 0x00000000u);
 142              		.loc 1 316 0
 143 0074 1E60     		str	r6, [r3]
 319:.\Generated_Source\PSoC4/cyfitter_cfg.c **** 		CY_SET_XTND_REG32((void CYFAR *)(CYDEV_UDB_PA0_BASE), 0x00990000u);
 144              		.loc 1 319 0
 145 0076 1304     		lsl	r3, r2, #16
 146 0078 2F4A     		ldr	r2, .L8+28
 147              		.loc 1 320 0
 148 007a 3F06     		lsl	r7, r7, #24
 319:.\Generated_Source\PSoC4/cyfitter_cfg.c **** 		CY_SET_XTND_REG32((void CYFAR *)(CYDEV_UDB_PA0_BASE), 0x00990000u);
 149              		.loc 1 319 0
 150 007c 1360     		str	r3, [r2]
 151              		.loc 1 320 0
 152 007e 2F4A     		ldr	r2, .L8+32
 321:.\Generated_Source\PSoC4/cyfitter_cfg.c **** 
 322:.\Generated_Source\PSoC4/cyfitter_cfg.c **** 		/* UDB_PA_1 Starting address: CYDEV_UDB_PA1_BASE */
 323:.\Generated_Source\PSoC4/cyfitter_cfg.c **** 		CY_SET_XTND_REG32((void CYFAR *)(CYDEV_UDB_PA1_BASE), 0x00990000u);
 324:.\Generated_Source\PSoC4/cyfitter_cfg.c **** 		CY_SET_XTND_REG32((void CYFAR *)(CYREG_UDB_PA1_CFG8), 0x20000000u);
 325:.\Generated_Source\PSoC4/cyfitter_cfg.c **** 
 326:.\Generated_Source\PSoC4/cyfitter_cfg.c **** 		/* TCPWM_CNT0 Starting address: CYDEV_TCPWM_CNT0_TR_CTRL0 */
 327:.\Generated_Source\PSoC4/cyfitter_cfg.c **** 		CY_SET_XTND_REG32((void CYFAR *)(CYREG_TCPWM_CNT0_TR_CTRL0), 0x00010010u);
 328:.\Generated_Source\PSoC4/cyfitter_cfg.c **** 
 329:.\Generated_Source\PSoC4/cyfitter_cfg.c **** 		/* Enable digital routing */
 330:.\Generated_Source\PSoC4/cyfitter_cfg.c **** 		CY_SET_XTND_REG8((void *)CYREG_UDB_UDBIF_BANK_CTL, CY_GET_XTND_REG8((void *)CYREG_UDB_UDBIF_BANK_
 331:.\Generated_Source\PSoC4/cyfitter_cfg.c **** 
 332:.\Generated_Source\PSoC4/cyfitter_cfg.c **** 		/* Enable UDB array */
 333:.\Generated_Source\PSoC4/cyfitter_cfg.c **** 		CY_SET_XTND_REG8((void *)CYREG_UDB_UDBIF_WAIT_CFG, (uint8)((CY_GET_XTND_REG8((void *)CYREG_UDB_UD
 153              		.loc 1 333 0
 154 0080 3C25     		mov	r5, #60
 320:.\Generated_Source\PSoC4/cyfitter_cfg.c **** 		CY_SET_XTND_REG32((void CYFAR *)(CYREG_UDB_PA0_CFG4), 0x80000000u);
 155              		.loc 1 320 0
 156 0082 1760     		str	r7, [r2]
 323:.\Generated_Source\PSoC4/cyfitter_cfg.c **** 		CY_SET_XTND_REG32((void CYFAR *)(CYDEV_UDB_PA1_BASE), 0x00990000u);
 157              		.loc 1 323 0
 158 0084 2E4A     		ldr	r2, .L8+36
 159              	.LBE16:
 334:.\Generated_Source\PSoC4/cyfitter_cfg.c **** 		CY_SET_XTND_REG8((void *)CYREG_UDB_UDBIF_BANK_CTL, (uint8)(CY_GET_XTND_REG8((void *)CYREG_UDB_UDB
 335:.\Generated_Source\PSoC4/cyfitter_cfg.c **** 	}
 336:.\Generated_Source\PSoC4/cyfitter_cfg.c **** 
 337:.\Generated_Source\PSoC4/cyfitter_cfg.c **** 	/* Perform second pass device configuration. These items must be configured in specific order afte
 338:.\Generated_Source\PSoC4/cyfitter_cfg.c **** 	/* IOPINS0_0 Starting address: CYDEV_PRT0_DR */
 339:.\Generated_Source\PSoC4/cyfitter_cfg.c **** 	CY_SET_XTND_REG32((void CYFAR *)(CYREG_PRT0_DR), 0x00000080u);
 340:.\Generated_Source\PSoC4/cyfitter_cfg.c **** 	CY_SET_XTND_REG32((void CYFAR *)(CYREG_PRT0_PC), 0x00400000u);
 341:.\Generated_Source\PSoC4/cyfitter_cfg.c **** 
 342:.\Generated_Source\PSoC4/cyfitter_cfg.c **** 	/* IOPINS0_1 Starting address: CYDEV_PRT1_DR */
ARM GAS  C:\Users\kbuchi\AppData\Local\Temp\ccNr7R9E.s 			page 10


 343:.\Generated_Source\PSoC4/cyfitter_cfg.c **** 	CY_SET_XTND_REG32((void CYFAR *)(CYREG_PRT1_DR), 0x00000040u);
 344:.\Generated_Source\PSoC4/cyfitter_cfg.c **** 	CY_SET_XTND_REG32((void CYFAR *)(CYREG_PRT1_PC), 0x00180000u);
 345:.\Generated_Source\PSoC4/cyfitter_cfg.c **** 
 346:.\Generated_Source\PSoC4/cyfitter_cfg.c **** 	/* IOPINS0_4 Starting address: CYDEV_PRT4_DR */
 347:.\Generated_Source\PSoC4/cyfitter_cfg.c **** 	CY_SET_XTND_REG32((void CYFAR *)(CYREG_PRT4_DR), 0x00000002u);
 348:.\Generated_Source\PSoC4/cyfitter_cfg.c **** 	CY_SET_XTND_REG32((void CYFAR *)(CYREG_PRT4_PC), 0x00000031u);
 349:.\Generated_Source\PSoC4/cyfitter_cfg.c **** 	CY_SET_XTND_REG32((void CYFAR *)(CYREG_PRT4_PC2), 0x00000002u);
 350:.\Generated_Source\PSoC4/cyfitter_cfg.c **** 
 351:.\Generated_Source\PSoC4/cyfitter_cfg.c **** 	/* Setup clocks based on selections from Clock DWR */
 352:.\Generated_Source\PSoC4/cyfitter_cfg.c **** 	ClockSetup();
 353:.\Generated_Source\PSoC4/cyfitter_cfg.c **** 
 354:.\Generated_Source\PSoC4/cyfitter_cfg.c **** 	/* Perform basic analog initialization to defaults */
 355:.\Generated_Source\PSoC4/cyfitter_cfg.c **** 	AnalogSetDefault();
 356:.\Generated_Source\PSoC4/cyfitter_cfg.c **** 
 357:.\Generated_Source\PSoC4/cyfitter_cfg.c **** }
 160              		.loc 1 357 0
 161              		@ sp needed
 162              	.LBB23:
 323:.\Generated_Source\PSoC4/cyfitter_cfg.c **** 		CY_SET_XTND_REG32((void CYFAR *)(CYDEV_UDB_PA1_BASE), 0x00990000u);
 163              		.loc 1 323 0
 164 0086 1360     		str	r3, [r2]
 324:.\Generated_Source\PSoC4/cyfitter_cfg.c **** 		CY_SET_XTND_REG32((void CYFAR *)(CYREG_UDB_PA1_CFG8), 0x20000000u);
 165              		.loc 1 324 0
 166 0088 2E4B     		ldr	r3, .L8+40
 167 008a 8022     		mov	r2, #128
 168 008c 9205     		lsl	r2, r2, #22
 169 008e 1A60     		str	r2, [r3]
 327:.\Generated_Source\PSoC4/cyfitter_cfg.c **** 		CY_SET_XTND_REG32((void CYFAR *)(CYREG_TCPWM_CNT0_TR_CTRL0), 0x00010010u);
 170              		.loc 1 327 0
 171 0090 2D4A     		ldr	r2, .L8+44
 172 0092 2E4B     		ldr	r3, .L8+48
 173 0094 1A60     		str	r2, [r3]
 330:.\Generated_Source\PSoC4/cyfitter_cfg.c **** 		CY_SET_XTND_REG8((void *)CYREG_UDB_UDBIF_BANK_CTL, CY_GET_XTND_REG8((void *)CYREG_UDB_UDBIF_BANK_
 174              		.loc 1 330 0
 175 0096 2E4B     		ldr	r3, .L8+52
 176 0098 0222     		mov	r2, #2
 177 009a 1978     		ldrb	r1, [r3]
 178 009c 1143     		orr	r1, r2
 179 009e 1970     		strb	r1, [r3]
 333:.\Generated_Source\PSoC4/cyfitter_cfg.c **** 		CY_SET_XTND_REG8((void *)CYREG_UDB_UDBIF_WAIT_CFG, (uint8)((CY_GET_XTND_REG8((void *)CYREG_UDB_UD
 180              		.loc 1 333 0
 181 00a0 2C49     		ldr	r1, .L8+56
 182 00a2 0878     		ldrb	r0, [r1]
 183 00a4 A843     		bic	r0, r5
 184 00a6 1425     		mov	r5, #20
 185 00a8 2843     		orr	r0, r5
 186 00aa 0870     		strb	r0, [r1]
 334:.\Generated_Source\PSoC4/cyfitter_cfg.c **** 		CY_SET_XTND_REG8((void *)CYREG_UDB_UDBIF_BANK_CTL, (uint8)(CY_GET_XTND_REG8((void *)CYREG_UDB_UDB
 187              		.loc 1 334 0
 188 00ac 1978     		ldrb	r1, [r3]
 189 00ae 1620     		mov	r0, #22
 190 00b0 0143     		orr	r1, r0
 191 00b2 1970     		strb	r1, [r3]
 192              	.LBE23:
 339:.\Generated_Source\PSoC4/cyfitter_cfg.c **** 	CY_SET_XTND_REG32((void CYFAR *)(CYREG_PRT0_DR), 0x00000080u);
 193              		.loc 1 339 0
 194 00b4 284B     		ldr	r3, .L8+60
ARM GAS  C:\Users\kbuchi\AppData\Local\Temp\ccNr7R9E.s 			page 11


 195 00b6 8021     		mov	r1, #128
 196 00b8 1960     		str	r1, [r3]
 340:.\Generated_Source\PSoC4/cyfitter_cfg.c **** 	CY_SET_XTND_REG32((void CYFAR *)(CYREG_PRT0_PC), 0x00400000u);
 197              		.loc 1 340 0
 198 00ba 284B     		ldr	r3, .L8+64
 199 00bc C903     		lsl	r1, r1, #15
 200 00be 1960     		str	r1, [r3]
 343:.\Generated_Source\PSoC4/cyfitter_cfg.c **** 	CY_SET_XTND_REG32((void CYFAR *)(CYREG_PRT1_DR), 0x00000040u);
 201              		.loc 1 343 0
 202 00c0 274B     		ldr	r3, .L8+68
 203 00c2 4021     		mov	r1, #64
 204 00c4 1960     		str	r1, [r3]
 344:.\Generated_Source\PSoC4/cyfitter_cfg.c **** 	CY_SET_XTND_REG32((void CYFAR *)(CYREG_PRT1_PC), 0x00180000u);
 205              		.loc 1 344 0
 206 00c6 274B     		ldr	r3, .L8+72
 207 00c8 C021     		mov	r1, #192
 208 00ca 4903     		lsl	r1, r1, #13
 209 00cc 1960     		str	r1, [r3]
 347:.\Generated_Source\PSoC4/cyfitter_cfg.c **** 	CY_SET_XTND_REG32((void CYFAR *)(CYREG_PRT4_DR), 0x00000002u);
 210              		.loc 1 347 0
 211 00ce 264B     		ldr	r3, .L8+76
 348:.\Generated_Source\PSoC4/cyfitter_cfg.c **** 	CY_SET_XTND_REG32((void CYFAR *)(CYREG_PRT4_PC), 0x00000031u);
 212              		.loc 1 348 0
 213 00d0 3121     		mov	r1, #49
 347:.\Generated_Source\PSoC4/cyfitter_cfg.c **** 	CY_SET_XTND_REG32((void CYFAR *)(CYREG_PRT4_DR), 0x00000002u);
 214              		.loc 1 347 0
 215 00d2 1A60     		str	r2, [r3]
 348:.\Generated_Source\PSoC4/cyfitter_cfg.c **** 	CY_SET_XTND_REG32((void CYFAR *)(CYREG_PRT4_PC), 0x00000031u);
 216              		.loc 1 348 0
 217 00d4 254B     		ldr	r3, .L8+80
 218              	.LBB24:
 219              	.LBB25:
 187:.\Generated_Source\PSoC4/cyfitter_cfg.c **** 	CY_SET_REG32((void CYXDATA *)(CYREG_CLK_SELECT), (CY_GET_REG32((void *)CYREG_CLK_SELECT) | 0x00040
 220              		.loc 1 187 0
 221 00d6 264D     		ldr	r5, .L8+84
 222              	.LBE25:
 223              	.LBE24:
 348:.\Generated_Source\PSoC4/cyfitter_cfg.c **** 	CY_SET_XTND_REG32((void CYFAR *)(CYREG_PRT4_PC), 0x00000031u);
 224              		.loc 1 348 0
 225 00d8 1960     		str	r1, [r3]
 349:.\Generated_Source\PSoC4/cyfitter_cfg.c **** 	CY_SET_XTND_REG32((void CYFAR *)(CYREG_PRT4_PC2), 0x00000002u);
 226              		.loc 1 349 0
 227 00da 264B     		ldr	r3, .L8+88
 228              	.LBB28:
 229              	.LBB26:
 190:.\Generated_Source\PSoC4/cyfitter_cfg.c **** 	CySysClkWriteImoFreq(24u);
 230              		.loc 1 190 0
 231 00dc 1820     		mov	r0, #24
 232              	.LBE26:
 233              	.LBE28:
 349:.\Generated_Source\PSoC4/cyfitter_cfg.c **** 	CY_SET_XTND_REG32((void CYFAR *)(CYREG_PRT4_PC2), 0x00000002u);
 234              		.loc 1 349 0
 235 00de 1A60     		str	r2, [r3]
 236              	.LBB29:
 237              	.LBB27:
 187:.\Generated_Source\PSoC4/cyfitter_cfg.c **** 	CY_SET_REG32((void CYXDATA *)(CYREG_CLK_SELECT), (CY_GET_REG32((void *)CYREG_CLK_SELECT) | 0x00040
 238              		.loc 1 187 0
ARM GAS  C:\Users\kbuchi\AppData\Local\Temp\ccNr7R9E.s 			page 12


 239 00e0 2A68     		ldr	r2, [r5]
 240 00e2 8023     		mov	r3, #128
 241 00e4 DB02     		lsl	r3, r3, #11
 242 00e6 1343     		orr	r3, r2
 243 00e8 2B60     		str	r3, [r5]
 190:.\Generated_Source\PSoC4/cyfitter_cfg.c **** 	CySysClkWriteImoFreq(24u);
 244              		.loc 1 190 0
 245 00ea FFF7FEFF 		bl	CySysClkWriteImoFreq
 246              	.LVL17:
 193:.\Generated_Source\PSoC4/cyfitter_cfg.c **** 	CY_SET_REG32((void CYXDATA *)(CYREG_CLK_SELECT), (CY_GET_REG32((void *)CYREG_CLK_SELECT) & 0xFFFBF
 247              		.loc 1 193 0
 248 00ee 2A68     		ldr	r2, [r5]
 249 00f0 214B     		ldr	r3, .L8+92
 250 00f2 1340     		and	r3, r2
 251 00f4 2B60     		str	r3, [r5]
 195:.\Generated_Source\PSoC4/cyfitter_cfg.c **** 	CY_SET_XTND_REG32((void CYFAR *)(CYREG_CLK_ILO_CONFIG), 0x80000006u);
 252              		.loc 1 195 0
 253 00f6 214A     		ldr	r2, .L8+96
 254 00f8 214B     		ldr	r3, .L8+100
 255 00fa 1A60     		str	r2, [r3]
 199:.\Generated_Source\PSoC4/cyfitter_cfg.c **** 	CY_SET_XTND_REG32((void CYFAR *)(CYREG_CLK_SELECT02), 0x00000010u);
 256              		.loc 1 199 0
 257 00fc 214B     		ldr	r3, .L8+104
 200:.\Generated_Source\PSoC4/cyfitter_cfg.c **** 	CY_SET_XTND_REG32((void CYFAR *)(CYREG_CLK_SELECT08), 0x00000020u);
 258              		.loc 1 200 0
 259 00fe 2022     		mov	r2, #32
 199:.\Generated_Source\PSoC4/cyfitter_cfg.c **** 	CY_SET_XTND_REG32((void CYFAR *)(CYREG_CLK_SELECT02), 0x00000010u);
 260              		.loc 1 199 0
 261 0100 1C60     		str	r4, [r3]
 200:.\Generated_Source\PSoC4/cyfitter_cfg.c **** 	CY_SET_XTND_REG32((void CYFAR *)(CYREG_CLK_SELECT08), 0x00000020u);
 262              		.loc 1 200 0
 263 0102 214B     		ldr	r3, .L8+108
 264 0104 1A60     		str	r2, [r3]
 203:.\Generated_Source\PSoC4/cyfitter_cfg.c **** 	CY_SET_XTND_REG32((void CYFAR *)(CYREG_CLK_IMO_CONFIG), 0x80000000u);
 265              		.loc 1 203 0
 266 0106 214B     		ldr	r3, .L8+112
 206:.\Generated_Source\PSoC4/cyfitter_cfg.c **** 	CY_SET_XTND_REG32((void CYFAR *)(CYREG_CLK_DIVIDER_A00), 0x80000010u);
 267              		.loc 1 206 0
 268 0108 214A     		ldr	r2, .L8+116
 203:.\Generated_Source\PSoC4/cyfitter_cfg.c **** 	CY_SET_XTND_REG32((void CYFAR *)(CYREG_CLK_IMO_CONFIG), 0x80000000u);
 269              		.loc 1 203 0
 270 010a 1F60     		str	r7, [r3]
 206:.\Generated_Source\PSoC4/cyfitter_cfg.c **** 	CY_SET_XTND_REG32((void CYFAR *)(CYREG_CLK_DIVIDER_A00), 0x80000010u);
 271              		.loc 1 206 0
 272 010c 214B     		ldr	r3, .L8+120
 273 010e 1A60     		str	r2, [r3]
 209:.\Generated_Source\PSoC4/cyfitter_cfg.c **** 	CY_SET_XTND_REG32((void CYFAR *)(CYREG_CLK_DIVIDER_B00), 0x800004AFu);
 274              		.loc 1 209 0
 275 0110 214A     		ldr	r2, .L8+124
 276 0112 224B     		ldr	r3, .L8+128
 277 0114 1A60     		str	r2, [r3]
 211:.\Generated_Source\PSoC4/cyfitter_cfg.c **** 	CY_SET_XTND_REG32((void CYFAR *)(CYREG_WDT_CONFIG), 0x00000000u);
 278              		.loc 1 211 0
 279 0116 224B     		ldr	r3, .L8+132
 280 0118 1E60     		str	r6, [r3]
 281              	.LVL18:
 282              	.LBE27:
ARM GAS  C:\Users\kbuchi\AppData\Local\Temp\ccNr7R9E.s 			page 13


 283              	.LBE29:
 284              		.loc 1 357 0
 285 011a F7BD     		pop	{r0, r1, r2, r4, r5, r6, r7, pc}
 286              	.L9:
 287              		.align	2
 288              	.L8:
 289 011c 00300F40 		.word	1074737152
 290 0120 00400F40 		.word	1074741248
 291 0124 00000000 		.word	.LANCHOR0
 292 0128 04000140 		.word	1073807364
 293 012c 10000140 		.word	1073807376
 294 0130 0C000140 		.word	1073807372
 295 0134 08030440 		.word	1074004744
 296 0138 00500F40 		.word	1074745344
 297 013c 04500F40 		.word	1074745348
 298 0140 10500F40 		.word	1074745360
 299 0144 18500F40 		.word	1074745368
 300 0148 10000100 		.word	65552
 301 014c 20010540 		.word	1074069792
 302 0150 00700F40 		.word	1074753536
 303 0154 01700F40 		.word	1074753537
 304 0158 00000440 		.word	1074003968
 305 015c 08000440 		.word	1074003976
 306 0160 00010440 		.word	1074004224
 307 0164 08010440 		.word	1074004232
 308 0168 00040440 		.word	1074004992
 309 016c 08040440 		.word	1074005000
 310 0170 00010B40 		.word	1074462976
 311 0174 18040440 		.word	1074005016
 312 0178 FFFFFBFF 		.word	-262145
 313 017c 06000080 		.word	-2147483642
 314 0180 04010B40 		.word	1074462980
 315 0184 08020240 		.word	1073873416
 316 0188 20020240 		.word	1073873440
 317 018c 08010B40 		.word	1074462984
 318 0190 10000080 		.word	-2147483632
 319 0194 00000240 		.word	1073872896
 320 0198 AF040080 		.word	-2147482449
 321 019c 40000240 		.word	1073872960
 322 01a0 0C020B40 		.word	1074463244
 323              		.cfi_endproc
 324              	.LFE6:
 325              		.size	cyfitter_cfg, .-cyfitter_cfg
 326              		.section	.rodata
 327              		.align	2
 328              		.set	.LANCHOR0,. + 0
 329              		.type	cy_cfg_addr_table.4708, %object
 330              		.size	cy_cfg_addr_table.4708, 16
 331              	cy_cfg_addr_table.4708:
 332 0000 01330F40 		.word	1074737921
 333 0004 03410F40 		.word	1074741507
 334 0008 04430F40 		.word	1074742020
 335 000c 02600F40 		.word	1074749442
 336              		.type	cy_cfg_data_table.4709, %object
 337              		.size	cy_cfg_data_table.4709, 20
 338              	cy_cfg_data_table.4709:
 339 0010 E6       		.byte	-26
ARM GAS  C:\Users\kbuchi\AppData\Local\Temp\ccNr7R9E.s 			page 14


 340 0011 10       		.byte	16
 341 0012 62       		.byte	98
 342 0013 04       		.byte	4
 343 0014 8E       		.byte	-114
 344 0015 04       		.byte	4
 345 0016 D8       		.byte	-40
 346 0017 40       		.byte	64
 347 0018 18       		.byte	24
 348 0019 80       		.byte	-128
 349 001a 8C       		.byte	-116
 350 001b 40       		.byte	64
 351 001c C6       		.byte	-58
 352 001d 08       		.byte	8
 353 001e E6       		.byte	-26
 354 001f 08       		.byte	8
 355 0020 02       		.byte	2
 356 0021 01       		.byte	1
 357 0022 11       		.byte	17
 358 0023 01       		.byte	1
 359              		.text
 360              	.Letext0:
 361              		.file 2 "c:\\works\\programs\\psoc_creator\\psoc creator\\3.2\\psoc_creator\\import\\gnu\\arm\\4.8
 362              		.file 3 ".\\Generated_Source\\PSoC4\\cytypes.h"
 363              		.file 4 ".\\Generated_Source\\PSoC4\\CyLib.h"
 364              		.section	.debug_info,"",%progbits
 365              	.Ldebug_info0:
 366 0000 85030000 		.4byte	0x385
 367 0004 0400     		.2byte	0x4
 368 0006 00000000 		.4byte	.Ldebug_abbrev0
 369 000a 04       		.byte	0x4
 370 000b 01       		.uleb128 0x1
 371 000c 59000000 		.4byte	.LASF36
 372 0010 01       		.byte	0x1
 373 0011 C1010000 		.4byte	.LASF37
 374 0015 FC010000 		.4byte	.LASF38
 375 0019 38000000 		.4byte	.Ldebug_ranges0+0x38
 376 001d 00000000 		.4byte	0
 377 0021 00000000 		.4byte	.Ldebug_line0
 378 0025 02       		.uleb128 0x2
 379 0026 04       		.byte	0x4
 380 0027 05       		.byte	0x5
 381 0028 696E7400 		.ascii	"int\000"
 382 002c 03       		.uleb128 0x3
 383 002d 06000000 		.4byte	.LASF11
 384 0031 02       		.byte	0x2
 385 0032 D4       		.byte	0xd4
 386 0033 37000000 		.4byte	0x37
 387 0037 04       		.uleb128 0x4
 388 0038 04       		.byte	0x4
 389 0039 07       		.byte	0x7
 390 003a 76010000 		.4byte	.LASF0
 391 003e 04       		.uleb128 0x4
 392 003f 01       		.byte	0x1
 393 0040 06       		.byte	0x6
 394 0041 77020000 		.4byte	.LASF1
 395 0045 04       		.uleb128 0x4
 396 0046 01       		.byte	0x1
ARM GAS  C:\Users\kbuchi\AppData\Local\Temp\ccNr7R9E.s 			page 15


 397 0047 08       		.byte	0x8
 398 0048 17010000 		.4byte	.LASF2
 399 004c 04       		.uleb128 0x4
 400 004d 02       		.byte	0x2
 401 004e 05       		.byte	0x5
 402 004f 4F020000 		.4byte	.LASF3
 403 0053 04       		.uleb128 0x4
 404 0054 02       		.byte	0x2
 405 0055 07       		.byte	0x7
 406 0056 83020000 		.4byte	.LASF4
 407 005a 04       		.uleb128 0x4
 408 005b 04       		.byte	0x4
 409 005c 05       		.byte	0x5
 410 005d 6E020000 		.4byte	.LASF5
 411 0061 04       		.uleb128 0x4
 412 0062 04       		.byte	0x4
 413 0063 07       		.byte	0x7
 414 0064 F5000000 		.4byte	.LASF6
 415 0068 04       		.uleb128 0x4
 416 0069 08       		.byte	0x8
 417 006a 05       		.byte	0x5
 418 006b E9010000 		.4byte	.LASF7
 419 006f 04       		.uleb128 0x4
 420 0070 08       		.byte	0x8
 421 0071 07       		.byte	0x7
 422 0072 8B010000 		.4byte	.LASF8
 423 0076 04       		.uleb128 0x4
 424 0077 04       		.byte	0x4
 425 0078 07       		.byte	0x7
 426 0079 B8010000 		.4byte	.LASF9
 427 007d 05       		.uleb128 0x5
 428 007e 04       		.byte	0x4
 429 007f 04       		.uleb128 0x4
 430 0080 01       		.byte	0x1
 431 0081 08       		.byte	0x8
 432 0082 F7010000 		.4byte	.LASF10
 433 0086 03       		.uleb128 0x3
 434 0087 07010000 		.4byte	.LASF12
 435 008b 03       		.byte	0x3
 436 008c A1       		.byte	0xa1
 437 008d 45000000 		.4byte	0x45
 438 0091 03       		.uleb128 0x3
 439 0092 5D010000 		.4byte	.LASF13
 440 0096 03       		.byte	0x3
 441 0097 A2       		.byte	0xa2
 442 0098 53000000 		.4byte	0x53
 443 009c 03       		.uleb128 0x3
 444 009d 6F010000 		.4byte	.LASF14
 445 00a1 03       		.byte	0x3
 446 00a2 A3       		.byte	0xa3
 447 00a3 61000000 		.4byte	0x61
 448 00a7 04       		.uleb128 0x4
 449 00a8 04       		.byte	0x4
 450 00a9 04       		.byte	0x4
 451 00aa D5000000 		.4byte	.LASF15
 452 00ae 04       		.uleb128 0x4
 453 00af 08       		.byte	0x8
ARM GAS  C:\Users\kbuchi\AppData\Local\Temp\ccNr7R9E.s 			page 16


 454 00b0 04       		.byte	0x4
 455 00b1 2C010000 		.4byte	.LASF16
 456 00b5 06       		.uleb128 0x6
 457 00b6 F0000000 		.4byte	.LASF17
 458 00ba 03       		.byte	0x3
 459 00bb 4B01     		.2byte	0x14b
 460 00bd C1000000 		.4byte	0xc1
 461 00c1 07       		.uleb128 0x7
 462 00c2 86000000 		.4byte	0x86
 463 00c6 06       		.uleb128 0x6
 464 00c7 00000000 		.4byte	.LASF18
 465 00cb 03       		.byte	0x3
 466 00cc 4D01     		.2byte	0x14d
 467 00ce D2000000 		.4byte	0xd2
 468 00d2 07       		.uleb128 0x7
 469 00d3 9C000000 		.4byte	0x9c
 470 00d7 08       		.uleb128 0x8
 471 00d8 02       		.byte	0x2
 472 00d9 01       		.byte	0x1
 473 00da 7C       		.byte	0x7c
 474 00db F8000000 		.4byte	0xf8
 475 00df 09       		.uleb128 0x9
 476 00e0 48020000 		.4byte	.LASF19
 477 00e4 01       		.byte	0x1
 478 00e5 7E       		.byte	0x7e
 479 00e6 86000000 		.4byte	0x86
 480 00ea 00       		.byte	0
 481 00eb 09       		.uleb128 0x9
 482 00ec 1E000000 		.4byte	.LASF20
 483 00f0 01       		.byte	0x1
 484 00f1 7F       		.byte	0x7f
 485 00f2 86000000 		.4byte	0x86
 486 00f6 01       		.byte	0x1
 487 00f7 00       		.byte	0
 488 00f8 03       		.uleb128 0x3
 489 00f9 35020000 		.4byte	.LASF21
 490 00fd 01       		.byte	0x1
 491 00fe 80       		.byte	0x80
 492 00ff D7000000 		.4byte	0xd7
 493 0103 0A       		.uleb128 0xa
 494 0104 0D000000 		.4byte	.LASF28
 495 0108 01       		.byte	0x1
 496 0109 EA       		.byte	0xea
 497 010a 01       		.byte	0x1
 498 010b 0B       		.uleb128 0xb
 499 010c 33010000 		.4byte	.LASF26
 500 0110 01       		.byte	0x1
 501 0111 93       		.byte	0x93
 502 0112 01       		.byte	0x1
 503 0113 58010000 		.4byte	0x158
 504 0117 0C       		.uleb128 0xc
 505 0118 52010000 		.4byte	.LASF22
 506 011c 01       		.byte	0x1
 507 011d 93       		.byte	0x93
 508 011e 58010000 		.4byte	0x158
 509 0122 0C       		.uleb128 0xc
 510 0123 64010000 		.4byte	.LASF23
ARM GAS  C:\Users\kbuchi\AppData\Local\Temp\ccNr7R9E.s 			page 17


 511 0127 01       		.byte	0x1
 512 0128 93       		.byte	0x93
 513 0129 63010000 		.4byte	0x163
 514 012d 0D       		.uleb128 0xd
 515 012e 6900     		.ascii	"i\000"
 516 0130 01       		.byte	0x1
 517 0131 96       		.byte	0x96
 518 0132 9C000000 		.4byte	0x9c
 519 0136 0D       		.uleb128 0xd
 520 0137 6A00     		.ascii	"j\000"
 521 0139 01       		.byte	0x1
 522 013a 96       		.byte	0x96
 523 013b 9C000000 		.4byte	0x9c
 524 013f 0E       		.uleb128 0xe
 525 0140 0F       		.uleb128 0xf
 526 0141 AF010000 		.4byte	.LASF24
 527 0145 01       		.byte	0x1
 528 0146 99       		.byte	0x99
 529 0147 9C000000 		.4byte	0x9c
 530 014b 0F       		.uleb128 0xf
 531 014c 24000000 		.4byte	.LASF25
 532 0150 01       		.byte	0x1
 533 0151 9A       		.byte	0x9a
 534 0152 86000000 		.4byte	0x86
 535 0156 00       		.byte	0
 536 0157 00       		.byte	0
 537 0158 10       		.uleb128 0x10
 538 0159 04       		.byte	0x4
 539 015a 5E010000 		.4byte	0x15e
 540 015e 11       		.uleb128 0x11
 541 015f 9C000000 		.4byte	0x9c
 542 0163 10       		.uleb128 0x10
 543 0164 04       		.byte	0x4
 544 0165 69010000 		.4byte	0x169
 545 0169 11       		.uleb128 0x11
 546 016a F8000000 		.4byte	0xf8
 547 016e 0B       		.uleb128 0xb
 548 016f 0D010000 		.4byte	.LASF27
 549 0173 01       		.byte	0x1
 550 0174 3A       		.byte	0x3a
 551 0175 01       		.byte	0x1
 552 0176 8D010000 		.4byte	0x18d
 553 017a 12       		.uleb128 0x12
 554 017b 7300     		.ascii	"s\000"
 555 017d 01       		.byte	0x1
 556 017e 3A       		.byte	0x3a
 557 017f 7D000000 		.4byte	0x7d
 558 0183 12       		.uleb128 0x12
 559 0184 6E00     		.ascii	"n\000"
 560 0186 01       		.byte	0x1
 561 0187 3A       		.byte	0x3a
 562 0188 2C000000 		.4byte	0x2c
 563 018c 00       		.byte	0
 564 018d 0A       		.uleb128 0xa
 565 018e 2A000000 		.4byte	.LASF29
 566 0192 01       		.byte	0x1
 567 0193 B8       		.byte	0xb8
ARM GAS  C:\Users\kbuchi\AppData\Local\Temp\ccNr7R9E.s 			page 18


 568 0194 01       		.byte	0x1
 569 0195 13       		.uleb128 0x13
 570 0196 45010000 		.4byte	.LASF39
 571 019a 01       		.byte	0x1
 572 019b 0201     		.2byte	0x102
 573 019d 00000000 		.4byte	.LFB6
 574 01a1 A4010000 		.4byte	.LFE6-.LFB6
 575 01a5 01       		.uleb128 0x1
 576 01a6 9C       		.byte	0x9c
 577 01a7 34030000 		.4byte	0x334
 578 01ab 14       		.uleb128 0x14
 579 01ac 00000000 		.4byte	.Ldebug_ranges0+0
 580 01b0 13030000 		.4byte	0x313
 581 01b4 15       		.uleb128 0x15
 582 01b5 35000000 		.4byte	.LASF30
 583 01b9 01       		.byte	0x1
 584 01ba 0801     		.2byte	0x108
 585 01bc 44030000 		.4byte	0x344
 586 01c0 05       		.uleb128 0x5
 587 01c1 03       		.byte	0x3
 588 01c2 00000000 		.4byte	cy_cfg_addr_table.4708
 589 01c6 15       		.uleb128 0x15
 590 01c7 47000000 		.4byte	.LASF31
 591 01cb 01       		.byte	0x1
 592 01cc 0F01     		.2byte	0x10f
 593 01ce 59030000 		.4byte	0x359
 594 01d2 05       		.uleb128 0x5
 595 01d3 03       		.byte	0x3
 596 01d4 10000000 		.4byte	cy_cfg_data_table.4709
 597 01d8 16       		.uleb128 0x16
 598 01d9 06       		.byte	0x6
 599 01da 01       		.byte	0x1
 600 01db 1E01     		.2byte	0x11e
 601 01dd FC010000 		.4byte	0x1fc
 602 01e1 17       		.uleb128 0x17
 603 01e2 83010000 		.4byte	.LASF32
 604 01e6 01       		.byte	0x1
 605 01e7 1F01     		.2byte	0x11f
 606 01e9 7D000000 		.4byte	0x7d
 607 01ed 00       		.byte	0
 608 01ee 17       		.uleb128 0x17
 609 01ef EB000000 		.4byte	.LASF33
 610 01f3 01       		.byte	0x1
 611 01f4 2001     		.2byte	0x120
 612 01f6 91000000 		.4byte	0x91
 613 01fa 04       		.byte	0x4
 614 01fb 00       		.byte	0
 615 01fc 06       		.uleb128 0x6
 616 01fd A2010000 		.4byte	.LASF34
 617 0201 01       		.byte	0x1
 618 0202 2101     		.2byte	0x121
 619 0204 D8010000 		.4byte	0x1d8
 620 0208 18       		.uleb128 0x18
 621 0209 FC010000 		.4byte	0x1fc
 622 020d 18020000 		.4byte	0x218
 623 0211 19       		.uleb128 0x19
 624 0212 76000000 		.4byte	0x76
ARM GAS  C:\Users\kbuchi\AppData\Local\Temp\ccNr7R9E.s 			page 19


 625 0216 01       		.byte	0x1
 626 0217 00       		.byte	0
 627 0218 1A       		.uleb128 0x1a
 628 0219 DB000000 		.4byte	.LASF35
 629 021d 01       		.byte	0x1
 630 021e 2301     		.2byte	0x123
 631 0220 24020000 		.4byte	0x224
 632 0224 11       		.uleb128 0x11
 633 0225 08020000 		.4byte	0x208
 634 0229 1B       		.uleb128 0x1b
 635 022a 6900     		.ascii	"i\000"
 636 022c 01       		.byte	0x1
 637 022d 2901     		.2byte	0x129
 638 022f 86000000 		.4byte	0x86
 639 0233 00000000 		.4byte	.LLST0
 640 0237 1C       		.uleb128 0x1c
 641 0238 04000000 		.4byte	.LBB17
 642 023c 1C000000 		.4byte	.LBE17-.LBB17
 643 0240 BF020000 		.4byte	0x2bf
 644 0244 1D       		.uleb128 0x1d
 645 0245 6D7300   		.ascii	"ms\000"
 646 0248 01       		.byte	0x1
 647 0249 2E01     		.2byte	0x12e
 648 024b 4F020000 		.4byte	0x24f
 649 024f 10       		.uleb128 0x10
 650 0250 04       		.byte	0x4
 651 0251 55020000 		.4byte	0x255
 652 0255 11       		.uleb128 0x11
 653 0256 FC010000 		.4byte	0x1fc
 654 025a 1E       		.uleb128 0x1e
 655 025b 6E010000 		.4byte	0x16e
 656 025f 04000000 		.4byte	.LBB18
 657 0263 1C000000 		.4byte	.LBE18-.LBB18
 658 0267 01       		.byte	0x1
 659 0268 2F01     		.2byte	0x12f
 660 026a 1F       		.uleb128 0x1f
 661 026b 83010000 		.4byte	0x183
 662 026f 0004     		.2byte	0x400
 663 0271 20       		.uleb128 0x20
 664 0272 7A010000 		.4byte	0x17a
 665 0276 2C000000 		.4byte	.LLST2
 666 027a 21       		.uleb128 0x21
 667 027b 10000000 		.4byte	.LVL1
 668 027f 5E030000 		.4byte	0x35e
 669 0283 9D020000 		.4byte	0x29d
 670 0287 22       		.uleb128 0x22
 671 0288 01       		.uleb128 0x1
 672 0289 52       		.byte	0x52
 673 028a 03       		.uleb128 0x3
 674 028b 0A       		.byte	0xa
 675 028c 0004     		.2byte	0x400
 676 028e 22       		.uleb128 0x22
 677 028f 01       		.uleb128 0x1
 678 0290 51       		.byte	0x51
 679 0291 01       		.uleb128 0x1
 680 0292 30       		.byte	0x30
 681 0293 22       		.uleb128 0x22
ARM GAS  C:\Users\kbuchi\AppData\Local\Temp\ccNr7R9E.s 			page 20


 682 0294 01       		.uleb128 0x1
 683 0295 50       		.byte	0x50
 684 0296 05       		.uleb128 0x5
 685 0297 0C       		.byte	0xc
 686 0298 00300F40 		.4byte	0x400f3000
 687 029c 00       		.byte	0
 688 029d 23       		.uleb128 0x23
 689 029e 1E000000 		.4byte	.LVL2
 690 02a2 5E030000 		.4byte	0x35e
 691 02a6 22       		.uleb128 0x22
 692 02a7 01       		.uleb128 0x1
 693 02a8 52       		.byte	0x52
 694 02a9 03       		.uleb128 0x3
 695 02aa 0A       		.byte	0xa
 696 02ab 0004     		.2byte	0x400
 697 02ad 22       		.uleb128 0x22
 698 02ae 01       		.uleb128 0x1
 699 02af 51       		.byte	0x51
 700 02b0 02       		.uleb128 0x2
 701 02b1 74       		.byte	0x74
 702 02b2 00       		.sleb128 0
 703 02b3 22       		.uleb128 0x22
 704 02b4 01       		.uleb128 0x1
 705 02b5 50       		.byte	0x50
 706 02b6 05       		.uleb128 0x5
 707 02b7 0C       		.byte	0xc
 708 02b8 00400F40 		.4byte	0x400f4000
 709 02bc 00       		.byte	0
 710 02bd 00       		.byte	0
 711 02be 00       		.byte	0
 712 02bf 1E       		.uleb128 0x1e
 713 02c0 0B010000 		.4byte	0x10b
 714 02c4 20000000 		.4byte	.LBB20
 715 02c8 3C000000 		.4byte	.LBE20-.LBB20
 716 02cc 01       		.byte	0x1
 717 02cd 3201     		.2byte	0x132
 718 02cf 24       		.uleb128 0x24
 719 02d0 17010000 		.4byte	0x117
 720 02d4 24       		.uleb128 0x24
 721 02d5 22010000 		.4byte	0x122
 722 02d9 25       		.uleb128 0x25
 723 02da 20000000 		.4byte	.LBB21
 724 02de 3C000000 		.4byte	.LBE21-.LBB21
 725 02e2 26       		.uleb128 0x26
 726 02e3 2D010000 		.4byte	0x12d
 727 02e7 54000000 		.4byte	.LLST3
 728 02eb 26       		.uleb128 0x26
 729 02ec 36010000 		.4byte	0x136
 730 02f0 68000000 		.4byte	.LLST4
 731 02f4 25       		.uleb128 0x25
 732 02f5 20000000 		.4byte	.LBB22
 733 02f9 38000000 		.4byte	.LBE22-.LBB22
 734 02fd 26       		.uleb128 0x26
 735 02fe 40010000 		.4byte	0x140
 736 0302 C4000000 		.4byte	.LLST5
 737 0306 26       		.uleb128 0x26
 738 0307 4B010000 		.4byte	0x14b
ARM GAS  C:\Users\kbuchi\AppData\Local\Temp\ccNr7R9E.s 			page 21


 739 030b FA000000 		.4byte	.LLST6
 740 030f 00       		.byte	0
 741 0310 00       		.byte	0
 742 0311 00       		.byte	0
 743 0312 00       		.byte	0
 744 0313 27       		.uleb128 0x27
 745 0314 8D010000 		.4byte	0x18d
 746 0318 D6000000 		.4byte	.LBB24
 747 031c 18000000 		.4byte	.Ldebug_ranges0+0x18
 748 0320 01       		.byte	0x1
 749 0321 6001     		.2byte	0x160
 750 0323 23       		.uleb128 0x23
 751 0324 EE000000 		.4byte	.LVL17
 752 0328 7B030000 		.4byte	0x37b
 753 032c 22       		.uleb128 0x22
 754 032d 01       		.uleb128 0x1
 755 032e 50       		.byte	0x50
 756 032f 01       		.uleb128 0x1
 757 0330 48       		.byte	0x48
 758 0331 00       		.byte	0
 759 0332 00       		.byte	0
 760 0333 00       		.byte	0
 761 0334 18       		.uleb128 0x18
 762 0335 9C000000 		.4byte	0x9c
 763 0339 44030000 		.4byte	0x344
 764 033d 19       		.uleb128 0x19
 765 033e 76000000 		.4byte	0x76
 766 0342 03       		.byte	0x3
 767 0343 00       		.byte	0
 768 0344 11       		.uleb128 0x11
 769 0345 34030000 		.4byte	0x334
 770 0349 18       		.uleb128 0x18
 771 034a F8000000 		.4byte	0xf8
 772 034e 59030000 		.4byte	0x359
 773 0352 19       		.uleb128 0x19
 774 0353 76000000 		.4byte	0x76
 775 0357 09       		.byte	0x9
 776 0358 00       		.byte	0
 777 0359 11       		.uleb128 0x11
 778 035a 49030000 		.4byte	0x349
 779 035e 28       		.uleb128 0x28
 780 035f 25010000 		.4byte	.LASF40
 781 0363 7D000000 		.4byte	0x7d
 782 0367 7B030000 		.4byte	0x37b
 783 036b 29       		.uleb128 0x29
 784 036c 7D000000 		.4byte	0x7d
 785 0370 29       		.uleb128 0x29
 786 0371 25000000 		.4byte	0x25
 787 0375 29       		.uleb128 0x29
 788 0376 76000000 		.4byte	0x76
 789 037a 00       		.byte	0
 790 037b 2A       		.uleb128 0x2a
 791 037c 59020000 		.4byte	.LASF41
 792 0380 04       		.byte	0x4
 793 0381 2D       		.byte	0x2d
 794 0382 29       		.uleb128 0x29
 795 0383 9C000000 		.4byte	0x9c
ARM GAS  C:\Users\kbuchi\AppData\Local\Temp\ccNr7R9E.s 			page 22


 796 0387 00       		.byte	0
 797 0388 00       		.byte	0
 798              		.section	.debug_abbrev,"",%progbits
 799              	.Ldebug_abbrev0:
 800 0000 01       		.uleb128 0x1
 801 0001 11       		.uleb128 0x11
 802 0002 01       		.byte	0x1
 803 0003 25       		.uleb128 0x25
 804 0004 0E       		.uleb128 0xe
 805 0005 13       		.uleb128 0x13
 806 0006 0B       		.uleb128 0xb
 807 0007 03       		.uleb128 0x3
 808 0008 0E       		.uleb128 0xe
 809 0009 1B       		.uleb128 0x1b
 810 000a 0E       		.uleb128 0xe
 811 000b 55       		.uleb128 0x55
 812 000c 17       		.uleb128 0x17
 813 000d 11       		.uleb128 0x11
 814 000e 01       		.uleb128 0x1
 815 000f 10       		.uleb128 0x10
 816 0010 17       		.uleb128 0x17
 817 0011 00       		.byte	0
 818 0012 00       		.byte	0
 819 0013 02       		.uleb128 0x2
 820 0014 24       		.uleb128 0x24
 821 0015 00       		.byte	0
 822 0016 0B       		.uleb128 0xb
 823 0017 0B       		.uleb128 0xb
 824 0018 3E       		.uleb128 0x3e
 825 0019 0B       		.uleb128 0xb
 826 001a 03       		.uleb128 0x3
 827 001b 08       		.uleb128 0x8
 828 001c 00       		.byte	0
 829 001d 00       		.byte	0
 830 001e 03       		.uleb128 0x3
 831 001f 16       		.uleb128 0x16
 832 0020 00       		.byte	0
 833 0021 03       		.uleb128 0x3
 834 0022 0E       		.uleb128 0xe
 835 0023 3A       		.uleb128 0x3a
 836 0024 0B       		.uleb128 0xb
 837 0025 3B       		.uleb128 0x3b
 838 0026 0B       		.uleb128 0xb
 839 0027 49       		.uleb128 0x49
 840 0028 13       		.uleb128 0x13
 841 0029 00       		.byte	0
 842 002a 00       		.byte	0
 843 002b 04       		.uleb128 0x4
 844 002c 24       		.uleb128 0x24
 845 002d 00       		.byte	0
 846 002e 0B       		.uleb128 0xb
 847 002f 0B       		.uleb128 0xb
 848 0030 3E       		.uleb128 0x3e
 849 0031 0B       		.uleb128 0xb
 850 0032 03       		.uleb128 0x3
 851 0033 0E       		.uleb128 0xe
 852 0034 00       		.byte	0
ARM GAS  C:\Users\kbuchi\AppData\Local\Temp\ccNr7R9E.s 			page 23


 853 0035 00       		.byte	0
 854 0036 05       		.uleb128 0x5
 855 0037 0F       		.uleb128 0xf
 856 0038 00       		.byte	0
 857 0039 0B       		.uleb128 0xb
 858 003a 0B       		.uleb128 0xb
 859 003b 00       		.byte	0
 860 003c 00       		.byte	0
 861 003d 06       		.uleb128 0x6
 862 003e 16       		.uleb128 0x16
 863 003f 00       		.byte	0
 864 0040 03       		.uleb128 0x3
 865 0041 0E       		.uleb128 0xe
 866 0042 3A       		.uleb128 0x3a
 867 0043 0B       		.uleb128 0xb
 868 0044 3B       		.uleb128 0x3b
 869 0045 05       		.uleb128 0x5
 870 0046 49       		.uleb128 0x49
 871 0047 13       		.uleb128 0x13
 872 0048 00       		.byte	0
 873 0049 00       		.byte	0
 874 004a 07       		.uleb128 0x7
 875 004b 35       		.uleb128 0x35
 876 004c 00       		.byte	0
 877 004d 49       		.uleb128 0x49
 878 004e 13       		.uleb128 0x13
 879 004f 00       		.byte	0
 880 0050 00       		.byte	0
 881 0051 08       		.uleb128 0x8
 882 0052 13       		.uleb128 0x13
 883 0053 01       		.byte	0x1
 884 0054 0B       		.uleb128 0xb
 885 0055 0B       		.uleb128 0xb
 886 0056 3A       		.uleb128 0x3a
 887 0057 0B       		.uleb128 0xb
 888 0058 3B       		.uleb128 0x3b
 889 0059 0B       		.uleb128 0xb
 890 005a 01       		.uleb128 0x1
 891 005b 13       		.uleb128 0x13
 892 005c 00       		.byte	0
 893 005d 00       		.byte	0
 894 005e 09       		.uleb128 0x9
 895 005f 0D       		.uleb128 0xd
 896 0060 00       		.byte	0
 897 0061 03       		.uleb128 0x3
 898 0062 0E       		.uleb128 0xe
 899 0063 3A       		.uleb128 0x3a
 900 0064 0B       		.uleb128 0xb
 901 0065 3B       		.uleb128 0x3b
 902 0066 0B       		.uleb128 0xb
 903 0067 49       		.uleb128 0x49
 904 0068 13       		.uleb128 0x13
 905 0069 38       		.uleb128 0x38
 906 006a 0B       		.uleb128 0xb
 907 006b 00       		.byte	0
 908 006c 00       		.byte	0
 909 006d 0A       		.uleb128 0xa
ARM GAS  C:\Users\kbuchi\AppData\Local\Temp\ccNr7R9E.s 			page 24


 910 006e 2E       		.uleb128 0x2e
 911 006f 00       		.byte	0
 912 0070 03       		.uleb128 0x3
 913 0071 0E       		.uleb128 0xe
 914 0072 3A       		.uleb128 0x3a
 915 0073 0B       		.uleb128 0xb
 916 0074 3B       		.uleb128 0x3b
 917 0075 0B       		.uleb128 0xb
 918 0076 27       		.uleb128 0x27
 919 0077 19       		.uleb128 0x19
 920 0078 20       		.uleb128 0x20
 921 0079 0B       		.uleb128 0xb
 922 007a 00       		.byte	0
 923 007b 00       		.byte	0
 924 007c 0B       		.uleb128 0xb
 925 007d 2E       		.uleb128 0x2e
 926 007e 01       		.byte	0x1
 927 007f 03       		.uleb128 0x3
 928 0080 0E       		.uleb128 0xe
 929 0081 3A       		.uleb128 0x3a
 930 0082 0B       		.uleb128 0xb
 931 0083 3B       		.uleb128 0x3b
 932 0084 0B       		.uleb128 0xb
 933 0085 27       		.uleb128 0x27
 934 0086 19       		.uleb128 0x19
 935 0087 20       		.uleb128 0x20
 936 0088 0B       		.uleb128 0xb
 937 0089 01       		.uleb128 0x1
 938 008a 13       		.uleb128 0x13
 939 008b 00       		.byte	0
 940 008c 00       		.byte	0
 941 008d 0C       		.uleb128 0xc
 942 008e 05       		.uleb128 0x5
 943 008f 00       		.byte	0
 944 0090 03       		.uleb128 0x3
 945 0091 0E       		.uleb128 0xe
 946 0092 3A       		.uleb128 0x3a
 947 0093 0B       		.uleb128 0xb
 948 0094 3B       		.uleb128 0x3b
 949 0095 0B       		.uleb128 0xb
 950 0096 49       		.uleb128 0x49
 951 0097 13       		.uleb128 0x13
 952 0098 00       		.byte	0
 953 0099 00       		.byte	0
 954 009a 0D       		.uleb128 0xd
 955 009b 34       		.uleb128 0x34
 956 009c 00       		.byte	0
 957 009d 03       		.uleb128 0x3
 958 009e 08       		.uleb128 0x8
 959 009f 3A       		.uleb128 0x3a
 960 00a0 0B       		.uleb128 0xb
 961 00a1 3B       		.uleb128 0x3b
 962 00a2 0B       		.uleb128 0xb
 963 00a3 49       		.uleb128 0x49
 964 00a4 13       		.uleb128 0x13
 965 00a5 00       		.byte	0
 966 00a6 00       		.byte	0
ARM GAS  C:\Users\kbuchi\AppData\Local\Temp\ccNr7R9E.s 			page 25


 967 00a7 0E       		.uleb128 0xe
 968 00a8 0B       		.uleb128 0xb
 969 00a9 01       		.byte	0x1
 970 00aa 00       		.byte	0
 971 00ab 00       		.byte	0
 972 00ac 0F       		.uleb128 0xf
 973 00ad 34       		.uleb128 0x34
 974 00ae 00       		.byte	0
 975 00af 03       		.uleb128 0x3
 976 00b0 0E       		.uleb128 0xe
 977 00b1 3A       		.uleb128 0x3a
 978 00b2 0B       		.uleb128 0xb
 979 00b3 3B       		.uleb128 0x3b
 980 00b4 0B       		.uleb128 0xb
 981 00b5 49       		.uleb128 0x49
 982 00b6 13       		.uleb128 0x13
 983 00b7 00       		.byte	0
 984 00b8 00       		.byte	0
 985 00b9 10       		.uleb128 0x10
 986 00ba 0F       		.uleb128 0xf
 987 00bb 00       		.byte	0
 988 00bc 0B       		.uleb128 0xb
 989 00bd 0B       		.uleb128 0xb
 990 00be 49       		.uleb128 0x49
 991 00bf 13       		.uleb128 0x13
 992 00c0 00       		.byte	0
 993 00c1 00       		.byte	0
 994 00c2 11       		.uleb128 0x11
 995 00c3 26       		.uleb128 0x26
 996 00c4 00       		.byte	0
 997 00c5 49       		.uleb128 0x49
 998 00c6 13       		.uleb128 0x13
 999 00c7 00       		.byte	0
 1000 00c8 00       		.byte	0
 1001 00c9 12       		.uleb128 0x12
 1002 00ca 05       		.uleb128 0x5
 1003 00cb 00       		.byte	0
 1004 00cc 03       		.uleb128 0x3
 1005 00cd 08       		.uleb128 0x8
 1006 00ce 3A       		.uleb128 0x3a
 1007 00cf 0B       		.uleb128 0xb
 1008 00d0 3B       		.uleb128 0x3b
 1009 00d1 0B       		.uleb128 0xb
 1010 00d2 49       		.uleb128 0x49
 1011 00d3 13       		.uleb128 0x13
 1012 00d4 00       		.byte	0
 1013 00d5 00       		.byte	0
 1014 00d6 13       		.uleb128 0x13
 1015 00d7 2E       		.uleb128 0x2e
 1016 00d8 01       		.byte	0x1
 1017 00d9 3F       		.uleb128 0x3f
 1018 00da 19       		.uleb128 0x19
 1019 00db 03       		.uleb128 0x3
 1020 00dc 0E       		.uleb128 0xe
 1021 00dd 3A       		.uleb128 0x3a
 1022 00de 0B       		.uleb128 0xb
 1023 00df 3B       		.uleb128 0x3b
ARM GAS  C:\Users\kbuchi\AppData\Local\Temp\ccNr7R9E.s 			page 26


 1024 00e0 05       		.uleb128 0x5
 1025 00e1 27       		.uleb128 0x27
 1026 00e2 19       		.uleb128 0x19
 1027 00e3 11       		.uleb128 0x11
 1028 00e4 01       		.uleb128 0x1
 1029 00e5 12       		.uleb128 0x12
 1030 00e6 06       		.uleb128 0x6
 1031 00e7 40       		.uleb128 0x40
 1032 00e8 18       		.uleb128 0x18
 1033 00e9 9742     		.uleb128 0x2117
 1034 00eb 19       		.uleb128 0x19
 1035 00ec 01       		.uleb128 0x1
 1036 00ed 13       		.uleb128 0x13
 1037 00ee 00       		.byte	0
 1038 00ef 00       		.byte	0
 1039 00f0 14       		.uleb128 0x14
 1040 00f1 0B       		.uleb128 0xb
 1041 00f2 01       		.byte	0x1
 1042 00f3 55       		.uleb128 0x55
 1043 00f4 17       		.uleb128 0x17
 1044 00f5 01       		.uleb128 0x1
 1045 00f6 13       		.uleb128 0x13
 1046 00f7 00       		.byte	0
 1047 00f8 00       		.byte	0
 1048 00f9 15       		.uleb128 0x15
 1049 00fa 34       		.uleb128 0x34
 1050 00fb 00       		.byte	0
 1051 00fc 03       		.uleb128 0x3
 1052 00fd 0E       		.uleb128 0xe
 1053 00fe 3A       		.uleb128 0x3a
 1054 00ff 0B       		.uleb128 0xb
 1055 0100 3B       		.uleb128 0x3b
 1056 0101 05       		.uleb128 0x5
 1057 0102 49       		.uleb128 0x49
 1058 0103 13       		.uleb128 0x13
 1059 0104 02       		.uleb128 0x2
 1060 0105 18       		.uleb128 0x18
 1061 0106 00       		.byte	0
 1062 0107 00       		.byte	0
 1063 0108 16       		.uleb128 0x16
 1064 0109 13       		.uleb128 0x13
 1065 010a 01       		.byte	0x1
 1066 010b 0B       		.uleb128 0xb
 1067 010c 0B       		.uleb128 0xb
 1068 010d 3A       		.uleb128 0x3a
 1069 010e 0B       		.uleb128 0xb
 1070 010f 3B       		.uleb128 0x3b
 1071 0110 05       		.uleb128 0x5
 1072 0111 01       		.uleb128 0x1
 1073 0112 13       		.uleb128 0x13
 1074 0113 00       		.byte	0
 1075 0114 00       		.byte	0
 1076 0115 17       		.uleb128 0x17
 1077 0116 0D       		.uleb128 0xd
 1078 0117 00       		.byte	0
 1079 0118 03       		.uleb128 0x3
 1080 0119 0E       		.uleb128 0xe
ARM GAS  C:\Users\kbuchi\AppData\Local\Temp\ccNr7R9E.s 			page 27


 1081 011a 3A       		.uleb128 0x3a
 1082 011b 0B       		.uleb128 0xb
 1083 011c 3B       		.uleb128 0x3b
 1084 011d 05       		.uleb128 0x5
 1085 011e 49       		.uleb128 0x49
 1086 011f 13       		.uleb128 0x13
 1087 0120 38       		.uleb128 0x38
 1088 0121 0B       		.uleb128 0xb
 1089 0122 00       		.byte	0
 1090 0123 00       		.byte	0
 1091 0124 18       		.uleb128 0x18
 1092 0125 01       		.uleb128 0x1
 1093 0126 01       		.byte	0x1
 1094 0127 49       		.uleb128 0x49
 1095 0128 13       		.uleb128 0x13
 1096 0129 01       		.uleb128 0x1
 1097 012a 13       		.uleb128 0x13
 1098 012b 00       		.byte	0
 1099 012c 00       		.byte	0
 1100 012d 19       		.uleb128 0x19
 1101 012e 21       		.uleb128 0x21
 1102 012f 00       		.byte	0
 1103 0130 49       		.uleb128 0x49
 1104 0131 13       		.uleb128 0x13
 1105 0132 2F       		.uleb128 0x2f
 1106 0133 0B       		.uleb128 0xb
 1107 0134 00       		.byte	0
 1108 0135 00       		.byte	0
 1109 0136 1A       		.uleb128 0x1a
 1110 0137 34       		.uleb128 0x34
 1111 0138 00       		.byte	0
 1112 0139 03       		.uleb128 0x3
 1113 013a 0E       		.uleb128 0xe
 1114 013b 3A       		.uleb128 0x3a
 1115 013c 0B       		.uleb128 0xb
 1116 013d 3B       		.uleb128 0x3b
 1117 013e 05       		.uleb128 0x5
 1118 013f 49       		.uleb128 0x49
 1119 0140 13       		.uleb128 0x13
 1120 0141 00       		.byte	0
 1121 0142 00       		.byte	0
 1122 0143 1B       		.uleb128 0x1b
 1123 0144 34       		.uleb128 0x34
 1124 0145 00       		.byte	0
 1125 0146 03       		.uleb128 0x3
 1126 0147 08       		.uleb128 0x8
 1127 0148 3A       		.uleb128 0x3a
 1128 0149 0B       		.uleb128 0xb
 1129 014a 3B       		.uleb128 0x3b
 1130 014b 05       		.uleb128 0x5
 1131 014c 49       		.uleb128 0x49
 1132 014d 13       		.uleb128 0x13
 1133 014e 02       		.uleb128 0x2
 1134 014f 17       		.uleb128 0x17
 1135 0150 00       		.byte	0
 1136 0151 00       		.byte	0
 1137 0152 1C       		.uleb128 0x1c
ARM GAS  C:\Users\kbuchi\AppData\Local\Temp\ccNr7R9E.s 			page 28


 1138 0153 0B       		.uleb128 0xb
 1139 0154 01       		.byte	0x1
 1140 0155 11       		.uleb128 0x11
 1141 0156 01       		.uleb128 0x1
 1142 0157 12       		.uleb128 0x12
 1143 0158 06       		.uleb128 0x6
 1144 0159 01       		.uleb128 0x1
 1145 015a 13       		.uleb128 0x13
 1146 015b 00       		.byte	0
 1147 015c 00       		.byte	0
 1148 015d 1D       		.uleb128 0x1d
 1149 015e 34       		.uleb128 0x34
 1150 015f 00       		.byte	0
 1151 0160 03       		.uleb128 0x3
 1152 0161 08       		.uleb128 0x8
 1153 0162 3A       		.uleb128 0x3a
 1154 0163 0B       		.uleb128 0xb
 1155 0164 3B       		.uleb128 0x3b
 1156 0165 05       		.uleb128 0x5
 1157 0166 49       		.uleb128 0x49
 1158 0167 13       		.uleb128 0x13
 1159 0168 00       		.byte	0
 1160 0169 00       		.byte	0
 1161 016a 1E       		.uleb128 0x1e
 1162 016b 1D       		.uleb128 0x1d
 1163 016c 01       		.byte	0x1
 1164 016d 31       		.uleb128 0x31
 1165 016e 13       		.uleb128 0x13
 1166 016f 11       		.uleb128 0x11
 1167 0170 01       		.uleb128 0x1
 1168 0171 12       		.uleb128 0x12
 1169 0172 06       		.uleb128 0x6
 1170 0173 58       		.uleb128 0x58
 1171 0174 0B       		.uleb128 0xb
 1172 0175 59       		.uleb128 0x59
 1173 0176 05       		.uleb128 0x5
 1174 0177 00       		.byte	0
 1175 0178 00       		.byte	0
 1176 0179 1F       		.uleb128 0x1f
 1177 017a 05       		.uleb128 0x5
 1178 017b 00       		.byte	0
 1179 017c 31       		.uleb128 0x31
 1180 017d 13       		.uleb128 0x13
 1181 017e 1C       		.uleb128 0x1c
 1182 017f 05       		.uleb128 0x5
 1183 0180 00       		.byte	0
 1184 0181 00       		.byte	0
 1185 0182 20       		.uleb128 0x20
 1186 0183 05       		.uleb128 0x5
 1187 0184 00       		.byte	0
 1188 0185 31       		.uleb128 0x31
 1189 0186 13       		.uleb128 0x13
 1190 0187 02       		.uleb128 0x2
 1191 0188 17       		.uleb128 0x17
 1192 0189 00       		.byte	0
 1193 018a 00       		.byte	0
 1194 018b 21       		.uleb128 0x21
ARM GAS  C:\Users\kbuchi\AppData\Local\Temp\ccNr7R9E.s 			page 29


 1195 018c 898201   		.uleb128 0x4109
 1196 018f 01       		.byte	0x1
 1197 0190 11       		.uleb128 0x11
 1198 0191 01       		.uleb128 0x1
 1199 0192 31       		.uleb128 0x31
 1200 0193 13       		.uleb128 0x13
 1201 0194 01       		.uleb128 0x1
 1202 0195 13       		.uleb128 0x13
 1203 0196 00       		.byte	0
 1204 0197 00       		.byte	0
 1205 0198 22       		.uleb128 0x22
 1206 0199 8A8201   		.uleb128 0x410a
 1207 019c 00       		.byte	0
 1208 019d 02       		.uleb128 0x2
 1209 019e 18       		.uleb128 0x18
 1210 019f 9142     		.uleb128 0x2111
 1211 01a1 18       		.uleb128 0x18
 1212 01a2 00       		.byte	0
 1213 01a3 00       		.byte	0
 1214 01a4 23       		.uleb128 0x23
 1215 01a5 898201   		.uleb128 0x4109
 1216 01a8 01       		.byte	0x1
 1217 01a9 11       		.uleb128 0x11
 1218 01aa 01       		.uleb128 0x1
 1219 01ab 31       		.uleb128 0x31
 1220 01ac 13       		.uleb128 0x13
 1221 01ad 00       		.byte	0
 1222 01ae 00       		.byte	0
 1223 01af 24       		.uleb128 0x24
 1224 01b0 05       		.uleb128 0x5
 1225 01b1 00       		.byte	0
 1226 01b2 31       		.uleb128 0x31
 1227 01b3 13       		.uleb128 0x13
 1228 01b4 00       		.byte	0
 1229 01b5 00       		.byte	0
 1230 01b6 25       		.uleb128 0x25
 1231 01b7 0B       		.uleb128 0xb
 1232 01b8 01       		.byte	0x1
 1233 01b9 11       		.uleb128 0x11
 1234 01ba 01       		.uleb128 0x1
 1235 01bb 12       		.uleb128 0x12
 1236 01bc 06       		.uleb128 0x6
 1237 01bd 00       		.byte	0
 1238 01be 00       		.byte	0
 1239 01bf 26       		.uleb128 0x26
 1240 01c0 34       		.uleb128 0x34
 1241 01c1 00       		.byte	0
 1242 01c2 31       		.uleb128 0x31
 1243 01c3 13       		.uleb128 0x13
 1244 01c4 02       		.uleb128 0x2
 1245 01c5 17       		.uleb128 0x17
 1246 01c6 00       		.byte	0
 1247 01c7 00       		.byte	0
 1248 01c8 27       		.uleb128 0x27
 1249 01c9 1D       		.uleb128 0x1d
 1250 01ca 01       		.byte	0x1
 1251 01cb 31       		.uleb128 0x31
ARM GAS  C:\Users\kbuchi\AppData\Local\Temp\ccNr7R9E.s 			page 30


 1252 01cc 13       		.uleb128 0x13
 1253 01cd 52       		.uleb128 0x52
 1254 01ce 01       		.uleb128 0x1
 1255 01cf 55       		.uleb128 0x55
 1256 01d0 17       		.uleb128 0x17
 1257 01d1 58       		.uleb128 0x58
 1258 01d2 0B       		.uleb128 0xb
 1259 01d3 59       		.uleb128 0x59
 1260 01d4 05       		.uleb128 0x5
 1261 01d5 00       		.byte	0
 1262 01d6 00       		.byte	0
 1263 01d7 28       		.uleb128 0x28
 1264 01d8 2E       		.uleb128 0x2e
 1265 01d9 01       		.byte	0x1
 1266 01da 3F       		.uleb128 0x3f
 1267 01db 19       		.uleb128 0x19
 1268 01dc 03       		.uleb128 0x3
 1269 01dd 0E       		.uleb128 0xe
 1270 01de 27       		.uleb128 0x27
 1271 01df 19       		.uleb128 0x19
 1272 01e0 49       		.uleb128 0x49
 1273 01e1 13       		.uleb128 0x13
 1274 01e2 34       		.uleb128 0x34
 1275 01e3 19       		.uleb128 0x19
 1276 01e4 3C       		.uleb128 0x3c
 1277 01e5 19       		.uleb128 0x19
 1278 01e6 01       		.uleb128 0x1
 1279 01e7 13       		.uleb128 0x13
 1280 01e8 00       		.byte	0
 1281 01e9 00       		.byte	0
 1282 01ea 29       		.uleb128 0x29
 1283 01eb 05       		.uleb128 0x5
 1284 01ec 00       		.byte	0
 1285 01ed 49       		.uleb128 0x49
 1286 01ee 13       		.uleb128 0x13
 1287 01ef 00       		.byte	0
 1288 01f0 00       		.byte	0
 1289 01f1 2A       		.uleb128 0x2a
 1290 01f2 2E       		.uleb128 0x2e
 1291 01f3 01       		.byte	0x1
 1292 01f4 3F       		.uleb128 0x3f
 1293 01f5 19       		.uleb128 0x19
 1294 01f6 03       		.uleb128 0x3
 1295 01f7 0E       		.uleb128 0xe
 1296 01f8 3A       		.uleb128 0x3a
 1297 01f9 0B       		.uleb128 0xb
 1298 01fa 3B       		.uleb128 0x3b
 1299 01fb 0B       		.uleb128 0xb
 1300 01fc 27       		.uleb128 0x27
 1301 01fd 19       		.uleb128 0x19
 1302 01fe 3C       		.uleb128 0x3c
 1303 01ff 19       		.uleb128 0x19
 1304 0200 00       		.byte	0
 1305 0201 00       		.byte	0
 1306 0202 00       		.byte	0
 1307              		.section	.debug_loc,"",%progbits
 1308              	.Ldebug_loc0:
ARM GAS  C:\Users\kbuchi\AppData\Local\Temp\ccNr7R9E.s 			page 31


 1309              	.LLST0:
 1310 0000 04000000 		.4byte	.LVL0
 1311 0004 10000000 		.4byte	.LVL1
 1312 0008 0200     		.2byte	0x2
 1313 000a 30       		.byte	0x30
 1314 000b 9F       		.byte	0x9f
 1315 000c 10000000 		.4byte	.LVL1
 1316 0010 1E000000 		.4byte	.LVL2
 1317 0014 0200     		.2byte	0x2
 1318 0016 31       		.byte	0x31
 1319 0017 9F       		.byte	0x9f
 1320 0018 1E000000 		.4byte	.LVL2
 1321 001c A4010000 		.4byte	.LFE6
 1322 0020 0200     		.2byte	0x2
 1323 0022 32       		.byte	0x32
 1324 0023 9F       		.byte	0x9f
 1325 0024 00000000 		.4byte	0
 1326 0028 00000000 		.4byte	0
 1327              	.LLST2:
 1328 002c 04000000 		.4byte	.LVL0
 1329 0030 10000000 		.4byte	.LVL1
 1330 0034 0600     		.2byte	0x6
 1331 0036 0C       		.byte	0xc
 1332 0037 00300F40 		.4byte	0x400f3000
 1333 003b 9F       		.byte	0x9f
 1334 003c 10000000 		.4byte	.LVL1
 1335 0040 A4010000 		.4byte	.LFE6
 1336 0044 0600     		.2byte	0x6
 1337 0046 0C       		.byte	0xc
 1338 0047 00400F40 		.4byte	0x400f4000
 1339 004b 9F       		.byte	0x9f
 1340 004c 00000000 		.4byte	0
 1341 0050 00000000 		.4byte	0
 1342              	.LLST3:
 1343 0054 1E000000 		.4byte	.LVL2
 1344 0058 20000000 		.4byte	.LVL3
 1345 005c 0200     		.2byte	0x2
 1346 005e 30       		.byte	0x30
 1347 005f 9F       		.byte	0x9f
 1348 0060 00000000 		.4byte	0
 1349 0064 00000000 		.4byte	0
 1350              	.LLST4:
 1351 0068 1E000000 		.4byte	.LVL2
 1352 006c 20000000 		.4byte	.LVL3
 1353 0070 0200     		.2byte	0x2
 1354 0072 30       		.byte	0x30
 1355 0073 9F       		.byte	0x9f
 1356 0074 20000000 		.4byte	.LVL3
 1357 0078 36000000 		.4byte	.LVL7
 1358 007c 0100     		.2byte	0x1
 1359 007e 52       		.byte	0x52
 1360 007f 36000000 		.4byte	.LVL7
 1361 0083 4E000000 		.4byte	.LVL8
 1362 0087 0600     		.2byte	0x6
 1363 0089 72       		.byte	0x72
 1364 008a 00       		.sleb128 0
 1365 008b 73       		.byte	0x73
ARM GAS  C:\Users\kbuchi\AppData\Local\Temp\ccNr7R9E.s 			page 32


 1366 008c 00       		.sleb128 0
 1367 008d 22       		.byte	0x22
 1368 008e 9F       		.byte	0x9f
 1369 008f 4E000000 		.4byte	.LVL8
 1370 0093 50000000 		.4byte	.LVL9
 1371 0097 0800     		.2byte	0x8
 1372 0099 72       		.byte	0x72
 1373 009a 00       		.sleb128 0
 1374 009b 73       		.byte	0x73
 1375 009c 00       		.sleb128 0
 1376 009d 22       		.byte	0x22
 1377 009e 23       		.byte	0x23
 1378 009f 01       		.uleb128 0x1
 1379 00a0 9F       		.byte	0x9f
 1380 00a1 50000000 		.4byte	.LVL9
 1381 00a5 58000000 		.4byte	.LVL13
 1382 00a9 0600     		.2byte	0x6
 1383 00ab 72       		.byte	0x72
 1384 00ac 00       		.sleb128 0
 1385 00ad 73       		.byte	0x73
 1386 00ae 00       		.sleb128 0
 1387 00af 22       		.byte	0x22
 1388 00b0 9F       		.byte	0x9f
 1389 00b1 58000000 		.4byte	.LVL13
 1390 00b5 60000000 		.4byte	.LVL15
 1391 00b9 0100     		.2byte	0x1
 1392 00bb 52       		.byte	0x52
 1393 00bc 00000000 		.4byte	0
 1394 00c0 00000000 		.4byte	0
 1395              	.LLST5:
 1396 00c4 24000000 		.4byte	.LVL4
 1397 00c8 30000000 		.4byte	.LVL6
 1398 00cc 0100     		.2byte	0x1
 1399 00ce 51       		.byte	0x51
 1400 00cf 30000000 		.4byte	.LVL6
 1401 00d3 74000000 		.4byte	.LVL16
 1402 00d7 0100     		.2byte	0x1
 1403 00d9 57       		.byte	0x57
 1404 00da 74000000 		.4byte	.LVL16
 1405 00de 1A010000 		.4byte	.LVL18
 1406 00e2 0E00     		.2byte	0xe
 1407 00e4 74       		.byte	0x74
 1408 00e5 00       		.sleb128 0
 1409 00e6 03       		.byte	0x3
 1410 00e7 FCFFFFFF 		.4byte	.LANCHOR0-4
 1411 00eb 22       		.byte	0x22
 1412 00ec 06       		.byte	0x6
 1413 00ed 0B       		.byte	0xb
 1414 00ee 00FF     		.2byte	0xff00
 1415 00f0 1A       		.byte	0x1a
 1416 00f1 9F       		.byte	0x9f
 1417 00f2 00000000 		.4byte	0
 1418 00f6 00000000 		.4byte	0
 1419              	.LLST6:
 1420 00fa 2A000000 		.4byte	.LVL5
 1421 00fe 36000000 		.4byte	.LVL7
 1422 0102 0200     		.2byte	0x2
ARM GAS  C:\Users\kbuchi\AppData\Local\Temp\ccNr7R9E.s 			page 33


 1423 0104 7D       		.byte	0x7d
 1424 0105 04       		.sleb128 4
 1425 0106 36000000 		.4byte	.LVL7
 1426 010a 4E000000 		.4byte	.LVL8
 1427 010e 0600     		.2byte	0x6
 1428 0110 71       		.byte	0x71
 1429 0111 00       		.sleb128 0
 1430 0112 73       		.byte	0x73
 1431 0113 00       		.sleb128 0
 1432 0114 1C       		.byte	0x1c
 1433 0115 9F       		.byte	0x9f
 1434 0116 4E000000 		.4byte	.LVL8
 1435 011a 50000000 		.4byte	.LVL9
 1436 011e 0700     		.2byte	0x7
 1437 0120 73       		.byte	0x73
 1438 0121 00       		.sleb128 0
 1439 0122 20       		.byte	0x20
 1440 0123 71       		.byte	0x71
 1441 0124 00       		.sleb128 0
 1442 0125 22       		.byte	0x22
 1443 0126 9F       		.byte	0x9f
 1444 0127 50000000 		.4byte	.LVL9
 1445 012b 52000000 		.4byte	.LVL10
 1446 012f 0700     		.2byte	0x7
 1447 0131 73       		.byte	0x73
 1448 0132 7F       		.sleb128 -1
 1449 0133 20       		.byte	0x20
 1450 0134 71       		.byte	0x71
 1451 0135 00       		.sleb128 0
 1452 0136 22       		.byte	0x22
 1453 0137 9F       		.byte	0x9f
 1454 0138 52000000 		.4byte	.LVL10
 1455 013c 54000000 		.4byte	.LVL11
 1456 0140 0600     		.2byte	0x6
 1457 0142 71       		.byte	0x71
 1458 0143 00       		.sleb128 0
 1459 0144 73       		.byte	0x73
 1460 0145 00       		.sleb128 0
 1461 0146 1C       		.byte	0x1c
 1462 0147 9F       		.byte	0x9f
 1463 0148 54000000 		.4byte	.LVL11
 1464 014c 56000000 		.4byte	.LVL12
 1465 0150 0E00     		.2byte	0xe
 1466 0152 74       		.byte	0x74
 1467 0153 00       		.sleb128 0
 1468 0154 03       		.byte	0x3
 1469 0155 00000000 		.4byte	.LANCHOR0
 1470 0159 22       		.byte	0x22
 1471 015a 94       		.byte	0x94
 1472 015b 01       		.byte	0x1
 1473 015c 73       		.byte	0x73
 1474 015d 00       		.sleb128 0
 1475 015e 1C       		.byte	0x1c
 1476 015f 9F       		.byte	0x9f
 1477 0160 56000000 		.4byte	.LVL12
 1478 0164 5E000000 		.4byte	.LVL14
 1479 0168 0E00     		.2byte	0xe
ARM GAS  C:\Users\kbuchi\AppData\Local\Temp\ccNr7R9E.s 			page 34


 1480 016a 74       		.byte	0x74
 1481 016b 00       		.sleb128 0
 1482 016c 03       		.byte	0x3
 1483 016d FCFFFFFF 		.4byte	.LANCHOR0-4
 1484 0171 22       		.byte	0x22
 1485 0172 94       		.byte	0x94
 1486 0173 01       		.byte	0x1
 1487 0174 73       		.byte	0x73
 1488 0175 00       		.sleb128 0
 1489 0176 1C       		.byte	0x1c
 1490 0177 9F       		.byte	0x9f
 1491 0178 00000000 		.4byte	0
 1492 017c 00000000 		.4byte	0
 1493              		.section	.debug_aranges,"",%progbits
 1494 0000 1C000000 		.4byte	0x1c
 1495 0004 0200     		.2byte	0x2
 1496 0006 00000000 		.4byte	.Ldebug_info0
 1497 000a 04       		.byte	0x4
 1498 000b 00       		.byte	0
 1499 000c 0000     		.2byte	0
 1500 000e 0000     		.2byte	0
 1501 0010 00000000 		.4byte	.LFB6
 1502 0014 A4010000 		.4byte	.LFE6-.LFB6
 1503 0018 00000000 		.4byte	0
 1504 001c 00000000 		.4byte	0
 1505              		.section	.debug_ranges,"",%progbits
 1506              	.Ldebug_ranges0:
 1507 0000 04000000 		.4byte	.LBB16
 1508 0004 86000000 		.4byte	.LBE16
 1509 0008 86000000 		.4byte	.LBB23
 1510 000c B4000000 		.4byte	.LBE23
 1511 0010 00000000 		.4byte	0
 1512 0014 00000000 		.4byte	0
 1513 0018 D6000000 		.4byte	.LBB24
 1514 001c D8000000 		.4byte	.LBE24
 1515 0020 DC000000 		.4byte	.LBB28
 1516 0024 DE000000 		.4byte	.LBE28
 1517 0028 E0000000 		.4byte	.LBB29
 1518 002c 1A010000 		.4byte	.LBE29
 1519 0030 00000000 		.4byte	0
 1520 0034 00000000 		.4byte	0
 1521 0038 00000000 		.4byte	.LFB6
 1522 003c A4010000 		.4byte	.LFE6
 1523 0040 00000000 		.4byte	0
 1524 0044 00000000 		.4byte	0
 1525              		.section	.debug_line,"",%progbits
 1526              	.Ldebug_line0:
 1527 0000 4B010000 		.section	.debug_str,"MS",%progbits,1
 1527      0200D800 
 1527      00000201 
 1527      FB0E0D00 
 1527      01010101 
 1528              	.LASF18:
 1529 0000 72656733 		.ascii	"reg32\000"
 1529      3200
 1530              	.LASF11:
 1531 0006 73697A65 		.ascii	"size_t\000"
ARM GAS  C:\Users\kbuchi\AppData\Local\Temp\ccNr7R9E.s 			page 35


 1531      5F7400
 1532              	.LASF28:
 1533 000d 416E616C 		.ascii	"AnalogSetDefault\000"
 1533      6F675365 
 1533      74446566 
 1533      61756C74 
 1533      00
 1534              	.LASF20:
 1535 001e 76616C75 		.ascii	"value\000"
 1535      6500
 1536              	.LASF25:
 1537 0024 636F756E 		.ascii	"count\000"
 1537      7400
 1538              	.LASF29:
 1539 002a 436C6F63 		.ascii	"ClockSetup\000"
 1539      6B536574 
 1539      757000
 1540              	.LASF30:
 1541 0035 63795F63 		.ascii	"cy_cfg_addr_table\000"
 1541      66675F61 
 1541      6464725F 
 1541      7461626C 
 1541      6500
 1542              	.LASF31:
 1543 0047 63795F63 		.ascii	"cy_cfg_data_table\000"
 1543      66675F64 
 1543      6174615F 
 1543      7461626C 
 1543      6500
 1544              	.LASF36:
 1545 0059 474E5520 		.ascii	"GNU C 4.8.4 20140526 (release) [ARM/embedded-4_8-br"
 1545      4320342E 
 1545      382E3420 
 1545      32303134 
 1545      30353236 
 1546 008c 616E6368 		.ascii	"anch revision 211358] -mcpu=cortex-m0 -mthumb -g -O"
 1546      20726576 
 1546      6973696F 
 1546      6E203231 
 1546      31333538 
 1547 00bf 73202D66 		.ascii	"s -ffunction-sections\000"
 1547      66756E63 
 1547      74696F6E 
 1547      2D736563 
 1547      74696F6E 
 1548              	.LASF15:
 1549 00d5 666C6F61 		.ascii	"float\000"
 1549      7400
 1550              	.LASF35:
 1551 00db 6366675F 		.ascii	"cfg_memset_list\000"
 1551      6D656D73 
 1551      65745F6C 
 1551      69737400 
 1552              	.LASF33:
 1553 00eb 73697A65 		.ascii	"size\000"
 1553      00
 1554              	.LASF17:
ARM GAS  C:\Users\kbuchi\AppData\Local\Temp\ccNr7R9E.s 			page 36


 1555 00f0 72656738 		.ascii	"reg8\000"
 1555      00
 1556              	.LASF6:
 1557 00f5 6C6F6E67 		.ascii	"long unsigned int\000"
 1557      20756E73 
 1557      69676E65 
 1557      6420696E 
 1557      7400
 1558              	.LASF12:
 1559 0107 75696E74 		.ascii	"uint8\000"
 1559      3800
 1560              	.LASF27:
 1561 010d 43594D45 		.ascii	"CYMEMZERO\000"
 1561      4D5A4552 
 1561      4F00
 1562              	.LASF2:
 1563 0117 756E7369 		.ascii	"unsigned char\000"
 1563      676E6564 
 1563      20636861 
 1563      7200
 1564              	.LASF40:
 1565 0125 6D656D73 		.ascii	"memset\000"
 1565      657400
 1566              	.LASF16:
 1567 012c 646F7562 		.ascii	"double\000"
 1567      6C6500
 1568              	.LASF26:
 1569 0133 6366675F 		.ascii	"cfg_write_bytes32\000"
 1569      77726974 
 1569      655F6279 
 1569      74657333 
 1569      3200
 1570              	.LASF39:
 1571 0145 63796669 		.ascii	"cyfitter_cfg\000"
 1571      74746572 
 1571      5F636667 
 1571      00
 1572              	.LASF22:
 1573 0152 61646472 		.ascii	"addr_table\000"
 1573      5F746162 
 1573      6C6500
 1574              	.LASF13:
 1575 015d 75696E74 		.ascii	"uint16\000"
 1575      313600
 1576              	.LASF23:
 1577 0164 64617461 		.ascii	"data_table\000"
 1577      5F746162 
 1577      6C6500
 1578              	.LASF14:
 1579 016f 75696E74 		.ascii	"uint32\000"
 1579      333200
 1580              	.LASF0:
 1581 0176 756E7369 		.ascii	"unsigned int\000"
 1581      676E6564 
 1581      20696E74 
 1581      00
 1582              	.LASF32:
ARM GAS  C:\Users\kbuchi\AppData\Local\Temp\ccNr7R9E.s 			page 37


 1583 0183 61646472 		.ascii	"address\000"
 1583      65737300 
 1584              	.LASF8:
 1585 018b 6C6F6E67 		.ascii	"long long unsigned int\000"
 1585      206C6F6E 
 1585      6720756E 
 1585      7369676E 
 1585      65642069 
 1586              	.LASF34:
 1587 01a2 6366675F 		.ascii	"cfg_memset_t\000"
 1587      6D656D73 
 1587      65745F74 
 1587      00
 1588              	.LASF24:
 1589 01af 62617365 		.ascii	"baseAddr\000"
 1589      41646472 
 1589      00
 1590              	.LASF9:
 1591 01b8 73697A65 		.ascii	"sizetype\000"
 1591      74797065 
 1591      00
 1592              	.LASF37:
 1593 01c1 2E5C4765 		.ascii	".\\Generated_Source\\PSoC4\\cyfitter_cfg.c\000"
 1593      6E657261 
 1593      7465645F 
 1593      536F7572 
 1593      63655C50 
 1594              	.LASF7:
 1595 01e9 6C6F6E67 		.ascii	"long long int\000"
 1595      206C6F6E 
 1595      6720696E 
 1595      7400
 1596              	.LASF10:
 1597 01f7 63686172 		.ascii	"char\000"
 1597      00
 1598              	.LASF38:
 1599 01fc 433A5C57 		.ascii	"C:\\WORKS\\WS\\WS_PSoC\\SCB_Bootloader\\UART_Bootlo"
 1599      4F524B53 
 1599      5C57535C 
 1599      57535F50 
 1599      536F435C 
 1600 022a 61646572 		.ascii	"ader.cydsn\000"
 1600      2E637964 
 1600      736E00
 1601              	.LASF21:
 1602 0235 63795F63 		.ascii	"cy_cfg_addrvalue_t\000"
 1602      66675F61 
 1602      64647276 
 1602      616C7565 
 1602      5F7400
 1603              	.LASF19:
 1604 0248 6F666673 		.ascii	"offset\000"
 1604      657400
 1605              	.LASF3:
 1606 024f 73686F72 		.ascii	"short int\000"
 1606      7420696E 
 1606      7400
ARM GAS  C:\Users\kbuchi\AppData\Local\Temp\ccNr7R9E.s 			page 38


 1607              	.LASF41:
 1608 0259 43795379 		.ascii	"CySysClkWriteImoFreq\000"
 1608      73436C6B 
 1608      57726974 
 1608      65496D6F 
 1608      46726571 
 1609              	.LASF5:
 1610 026e 6C6F6E67 		.ascii	"long int\000"
 1610      20696E74 
 1610      00
 1611              	.LASF1:
 1612 0277 7369676E 		.ascii	"signed char\000"
 1612      65642063 
 1612      68617200 
 1613              	.LASF4:
 1614 0283 73686F72 		.ascii	"short unsigned int\000"
 1614      7420756E 
 1614      7369676E 
 1614      65642069 
 1614      6E7400
 1615              		.ident	"GCC: (GNU Tools for ARM Embedded Processors) 4.8.4 20140526 (release) [ARM/embedded-4_8-br
